Log file open, 03/17/17 17:00:37
LogInit:Display: Running engine for game: MyProject2
LogPlatformFile: Not using cached read wrapper
LogInit:Display: RandInit(1525181749) SRandInit(1525181749).
LogTaskGraph: Started task graph with 5 named threads and 8 total threads with 1 sets of task threads.
LogStats: Stats thread started at 0.225416
LogInit: Using libcurl 7.47.1
LogInit:  - built for x86_64-pc-win32
LogInit:  - supports SSL with OpenSSL/1.0.2g
LogInit:  - supports HTTP deflate (compression) using libz 1.2.8
LogInit:  - other features:
LogInit:      CURL_VERSION_SSL
LogInit:      CURL_VERSION_LIBZ
LogInit:      CURL_VERSION_IPV6
LogInit:      CURL_VERSION_ASYNCHDNS
LogInit:      CURL_VERSION_LARGEFILE
LogInit:      CURL_VERSION_IDN
LogInit:  CurlRequestOptions (configurable via config and command line):
LogInit:  - bVerifyPeer = false  - Libcurl will NOT verify peer certificate
LogInit:  - bUseHttpProxy = false  - Libcurl will NOT use HTTP proxy
LogInit:  - bDontReuseConnections = false  - Libcurl will reuse connections
LogInit:  - CertBundlePath = nullptr  - Libcurl will use whatever was configured at build time.
LogInit: Build: ++UE4+Release-4.15-CL-3299760
LogInit: Engine Version: 4.15.0-3299760+++UE4+Release-4.15
LogInit: Compatible Engine Version: 4.15.0-3299760+++UE4+Release-4.15
LogInit: Net CL: 3299760
LogDevObjectVersion: Number of dev versions registered: 14
LogDevObjectVersion:   Dev-Blueprints (B0D832E4-1F89-4F0D-ACCF-7EB736FD4AA2): 8
LogDevObjectVersion:   Dev-Build (E1C64328-A22C-4D53-A36C-8E866417BD8C): 0
LogDevObjectVersion:   Dev-Core (375EC13C-06E4-48FB-B500-84F0262A717E): 2
LogDevObjectVersion:   Dev-Editor (E4B068ED-F494-42E9-A231-DA0B2E46BB41): 14
LogDevObjectVersion:   Dev-Framework (CFFC743F-43B0-4480-9391-14DF171D2073): 22
LogDevObjectVersion:   Dev-Mobile (B02B49B5-BB20-44E9-A304-32B752E40360): 0
LogDevObjectVersion:   Dev-Networking (A4E4105C-59A1-49B5-A7C5-40C4547EDFEE): 0
LogDevObjectVersion:   Dev-Online (39C831C9-5AE6-47DC-9A44-9C173E1C8E7C): 0
LogDevObjectVersion:   Dev-Physics (78F01B33-EBEA-4F98-B9B4-84EACCB95AA2): 0
LogDevObjectVersion:   Dev-Platform (6631380F-2D4D-43E0-8009-CF276956A95A): 0
LogDevObjectVersion:   Dev-Rendering (12F88B9F-8875-4AFC-A67C-D90C383ABD29): 12
LogDevObjectVersion:   Dev-Sequencer (7B5AE74C-D270-4C10-A958-57980B212A5A): 3
LogDevObjectVersion:   Dev-VR (D7296918-1DD6-4BDD-9DE2-64A83CC13884): 0
LogDevObjectVersion:   Dev-LoadTimes (C2A15278-BFE7-4AFE-6C17-90FF531DF755): 1
LogInit: Compiled (64-bit): Feb 14 2017 02:04:14
LogInit: Compiled with Visual C++: 19.00.23026.00
LogInit: Build Configuration: Development
LogInit: Branch Name: ++UE4+Release-4.15
LogInit: Command line:  /Temp/Autosaves/Game/DEMO/MAPS/UEDPCLevel00 -game -PIEVIACONSOLE -ResX=1280 -ResY=720  -Multiprocess -messaging -SessionName="Play in Standalone Game" -windowed 
LogInit: Base directory: A:/Program Files/Epic Games/UE_4.15/Engine/Binaries/Win64/
LogInit: Installed Engine Build: 1
LogInit: Presizing for max 8388607 objects, including 0 objects not considered by GC, pre-allocating 0 bytes for permanent pool.
LogInit: Object subsystem initialized
[2017.03.17-06.30.38:383][  0]LogInit: Selected Device Profile: [Windows]
[2017.03.17-06.30.38:383][  0]LogInit: Applying CVar settings loaded from the selected device profile: [Windows]
[2017.03.17-06.30.38:401][  0]LogInit: Computer: DOTTY
[2017.03.17-06.30.38:401][  0]LogInit: User: Administrator
[2017.03.17-06.30.38:401][  0]LogInit: CPU Page size=65536, Cores=4
[2017.03.17-06.30.38:401][  0]LogInit: High frequency timer resolution =3.215352 MHz
[2017.03.17-06.30.38:401][  0]LogMemory: Memory total: Physical=8.0GB (8GB approx)
[2017.03.17-06.30.38:401][  0]LogMemory: Platform Memory Stats for Windows
[2017.03.17-06.30.38:401][  0]LogMemory: Process Physical Memory: 259.93 MB used, 259.93 MB peak
[2017.03.17-06.30.38:401][  0]LogMemory: Process Virtual Memory: 262.16 MB used, 262.16 MB peak
[2017.03.17-06.30.38:401][  0]LogMemory: Physical Memory: 6731.73 MB used,  1443.39 MB free, 8175.11 MB total
[2017.03.17-06.30.38:401][  0]LogMemory: Virtual Memory: 621.15 MB used,  1443.39 MB free, 134217728.00 MB total
[2017.03.17-06.30.38:784][  0]LogTextLocalizationManager: No specific translations for ('en-US') exist, so ('en') translations will be used.
[2017.03.17-06.30.39:489][  0]LogD3D11RHI: D3D11 adapters:
[2017.03.17-06.30.39:516][  0]LogD3D11RHI:    0. 'NVIDIA GeForce GTX 970' (Feature Level 11_0)
[2017.03.17-06.30.39:516][  0]LogD3D11RHI:       3991/0/4087 MB DedicatedVideo/DedicatedSystem/SharedSystem, Outputs:2, VendorId:0x10de
[2017.03.17-06.30.39:517][  0]LogD3D11RHI:    1. 'Microsoft Basic Render Driver' (Feature Level 11_0)
[2017.03.17-06.30.39:517][  0]LogD3D11RHI:       0/0/256 MB DedicatedVideo/DedicatedSystem/SharedSystem, Outputs:0, VendorId:0x1414
[2017.03.17-06.30.39:517][  0]LogD3D11RHI: Chosen D3D11 Adapter: 0
[2017.03.17-06.30.39:520][  0]LogD3D11RHI: Creating new Direct3DDevice
[2017.03.17-06.30.39:520][  0]LogD3D11RHI:     GPU DeviceId: 0x13c2 (for the marketing name, search the web for "GPU Device Id")
[2017.03.17-06.30.39:520][  0]LogWindows: EnumDisplayDevices:
[2017.03.17-06.30.39:520][  0]LogWindows:    0. 'NVIDIA GeForce GTX 970' (P:1 D:1)
[2017.03.17-06.30.39:520][  0]LogWindows:    1. 'NVIDIA GeForce GTX 970' (P:0 D:1)
[2017.03.17-06.30.39:520][  0]LogWindows:    2. 'NVIDIA GeForce GTX 970' (P:0 D:0)
[2017.03.17-06.30.39:520][  0]LogWindows:    3. 'NVIDIA GeForce GTX 970' (P:0 D:0)
[2017.03.17-06.30.39:520][  0]LogWindows: DebugString: FoundDriverCount:4 
[2017.03.17-06.30.39:520][  0]LogD3D11RHI:     Adapter Name: NVIDIA GeForce GTX 970
[2017.03.17-06.30.39:520][  0]LogD3D11RHI:   Driver Version: 375.86 (internal:21.21.13.7586, unified:375.86)
[2017.03.17-06.30.39:520][  0]LogD3D11RHI:      Driver Date: 11-10-2016
[2017.03.17-06.30.39:520][  0]LogRHI: Texture pool is 1361 MB (70% of 1945 MB)
[2017.03.17-06.30.39:529][  0]LogD3D11RHI: Async texture creation enabled
[2017.03.17-06.30.39:546][  0]LogD3D11RHI: GPU Timing Frequency: 1000.000000 (Debug: 2 2)
[2017.03.17-06.30.39:644][  0]LogShaderCompilers: Guid format shader working directory is -21 characters bigger than the processId version (../../../../../../Users/Administrator/Documents/Unreal Projects/MyProject2/Intermediate/Shaders/WorkingDirectory/11112/).
[2017.03.17-06.30.39:644][  0]LogShaderCompilers: Cleaned the shader compiler working directory 'A:/Users/Administrator/AppData/Local/Temp/UnrealShaderWorkingDir/95BD8F404FC2CAC3D1786BA198B94054/'.
[2017.03.17-06.30.39:644][  0]LogShaderCompilers:Display: Using Local Shader Compiler.
[2017.03.17-06.30.43:377][  0]LogTemp:Display: Loaded TP WindowsClientTargetPlatform
[2017.03.17-06.30.43:425][  0]LogTemp:Display: Loaded TP WindowsNoEditorTargetPlatform
[2017.03.17-06.30.43:470][  0]LogTemp:Display: Loaded TP WindowsServerTargetPlatform
[2017.03.17-06.30.43:511][  0]LogTemp:Display: Loaded TP WindowsTargetPlatform
[2017.03.17-06.30.43:511][  0]LogTargetPlatformManager:Display: Building Assets For Windows
[2017.03.17-06.30.44:382][  0]LogDerivedDataCache:Display: Max Cache Size: 512 MB
[2017.03.17-06.30.45:064][  0]LogDerivedDataCache: Loaded boot cache 0.67s 50MB A:/Users/Administrator/AppData/Local/UnrealEngine/4.15/DerivedDataCache/Boot.ddc.
[2017.03.17-06.30.45:064][  0]LogDerivedDataCache:Display: Loaded Boot cache: A:/Users/Administrator/AppData/Local/UnrealEngine/4.15/DerivedDataCache/Boot.ddc
[2017.03.17-06.30.45:064][  0]LogDerivedDataCache: FDerivedDataBackendGraph:  Pak pak cache file ../../../../../../Users/Administrator/Documents/Unreal Projects/MyProject2/DerivedDataCache/DDC.ddp not found, will not use a pak cache.
[2017.03.17-06.30.45:064][  0]LogDerivedDataCache: Unable to find inner node Pak for hierarchical cache Hierarchy.
[2017.03.17-06.30.45:064][  0]LogDerivedDataCache: FDerivedDataBackendGraph:  CompressedPak pak cache file ../../../../../../Users/Administrator/Documents/Unreal Projects/MyProject2/DerivedDataCache/Compressed.ddp not found, will not use a pak cache.
[2017.03.17-06.30.45:064][  0]LogDerivedDataCache: Unable to find inner node CompressedPak for hierarchical cache Hierarchy.
[2017.03.17-06.30.45:138][  0]LogDerivedDataCache:Display: Pak cache opened for reading ../../../Engine/DerivedDataCache/Compressed.ddp.
[2017.03.17-06.30.45:150][  0]LogDerivedDataCache: Using Local data cache path A:/Users/Administrator/AppData/Local/UnrealEngine/Common/DerivedDataCache: Writable
[2017.03.17-06.30.45:168][  0]LogSlate: Using Freetype 2.6.0
[2017.03.17-06.30.45:227][  0]LogSlate: SlateFontCache - WITH_FREETYPE: 1, WITH_HARFBUZZ: 1
[2017.03.17-06.30.45:227][  0]LogSlate: SlateFontCache - WITH_FREETYPE: 1, WITH_HARFBUZZ: 1
[2017.03.17-06.30.49:152][  0]LogAssetRegistry: FAssetRegistry took 0.0001 seconds to start up
[2017.03.17-06.30.49:157][  0]LogPackageLocalizationCache: Processed 3 localized package path(s) for 2 prioritized culture(s) in 0.005354 seconds
[2017.03.17-06.30.49:189][  0]LogInit: Selected Device Profile: [Windows]
[2017.03.17-06.30.49:194][  0]LogContentStreaming: Texture pool size is 1000.00 MB
[2017.03.17-06.30.49:488][  0]LogMeshUtilities: Using QuadricMeshReduction for automatic static mesh reduction
[2017.03.17-06.30.49:550][  0]LogSimplygon: Simplygon DLL not present - disabling.
[2017.03.17-06.30.49:625][  0]LogMeshUtilities: Using SimplygonSwarm for distributed automatic mesh merging
[2017.03.17-06.30.49:625][  0]LogMeshUtilities: No automatic skeletal mesh reduction module available
[2017.03.17-06.30.49:625][  0]LogMeshUtilities: No automatic mesh merging module available
[2017.03.17-06.30.50:671][  0]LogNetVersion: GetLocalNetworkVersion: CL: 3299760, ProjectName: myproject2, ProjectVersion: , EngineNetworkVersion: 2, GameNetworkVersion: 0, NetworkChecksum: 137606773
[2017.03.17-06.30.50:725][  0]LogInit: WinSock: version 1.1 (2.2), MaxSocks=32767, MaxUdp=65467
[2017.03.17-06.30.52:619][  0]LogMoviePlayer: Initializing movie player
[2017.03.17-06.30.53:247][  0]LogTcpMessaging: Initializing TcpMessaging bridge
[2017.03.17-06.30.53:299][  0]LogUdpMessaging: Initializing bridge on interface 0.0.0.0:0 to multicast group 230.0.0.1:6666.
[2017.03.17-06.30.53:777][  0]SourceControl: Info Source control is disabled
[2017.03.17-06.30.53:777][  0]SourceControl: Info Source control is disabled
[2017.03.17-06.30.53:853][  0]SourceControl: Info Source control is disabled
[2017.03.17-06.30.54:879][  0]LogUObjectArray: 34390 objects as part of root set at end of initial load.
[2017.03.17-06.30.54:879][  0]LogUObjectAllocator: 7635872 out of 0 bytes used by permanent object pool.
[2017.03.17-06.30.54:879][  0]LogUObjectArray: CloseDisregardForGC: 0/0 objects in disregard for GC pool
[2017.03.17-06.30.55:295][  0]LogEngine: Initializing Engine...
[2017.03.17-06.30.55:295][  0]LogHMD: Failed to initialize OpenVR with code 110
[2017.03.17-06.30.55:476][  0]LogInit: XAudio2 using 'Speakers (ASUS Xonar DG Audio Device)' : 2 channels at 44.1 kHz using 24 bits per sample (channel mask 0x3)
[2017.03.17-06.30.55:492][  0]LogInit: FAudioDevice initialized.
[2017.03.17-06.30.55:538][  0]LogInit: Texture streaming: Enabled
[2017.03.17-06.30.55:623][  0]LogMaterial: Uniform references updated for custom material expression Custom.
[2017.03.17-06.30.56:384][  0]LogInit:Display: Game Engine Initialized.
[2017.03.17-06.30.56:840][  0]LogInit:Display: Starting Game.
[2017.03.17-06.30.56:841][  0]LogNet: Browse: /Temp/Autosaves/Game/DEMO/MAPS/UEDPCLevel00?Name=Player
[2017.03.17-06.30.56:857][  0]LogLoad: LoadMap: /Temp/Autosaves/Game/DEMO/MAPS/UEDPCLevel00?Name=Player
[2017.03.17-06.30.56:898][  0]LogMemory: Platform Memory Stats for Windows
[2017.03.17-06.30.56:898][  0]LogMemory: Process Physical Memory: 648.35 MB used, 676.87 MB peak
[2017.03.17-06.30.56:898][  0]LogMemory: Process Virtual Memory: 724.08 MB used, 724.09 MB peak
[2017.03.17-06.30.56:898][  0]LogMemory: Physical Memory: 7067.95 MB used,  1107.17 MB free, 8175.11 MB total
[2017.03.17-06.30.56:898][  0]LogMemory: Virtual Memory: 1269.06 MB used,  1107.17 MB free, 134217728.00 MB total
[2017.03.17-06.30.56:898][  0]LogMemory: 
[2017.03.17-06.30.56:898][  0]Allocator Stats for TBB: (not implemented)
[2017.03.17-06.30.57:571][  0]LogAIModule: Creating AISystem for world Level00
[2017.03.17-06.30.57:571][  0]LogLoad: Game class is '2DSideScrollerGameMode_C'
[2017.03.17-06.30.57:581][  0]LogWorld: Bringing World /Temp/Autosaves/Game/DEMO/MAPS/UEDPCLevel00.Level00 up for play (max tick rate 0) at 2017.03.17-17.00.57
[2017.03.17-06.30.57:581][  0]LogWorld: Bringing up level for play took: 0.001438
[2017.03.17-06.30.57:647][  0]LogLoad: Took 0.789321 seconds to LoadMap(/Temp/Autosaves/Game/DEMO/MAPS/UEDPCLevel00)
[2017.03.17-06.30.57:954][  0]LogRenderer: Reallocating scene render targets to support 1280x720 NumSamples 1 (Frame:2).
[2017.03.17-06.30.57:954][  0]LogLoad: (Engine Initialization) Total time: 24.59 seconds
[2017.03.17-06.30.57:954][  0]LogLoad: (Engine Initialization) Total Blueprint compile time: 0.25 seconds
[2017.03.17-06.30.57:954][  0]LogExternalProfiler: No external profilers were discovered.  External profiling features will not be available.
[2017.03.17-06.30.57:975][  0]LogOcInput: OculusInput pre-init called
[2017.03.17-06.31.59:201][785]LogWindowsTextInputMethodSystem:Display: IME system now activated using TSF (Microsoft IME).
[2017.03.17-06.31.59:206][785]LogEngine: All Windows Closed
[2017.03.17-06.31.59:206][785]LogWindows: FPlatformMisc::RequestExit(0)
[2017.03.17-06.31.59:227][786]LogMoviePlayer: Shutting down movie player
[2017.03.17-06.31.59:377][786]LogExit: Preparing to exit.
[2017.03.17-06.32.00:779][786]LogExit: Game engine shut down
[2017.03.17-06.32.01:826][786]LogObj: Freed 0b from 0 cluster array pools.
[2017.03.17-06.32.01:826][786]LogExit: Object subsystem successfully closed.
[2017.03.17-06.32.02:003][786]LogD3D11RHI: Shutdown
[2017.03.17-06.32.02:003][786]LogD3D11RHI: CleanupD3DDevice
[2017.03.17-06.32.02:121][786]LogD3D11RHI: ~FD3D11DynamicRHI
[2017.03.17-06.32.02:599][786]LogModuleManager: Shutting down and abandoning module SequenceRecorderSections (262)
[2017.03.17-06.32.02:617][786]LogModuleManager: Shutting down and abandoning module SequenceRecorder (260)
[2017.03.17-06.32.02:648][786]LogModuleManager: Shutting down and abandoning module AutomationController (258)
[2017.03.17-06.32.02:685][786]LogModuleManager: Shutting down and abandoning module AutomationWorker (256)
[2017.03.17-06.32.02:702][786]LogModuleManager: Shutting down and abandoning module AIModule (254)
[2017.03.17-06.32.02:718][786]LogModuleManager: Shutting down and abandoning module GameplayDebugger (253)
[2017.03.17-06.32.02:718][786]LogModuleManager: Shutting down and abandoning module AITestSuite (251)
[2017.03.17-06.32.02:718][786]LogModuleManager: Shutting down and abandoning module WmfMediaFactory (248)
[2017.03.17-06.32.02:718][786]LogModuleManager: Shutting down and abandoning module MfMediaFactory (246)
[2017.03.17-06.32.02:718][786]LogModuleManager: Shutting down and abandoning module AvfMediaFactory (244)
[2017.03.17-06.32.02:718][786]LogModuleManager: Shutting down and abandoning module AndroidMediaFactory (242)
[2017.03.17-06.32.02:718][786]LogModuleManager: Shutting down and abandoning module Media (241)
[2017.03.17-06.32.02:718][786]LogModuleManager: Shutting down and abandoning module CharacterAI (238)
[2017.03.17-06.32.02:718][786]LogModuleManager: Shutting down and abandoning module SessionServices (236)
[2017.03.17-06.32.02:718][786]LogModuleManager: Shutting down and abandoning module MovieSceneCapture (234)
[2017.03.17-06.32.02:718][786]LogModuleManager: Shutting down and abandoning module GeometryCache (232)
[2017.03.17-06.32.02:733][786]LogModuleManager: Shutting down and abandoning module GeometryCacheEd (231)
[2017.03.17-06.32.02:733][786]LogModuleManager: Shutting down and abandoning module Niagara (228)
[2017.03.17-06.32.02:733][786]LogModuleManager: Shutting down and abandoning module StreamingPauseRendering (226)
[2017.03.17-06.32.02:733][786]LogModuleManager: Shutting down and abandoning module PortalServices (224)
[2017.03.17-06.32.02:733][786]LogModuleManager: Shutting down and abandoning module PortalRpc (222)
[2017.03.17-06.32.02:733][786]LogModuleManager: Shutting down and abandoning module MessagingRpc (220)
[2017.03.17-06.32.02:733][786]LogModuleManager: Shutting down and abandoning module ProfilerService (218)
[2017.03.17-06.32.02:804][786]LogModuleManager: Shutting down and abandoning module TaskGraph (216)
[2017.03.17-06.32.02:841][786]LogModuleManager: Shutting down and abandoning module SteamVRController (214)
[2017.03.17-06.32.02:841][786]LogModuleManager: Shutting down and abandoning module SteamVR (212)
[2017.03.17-06.32.02:841][786]LogModuleManager: Shutting down and abandoning module ProceduralMeshComponent (210)
[2017.03.17-06.32.02:847][786]LogModuleManager: Shutting down and abandoning module OculusLibrary (208)
[2017.03.17-06.32.02:847][786]LogModuleManager: Shutting down and abandoning module OculusInput (206)
[2017.03.17-06.32.02:847][786]LogModuleManager: Shutting down and abandoning module MobilePatchingUtils (204)
[2017.03.17-06.32.02:847][786]LogModuleManager: Shutting down and abandoning module CustomMeshComponent (202)
[2017.03.17-06.32.02:847][786]LogModuleManager: Shutting down and abandoning module CableComponent (200)
[2017.03.17-06.32.02:852][786]LogModuleManager: Shutting down and abandoning module ArchVisCharacter (198)
[2017.03.17-06.32.02:852][786]LogModuleManager: Shutting down and abandoning module HTML5Networking (194)
[2017.03.17-06.32.02:852][786]LogModuleManager: Shutting down and abandoning module VisualStudioSourceCodeAccess (192)
[2017.03.17-06.32.02:852][786]LogModuleManager: Shutting down and abandoning module DesktopPlatform (191)
[2017.03.17-06.32.02:852][786]LogModuleManager: Shutting down and abandoning module HotReload (189)
[2017.03.17-06.32.02:852][786]LogModuleManager: Shutting down and abandoning module DirectoryWatcher (188)
[2017.03.17-06.32.02:852][786]LogModuleManager: Shutting down and abandoning module UObjectPlugin (184)
[2017.03.17-06.32.02:852][786]LogModuleManager: Shutting down and abandoning module SubversionSourceControl (182)
[2017.03.17-06.32.02:872][786]LogModuleManager: Shutting down and abandoning module PerforceSourceControl (180)
[2017.03.17-06.32.02:873][786]LogModuleManager: Shutting down and abandoning module SourceControl (179)
[2017.03.17-06.32.02:897][786]LogModuleManager: Shutting down and abandoning module PhysXVehiclesEditor (176)
[2017.03.17-06.32.02:909][786]LogModuleManager: Shutting down and abandoning module PhysXVehicles (174)
[2017.03.17-06.32.02:909][786]LogModuleManager: Shutting down and abandoning module LocationServicesBPLibrary (172)
[2017.03.17-06.32.02:909][786]LogModuleManager: Shutting down and abandoning module UdpMessaging (170)
[2017.03.17-06.32.03:010][786]LogModuleManager: Shutting down and abandoning module TcpMessaging (168)
[2017.03.17-06.32.03:151][786]LogModuleManager: Shutting down and abandoning module GameplayTagsEditor (166)
[2017.03.17-06.32.03:151][786]LogModuleManager: Shutting down and abandoning module FacialAnimation (164)
[2017.03.17-06.32.03:151][786]LogModuleManager: Shutting down and abandoning module LightPropagationVolumeRuntime (162)
[2017.03.17-06.32.03:151][786]LogModuleManager: Shutting down and abandoning module Paper2D (160)
[2017.03.17-06.32.03:168][786]LogModuleManager: Shutting down and abandoning module WindowsMoviePlayer (158)
[2017.03.17-06.32.03:181][786]LogModuleManager: Shutting down and abandoning module WmfMedia (156)
[2017.03.17-06.32.03:226][786]LogModuleManager: Shutting down and abandoning module MfMedia (154)
[2017.03.17-06.32.03:226][786]LogModuleManager: Shutting down and abandoning module MediaAssets (152)
[2017.03.17-06.32.03:226][786]LogModuleManager: Shutting down and abandoning module GameLiveStreaming (150)
[2017.03.17-06.32.03:237][786]LogModuleManager: Shutting down and abandoning module VREditor (148)
[2017.03.17-06.32.03:237][786]LogModuleManager: Shutting down and abandoning module GameplayTasksEditor (146)
[2017.03.17-06.32.03:237][786]LogModuleManager: Shutting down and abandoning module BehaviorTreeEditor (144)
[2017.03.17-06.32.03:260][786]LogModuleManager: Shutting down and abandoning module FunctionalTesting (142)
[2017.03.17-06.32.03:260][786]LogModuleManager: Shutting down and abandoning module CollisionAnalyzer (140)
[2017.03.17-06.32.03:280][786]LogModuleManager: Shutting down and abandoning module UMG (138)
[2017.03.17-06.32.03:280][786]LogModuleManager: Shutting down and abandoning module UMGEditor (137)
[2017.03.17-06.32.03:338][786]LogModuleManager: Shutting down and abandoning module Sequencer (136)
[2017.03.17-06.32.03:363][786]LogModuleManager: Shutting down and abandoning module AssetTools (134)
[2017.03.17-06.32.03:391][786]LogModuleManager: Shutting down and abandoning module MessageLog (133)
[2017.03.17-06.32.03:391][786]LogModuleManager: Shutting down and abandoning module WorkspaceMenuStructure (132)
[2017.03.17-06.32.03:391][786]LogModuleManager: Shutting down and abandoning module SlateReflector (126)
[2017.03.17-06.32.03:418][786]LogModuleManager: Shutting down and abandoning module Slate (124)
[2017.03.17-06.32.03:418][786]LogModuleManager: Shutting down and abandoning module EditorStyle (122)
[2017.03.17-06.32.03:420][786]LogModuleManager: Shutting down and abandoning module Messaging (120)
[2017.03.17-06.32.03:420][786]LogModuleManager: Shutting down and abandoning module SourceCodeAccess (118)
[2017.03.17-06.32.03:420][786]LogModuleManager: Shutting down and abandoning module HeadMountedDisplay (116)
[2017.03.17-06.32.03:420][786]LogModuleManager: Shutting down and abandoning module XAudio2 (114)
[2017.03.17-06.32.03:420][786]LogModuleManager: Shutting down and abandoning module Networking (112)
[2017.03.17-06.32.03:420][786]LogModuleManager: Shutting down and abandoning module Core (108)
[2017.03.17-06.32.03:420][786]LogModuleManager: Shutting down and abandoning module KismetCompiler (106)
[2017.03.17-06.32.03:420][786]LogModuleManager: Shutting down and abandoning module PhysXFormats (104)
[2017.03.17-06.32.03:420][786]LogModuleManager: Shutting down and abandoning module MeshUtilities (102)
[2017.03.17-06.32.03:440][786]LogModuleManager: Shutting down and abandoning module SimplygonSwarm (101)
[2017.03.17-06.32.03:470][786]LogModuleManager: Shutting down and abandoning module SimplygonMeshReduction (99)
[2017.03.17-06.32.03:470][786]LogModuleManager: Shutting down and abandoning module QuadricMeshReduction (97)
[2017.03.17-06.32.03:470][786]LogModuleManager: Shutting down and abandoning module PropertyEditor (95)
[2017.03.17-06.32.03:470][786]LogModuleManager: Shutting down and abandoning module AssetRegistry (92)
[2017.03.17-06.32.03:471][786]LogModuleManager: Shutting down and abandoning module DerivedDataCache (90)
[2017.03.17-06.32.03:723][786]LogDerivedDataCache: Shutdown
[2017.03.17-06.32.03:723][786]LogModuleManager: Shutting down and abandoning module TargetPlatform (88)
[2017.03.17-06.32.03:723][786]LogModuleManager: Shutting down and abandoning module VulkanShaderFormat (87)
[2017.03.17-06.32.03:738][786]LogModuleManager: Shutting down and abandoning module ShaderFormatOpenGL (85)
[2017.03.17-06.32.03:769][786]LogModuleManager: Shutting down and abandoning module ShaderFormatD3D (83)
[2017.03.17-06.32.03:769][786]LogModuleManager: Shutting down and abandoning module MetalShaderFormat (81)
[2017.03.17-06.32.03:798][786]LogModuleManager: Shutting down and abandoning module TextureFormatUncompressed (79)
[2017.03.17-06.32.03:798][786]LogModuleManager: Shutting down and abandoning module TextureFormatPVR (77)
[2017.03.17-06.32.03:798][786]LogModuleManager: Shutting down and abandoning module TextureFormatDXT (75)
[2017.03.17-06.32.03:798][786]LogModuleManager: Shutting down and abandoning module TextureFormatIntelISPCTexComp (73)
[2017.03.17-06.32.03:798][786]LogModuleManager: Shutting down and abandoning module TextureFormatASTC (71)
[2017.03.17-06.32.03:798][786]LogModuleManager: Shutting down and abandoning module ImageWrapper (70)
[2017.03.17-06.32.03:798][786]LogModuleManager: Shutting down and abandoning module TextureFormatAndroid (67)
[2017.03.17-06.32.03:798][786]LogModuleManager: Shutting down and abandoning module AudioFormatOpus (65)
[2017.03.17-06.32.03:806][786]LogModuleManager: Shutting down and abandoning module AudioFormatOgg (63)
[2017.03.17-06.32.03:806][786]LogModuleManager: Shutting down and abandoning module AudioFormatADPCM (61)
[2017.03.17-06.32.03:806][786]LogModuleManager: Shutting down and abandoning module WindowsTargetPlatform (59)
[2017.03.17-06.32.03:806][786]LogModuleManager: Shutting down and abandoning module WindowsServerTargetPlatform (57)
[2017.03.17-06.32.03:806][786]LogModuleManager: Shutting down and abandoning module WindowsNoEditorTargetPlatform (55)
[2017.03.17-06.32.03:806][786]LogModuleManager: Shutting down and abandoning module WindowsClientTargetPlatform (53)
[2017.03.17-06.32.03:806][786]LogModuleManager: Shutting down and abandoning module InputCore (50)
[2017.03.17-06.32.03:807][786]LogModuleManager: Shutting down and abandoning module Settings (48)
[2017.03.17-06.32.03:807][786]LogModuleManager: Shutting down and abandoning module OculusRift (46)
[2017.03.17-06.32.03:807][786]LogModuleManager: Shutting down and abandoning module ExampleDeviceProfileSelector (44)
[2017.03.17-06.32.03:807][786]LogModuleManager: Shutting down and abandoning module OnlineBlueprintSupport (42)
[2017.03.17-06.32.03:807][786]LogModuleManager: Shutting down and abandoning module OnlineSubsystem (38)
[2017.03.17-06.32.03:807][786]LogOnline:Display: Unloading online subsystem: NULL
[2017.03.17-06.32.03:837][786]LogModuleManager: Shutting down and abandoning module XMPP (37)
[2017.03.17-06.32.03:855][786]LogModuleManager: Shutting down and abandoning module HTTP (35)
[2017.03.17-06.32.03:901][786]LogModuleManager: Shutting down and abandoning module SSL (34)
[2017.03.17-06.32.03:913][786]LogModuleManager: Shutting down and abandoning module AudioEditor (30)
[2017.03.17-06.32.03:929][786]LogModuleManager: Shutting down and abandoning module TextureCompressor (28)
[2017.03.17-06.32.03:929][786]LogModuleManager: Shutting down and abandoning module ShaderCore (26)
[2017.03.17-06.32.03:929][786]LogModuleManager: Shutting down and abandoning module Landscape (24)
[2017.03.17-06.32.03:929][786]LogModuleManager: Shutting down and abandoning module SlateRHIRenderer (22)
[2017.03.17-06.32.03:950][786]LogModuleManager: Shutting down and abandoning module OpenGLDrv (20)
[2017.03.17-06.32.03:951][786]LogModuleManager: Shutting down and abandoning module D3D11RHI (18)
[2017.03.17-06.32.03:951][786]LogModuleManager: Shutting down and abandoning module AnimGraphRuntime (16)
[2017.03.17-06.32.03:951][786]LogModuleManager: Shutting down and abandoning module Renderer (14)
[2017.03.17-06.32.03:951][786]LogModuleManager: Shutting down and abandoning module Engine (12)
[2017.03.17-06.32.03:951][786]LogModuleManager: Shutting down and abandoning module CoreUObject (10)
[2017.03.17-06.32.03:951][786]LogModuleManager: Shutting down and abandoning module NetworkFile (8)
[2017.03.17-06.32.03:951][786]LogModuleManager: Shutting down and abandoning module StreamingFile (6)
[2017.03.17-06.32.03:951][786]LogModuleManager: Shutting down and abandoning module SandboxFile (4)
[2017.03.17-06.32.03:951][786]LogModuleManager: Shutting down and abandoning module PakFile (2)
[2017.03.17-06.32.03:952][786]LogExit: Exiting.
[2017.03.17-06.32.03:953][786]Log file closed, 03/17/17 17:02:03
