Log file open, 03/26/17 05:57:26
LogInit:Display: Running engine without a game
LogPlatformFile: Not using cached read wrapper
LogInit:Display: Loading recent project file: ../../../../../../Users/Administrator/Documents/Unreal Projects/MyProject2/MyProject2.uproject
LogInit:Display: RandInit(-1464780675) SRandInit(-1464780675).
LogTaskGraph: Started task graph with 5 named threads and 8 total threads with 1 sets of task threads.
LogStats: Stats thread started at 5.242366
LogInit: Using libcurl 7.47.1
LogInit:  - built for x86_64-pc-win32
LogInit:  - supports SSL with OpenSSL/1.0.2g
LogInit:  - supports HTTP deflate (compression) using libz 1.2.8
LogInit:  - other features:
LogInit:      CURL_VERSION_SSL
LogInit:      CURL_VERSION_LIBZ
LogInit:      CURL_VERSION_IPV6
LogInit:      CURL_VERSION_ASYNCHDNS
LogInit:      CURL_VERSION_LARGEFILE
LogInit:      CURL_VERSION_IDN
LogInit:  CurlRequestOptions (configurable via config and command line):
LogInit:  - bVerifyPeer = false  - Libcurl will NOT verify peer certificate
LogInit:  - bUseHttpProxy = false  - Libcurl will NOT use HTTP proxy
LogInit:  - bDontReuseConnections = false  - Libcurl will reuse connections
LogInit:  - CertBundlePath = nullptr  - Libcurl will use whatever was configured at build time.
LogInit: Build: ++UE4+Release-4.15-CL-3348071
LogInit: Engine Version: 4.15.1-3348071+++UE4+Release-4.15
LogInit: Compatible Engine Version: 4.15.0-3299760+++UE4+Release-4.15
LogInit: Net CL: 3299760
LogDevObjectVersion: Number of dev versions registered: 14
LogDevObjectVersion:   Dev-Blueprints (B0D832E4-1F89-4F0D-ACCF-7EB736FD4AA2): 8
LogDevObjectVersion:   Dev-Build (E1C64328-A22C-4D53-A36C-8E866417BD8C): 0
LogDevObjectVersion:   Dev-Core (375EC13C-06E4-48FB-B500-84F0262A717E): 2
LogDevObjectVersion:   Dev-Editor (E4B068ED-F494-42E9-A231-DA0B2E46BB41): 14
LogDevObjectVersion:   Dev-Framework (CFFC743F-43B0-4480-9391-14DF171D2073): 22
LogDevObjectVersion:   Dev-Mobile (B02B49B5-BB20-44E9-A304-32B752E40360): 0
LogDevObjectVersion:   Dev-Networking (A4E4105C-59A1-49B5-A7C5-40C4547EDFEE): 0
LogDevObjectVersion:   Dev-Online (39C831C9-5AE6-47DC-9A44-9C173E1C8E7C): 0
LogDevObjectVersion:   Dev-Physics (78F01B33-EBEA-4F98-B9B4-84EACCB95AA2): 0
LogDevObjectVersion:   Dev-Platform (6631380F-2D4D-43E0-8009-CF276956A95A): 0
LogDevObjectVersion:   Dev-Rendering (12F88B9F-8875-4AFC-A67C-D90C383ABD29): 12
LogDevObjectVersion:   Dev-Sequencer (7B5AE74C-D270-4C10-A958-57980B212A5A): 3
LogDevObjectVersion:   Dev-VR (D7296918-1DD6-4BDD-9DE2-64A83CC13884): 0
LogDevObjectVersion:   Dev-LoadTimes (C2A15278-BFE7-4AFE-6C17-90FF531DF755): 1
LogInit: Compiled (64-bit): Mar 15 2017 16:52:47
LogInit: Compiled with Visual C++: 19.00.23026.00
LogInit: Build Configuration: Development
LogInit: Branch Name: ++UE4+Release-4.15
LogInit: Command line: -EpicPortal 
LogInit: Base directory: A:/Program Files/Epic Games/UE_4.15/Engine/Binaries/Win64/
LogInit: Installed Engine Build: 1
LogInit: Presizing for max 8388607 objects, including 0 objects not considered by GC, pre-allocating 0 bytes for permanent pool.
LogInit: Object subsystem initialized
[2017.03.25-19.27.29:821][  0]LogInit: Selected Device Profile: [Windows]
[2017.03.25-19.27.29:821][  0]LogInit: Applying CVar settings loaded from the selected device profile: [Windows]
[2017.03.25-19.27.29:992][  0]LogInit: Computer: DOTTY
[2017.03.25-19.27.29:992][  0]LogInit: User: Administrator
[2017.03.25-19.27.29:992][  0]LogInit: CPU Page size=65536, Cores=4
[2017.03.25-19.27.29:992][  0]LogInit: High frequency timer resolution =3.215356 MHz
[2017.03.25-19.27.30:010][  0]LogMemory: Memory total: Physical=8.0GB (8GB approx)
[2017.03.25-19.27.30:010][  0]LogMemory: Platform Memory Stats for Windows
[2017.03.25-19.27.30:010][  0]LogMemory: Process Physical Memory: 261.38 MB used, 261.38 MB peak
[2017.03.25-19.27.30:010][  0]LogMemory: Process Virtual Memory: 262.04 MB used, 262.04 MB peak
[2017.03.25-19.27.30:010][  0]LogMemory: Physical Memory: 5238.85 MB used,  2936.27 MB free, 8175.11 MB total
[2017.03.25-19.27.30:010][  0]LogMemory: Virtual Memory: 622.21 MB used,  2936.27 MB free, 134217728.00 MB total
[2017.03.25-19.27.31:480][  0]LogTextLocalizationManager: No specific translations for ('en-US') exist, so ('en') translations will be used.
[2017.03.25-19.27.36:290][  0]LogD3D11RHI: D3D11 adapters:
[2017.03.25-19.27.36:332][  0]LogD3D11RHI:    0. 'NVIDIA GeForce GTX 970' (Feature Level 11_0)
[2017.03.25-19.27.36:332][  0]LogD3D11RHI:       3991/0/4087 MB DedicatedVideo/DedicatedSystem/SharedSystem, Outputs:2, VendorId:0x10de
[2017.03.25-19.27.36:334][  0]LogD3D11RHI:    1. 'Microsoft Basic Render Driver' (Feature Level 11_0)
[2017.03.25-19.27.36:334][  0]LogD3D11RHI:       0/0/256 MB DedicatedVideo/DedicatedSystem/SharedSystem, Outputs:0, VendorId:0x1414
[2017.03.25-19.27.36:334][  0]LogD3D11RHI: Chosen D3D11 Adapter: 0
[2017.03.25-19.27.36:363][  0]LogD3D11RHI: Creating new Direct3DDevice
[2017.03.25-19.27.36:363][  0]LogD3D11RHI:     GPU DeviceId: 0x13c2 (for the marketing name, search the web for "GPU Device Id")
[2017.03.25-19.27.36:363][  0]LogWindows: EnumDisplayDevices:
[2017.03.25-19.27.36:364][  0]LogWindows:    0. 'NVIDIA GeForce GTX 970' (P:1 D:1)
[2017.03.25-19.27.36:364][  0]LogWindows:    1. 'NVIDIA GeForce GTX 970' (P:0 D:1)
[2017.03.25-19.27.36:364][  0]LogWindows:    2. 'NVIDIA GeForce GTX 970' (P:0 D:0)
[2017.03.25-19.27.36:364][  0]LogWindows:    3. 'NVIDIA GeForce GTX 970' (P:0 D:0)
[2017.03.25-19.27.36:365][  0]LogWindows: DebugString: FoundDriverCount:4 
[2017.03.25-19.27.36:365][  0]LogD3D11RHI:     Adapter Name: NVIDIA GeForce GTX 970
[2017.03.25-19.27.36:365][  0]LogD3D11RHI:   Driver Version: 375.86 (internal:21.21.13.7586, unified:375.86)
[2017.03.25-19.27.36:365][  0]LogD3D11RHI:      Driver Date: 11-10-2016
[2017.03.25-19.27.36:365][  0]LogRHI: Texture pool is 1361 MB (70% of 1945 MB)
[2017.03.25-19.27.36:405][  0]LogD3D11RHI: Async texture creation enabled
[2017.03.25-19.27.36:897][  0]LogD3D11RHI: GPU Timing Frequency: 1000.000000 (Debug: 2 2)
[2017.03.25-19.27.37:125][  0]LogShaderCompilers: Guid format shader working directory is -20 characters bigger than the processId version (../../../../../../Users/Administrator/Documents/Unreal Projects/MyProject2/Intermediate/Shaders/WorkingDirectory/2288/).
[2017.03.25-19.27.37:126][  0]LogShaderCompilers: Cleaned the shader compiler working directory 'A:/Users/Administrator/AppData/Local/Temp/UnrealShaderWorkingDir/6709B5AC4733B9627B882A8333CCA272/'.
[2017.03.25-19.27.37:126][  0]LogShaderCompilers:Display: Using Local Shader Compiler.
[2017.03.25-19.27.41:152][  0]LogTemp:Display: Loaded TP AllDesktopTargetPlatform
[2017.03.25-19.27.41:267][  0]LogTemp:Display: Loaded TP MacClientTargetPlatform
[2017.03.25-19.27.41:349][  0]LogTemp:Display: Loaded TP MacNoEditorTargetPlatform
[2017.03.25-19.27.41:395][  0]LogTemp:Display: Loaded TP MacServerTargetPlatform
[2017.03.25-19.27.41:468][  0]LogTemp:Display: Loaded TP MacTargetPlatform
[2017.03.25-19.27.41:573][  0]LogTemp:Display: Loaded TP WindowsClientTargetPlatform
[2017.03.25-19.27.41:654][  0]LogTemp:Display: Loaded TP WindowsNoEditorTargetPlatform
[2017.03.25-19.27.41:738][  0]LogTemp:Display: Loaded TP WindowsServerTargetPlatform
[2017.03.25-19.27.41:776][  0]LogTemp:Display: Loaded TP WindowsTargetPlatform
[2017.03.25-19.27.41:886][  0]LogTemp:Display: Loaded TP AndroidTargetPlatform
[2017.03.25-19.27.41:932][  0]LogTemp:Display: Loaded TP Android_ASTCTargetPlatform
[2017.03.25-19.27.41:977][  0]LogTemp:Display: Loaded TP Android_ATCTargetPlatform
[2017.03.25-19.27.42:023][  0]LogTemp:Display: Loaded TP Android_DXTTargetPlatform
[2017.03.25-19.27.42:070][  0]LogTemp:Display: Loaded TP Android_ETC1TargetPlatform
[2017.03.25-19.27.42:116][  0]LogTemp:Display: Loaded TP Android_ETC2TargetPlatform
[2017.03.25-19.27.42:263][  0]LogTemp:Display: Loaded TP Android_MultiTargetPlatform
[2017.03.25-19.27.42:263][  0]LogTemp:Display: Loaded TP Android_PVRTCTargetPlatform
[2017.03.25-19.27.42:291][  0]LogTemp:Display: Loaded TP HTML5TargetPlatform
[2017.03.25-19.27.42:479][  0]LogTemp:Display: Loaded TP IOSTargetPlatform
[2017.03.25-19.27.42:559][  0]LogTemp:Display: Loaded TP TVOSTargetPlatform
[2017.03.25-19.27.42:646][  0]LogTemp:Display: Loaded TP LinuxClientTargetPlatform
[2017.03.25-19.27.42:759][  0]LogTemp:Display: Loaded TP LinuxNoEditorTargetPlatform
[2017.03.25-19.27.42:808][  0]LogTemp:Display: Loaded TP LinuxServerTargetPlatform
[2017.03.25-19.27.42:929][  0]LogTemp:Display: Loaded TP LinuxTargetPlatform
[2017.03.25-19.27.42:929][  0]LogTargetPlatformManager:Display: Building Assets For Windows
[2017.03.25-19.27.44:754][  0]LogDerivedDataCache:Display: Max Cache Size: 512 MB
[2017.03.25-19.27.45:487][  0]LogDerivedDataCache: Loaded boot cache 0.72s 50MB A:/Users/Administrator/AppData/Local/UnrealEngine/4.15/DerivedDataCache/Boot.ddc.
[2017.03.25-19.27.45:487][  0]LogDerivedDataCache:Display: Loaded Boot cache: A:/Users/Administrator/AppData/Local/UnrealEngine/4.15/DerivedDataCache/Boot.ddc
[2017.03.25-19.27.45:487][  0]LogDerivedDataCache: FDerivedDataBackendGraph:  Pak pak cache file ../../../../../../Users/Administrator/Documents/Unreal Projects/MyProject2/DerivedDataCache/DDC.ddp not found, will not use a pak cache.
[2017.03.25-19.27.45:487][  0]LogDerivedDataCache: Unable to find inner node Pak for hierarchical cache Hierarchy.
[2017.03.25-19.27.45:487][  0]LogDerivedDataCache: FDerivedDataBackendGraph:  CompressedPak pak cache file ../../../../../../Users/Administrator/Documents/Unreal Projects/MyProject2/DerivedDataCache/Compressed.ddp not found, will not use a pak cache.
[2017.03.25-19.27.45:487][  0]LogDerivedDataCache: Unable to find inner node CompressedPak for hierarchical cache Hierarchy.
[2017.03.25-19.27.45:588][  0]LogDerivedDataCache:Display: Pak cache opened for reading ../../../Engine/DerivedDataCache/Compressed.ddp.
[2017.03.25-19.27.45:600][  0]LogDerivedDataCache: Using Local data cache path A:/Users/Administrator/AppData/Local/UnrealEngine/Common/DerivedDataCache: Writable
[2017.03.25-19.27.46:173][  0]LogSlate: Using Freetype 2.6.0
[2017.03.25-19.27.46:431][  0]LogSlate: SlateFontCache - WITH_FREETYPE: 1, WITH_HARFBUZZ: 1
[2017.03.25-19.27.46:431][  0]LogSlate: SlateFontCache - WITH_FREETYPE: 1, WITH_HARFBUZZ: 1
[2017.03.25-19.27.58:156][  0]LogInit: Selected Device Profile: [Windows]
[2017.03.25-19.27.58:213][  0]LogContentStreaming: Texture pool size is 0.00 MB
[2017.03.25-19.27.59:404][  0]LogMeshUtilities: Using QuadricMeshReduction for automatic static mesh reduction
[2017.03.25-19.27.59:532][  0]LogSimplygon: Simplygon DLL not present - disabling.
[2017.03.25-19.27.59:646][  0]LogMeshUtilities: Using SimplygonSwarm for distributed automatic mesh merging
[2017.03.25-19.27.59:646][  0]LogMeshUtilities: No automatic skeletal mesh reduction module available
[2017.03.25-19.27.59:646][  0]LogMeshUtilities: No automatic mesh merging module available
[2017.03.25-19.28.07:168][  0]LogNetVersion: GetLocalNetworkVersion: CL: 3299760, ProjectName: myproject2, ProjectVersion: , EngineNetworkVersion: 2, GameNetworkVersion: 0, NetworkChecksum: 137606773
[2017.03.25-19.28.07:437][  0]LogAssetRegistry: FAssetRegistry took 0.0244 seconds to start up
[2017.03.25-19.28.07:865][  0]LogPackageLocalizationCache: Processed 3 localized package path(s) for 2 prioritized culture(s) in 0.266454 seconds
[2017.03.25-19.28.07:913][  0]LogUObjectArray: 32493 objects as part of root set at end of initial load.
[2017.03.25-19.28.07:913][  0]LogUObjectAllocator: 7077024 out of 0 bytes used by permanent object pool.
[2017.03.25-19.28.07:913][  0]LogUObjectArray: CloseDisregardForGC: 0/0 objects in disregard for GC pool
[2017.03.25-19.28.08:211][  0]LogInit: WinSock: version 1.1 (2.2), MaxSocks=32767, MaxUdp=65467
[2017.03.25-19.28.32:683][  0]LogTcpMessaging: Initializing TcpMessaging bridge
[2017.03.25-19.28.32:777][  0]LogUdpMessaging: Initializing bridge on interface 0.0.0.0:0 to multicast group 230.0.0.1:6666.
[2017.03.25-19.28.34:823][  0]LogMaterial: Uniform references updated for custom material expression Custom.
[2017.03.25-19.28.36:141][  0]SourceControl: Info Source control is disabled
[2017.03.25-19.28.36:150][  0]SourceControl: Info Source control is disabled
[2017.03.25-19.28.36:264][  0]SourceControl: Info Source control is disabled
[2017.03.25-19.28.36:382][  0]SourceControl: Info Source control is disabled
[2017.03.25-19.28.37:465][  0]LogLinker:Warning: Can't find file '/Game/TopDownBP/TopDownOverview'
[2017.03.25-19.28.37:466][  0]LogLinker:Warning: Can't find file '/Game/TopDownBP/TopDownOverview'
[2017.03.25-19.28.37:466][  0]LogUObjectGlobals:Warning: Failed to find object 'Class /Game/TopDownBP/TopDownOverview.TopDownOverview_C'
[2017.03.25-19.28.40:050][  0]LogEngine: Initializing Engine...
[2017.03.25-19.28.40:068][  0]LogHMD: Failed to initialize OpenVR with code 110
[2017.03.25-19.28.41:678][  0]LogAIModule: Creating AISystem for world Untitled
[2017.03.25-19.28.41:851][  0]LogInit: XAudio2 using 'Speakers (ASUS Xonar DG Audio Device)' : 2 channels at 44.1 kHz using 24 bits per sample (channel mask 0x3)
[2017.03.25-19.28.41:877][  0]LogInit: FAudioDevice initialized.
[2017.03.25-19.28.41:915][  0]LogDerivedDataCache: Saved boot cache 0.04s 50MB A:/Users/Administrator/AppData/Local/UnrealEngine/4.15/DerivedDataCache/Boot.ddc.
[2017.03.25-19.28.41:942][  0]LogInit: Texture streaming: Enabled
[2017.03.25-19.28.42:236][  0]LogEngineSessionManager: EngineSessionManager initialized
[2017.03.25-19.28.42:848][  0]LogInit: Transaction tracking system initialized
[2017.03.25-19.28.43:686][  0]BlueprintLog: New page: Editor Load
[2017.03.25-19.28.46:551][  0]LocalizationService: Info Localization service is disabled
[2017.03.25-19.28.48:179][  0]LogConsoleResponse:Display: 
[2017.03.25-19.28.51:914][  0]LogFileCache: Scanning file cache for directory 'A:/Users/Administrator/Documents/Unreal Projects/MyProject2/Content/' took 0.05s
[2017.03.25-19.28.51:914][  0]LogCook:Display: Max memory allowance for cook 16384mb min free memory 0mb
[2017.03.25-19.28.51:914][  0]LogCook:Display: Mobile HDR setting 1
[2017.03.25-19.28.55:892][  0]SourceControl: Info Source control is disabled
[2017.03.25-19.28.56:569][  0]LogSlate: Took 0.010987 seconds to synchronously load lazily loaded font '../../../Engine/Content/Slate/Fonts/Roboto-Regular.ttf' (155K)
[2017.03.25-19.29.04:564][  0]LogWindowsTextInputMethodSystem:Display: IME system now activated using TSF (Microsoft IME).
[2017.03.25-19.29.04:618][  0]LogWindowsTextInputMethodSystem:Display: IME system now activated using TSF (Microsoft IME).
[2017.03.25-19.29.07:740][  0]LogWindowsTextInputMethodSystem:Display: IME system now activated using TSF (Microsoft IME).
[2017.03.25-19.29.07:878][  0]LogWindowsTextInputMethodSystem:Display: IME system now activated using TSF (Microsoft IME).
[2017.03.25-19.29.07:966][  0]Cmd: MAP LOAD FILE="../../../../../../Users/Administrator/Documents/Unreal Projects/MyProject2/Content/DEMO/MAPS/Level00.umap" TEMPLATE=0 SHOWPROGRESS=1 FEATURELEVEL=3
[2017.03.25-19.29.07:986][  0]LightingResults: New page: Lighting Build
[2017.03.25-19.29.08:335][  0]MapCheck: New page: Map Check
[2017.03.25-19.29.08:335][  0]LightingResults: New page: Lighting Build
[2017.03.25-19.29.11:545][  0]LogAIModule: Creating AISystem for world Level00
[2017.03.25-19.29.12:473][  0]LogEditorServer: Finished looking for orphan Actors (0.000 secs)
[2017.03.25-19.29.12:511][  0]Cmd: MAP CHECKDEP NOCLEARLOG
[2017.03.25-19.29.12:595][  0]MapCheck: Info Map check complete: 0 Error(s), 0 Warning(s), took 83.471ms to complete.
[2017.03.25-19.29.12:595][  0]LogFileHelpers: Loading map 'Level00' took 4.653
[2017.03.25-19.29.15:313][  0]LogStats:Warning: MetaData mismatch. Did you assign a stat to two groups? New //STATGROUP_Threads//SplashScreenThread///Thread_1068_0///####STATCAT_Advanced#### old //STATGROUP_Threads//SplashScreenThread///Thread_1160_0///####STATCAT_Advanced####
[2017.03.25-19.29.15:313][  0]LogCollectionManager: Loaded 0 collections in 0.003996 seconds
[2017.03.25-19.29.15:535][  0]LogFileCache: Scanning file cache for directory 'A:/Users/Administrator/Documents/Unreal Projects/MyProject2/Saved/Collections/' took 0.01s
[2017.03.25-19.29.15:535][  0]LogFileCache: Scanning file cache for directory 'A:/Users/Administrator/Documents/Unreal Projects/MyProject2/Content/Developers/Administrator/Collections/' took 0.01s
[2017.03.25-19.29.15:535][  0]LogFileCache: Scanning file cache for directory 'A:/Users/Administrator/Documents/Unreal Projects/MyProject2/Content/Collections/' took 0.01s
[2017.03.25-19.29.15:535][  0]LogCollectionManager: Rebuilt the GUID cache for 0 collections in 0.000003 seconds
[2017.03.25-19.29.15:575][  0]LogContentBrowser: Native class hierarchy populated in 0.0211 seconds. Added 2245 classes and 453 folders.
[2017.03.25-19.29.15:718][  0]LogStats: UGameplayTagsManager::ConstructGameplayTagTree: Construct from data asset -  0.012 s
[2017.03.25-19.29.15:719][  0]LogStats: UGameplayTagsManager::ConstructGameplayTagTree: GameplayTagTreeChangedEvent.Broadcast -  0.000 s
[2017.03.25-19.29.15:884][  0]LogContentBrowser: Native class hierarchy updated for 'WidgetCarousel' in 0.0011 seconds. Added 0 classes and 0 folders.
[2017.03.25-19.29.16:603][  0]LogContentBrowser: Native class hierarchy updated for 'AddContentDialog' in 0.0005 seconds. Added 0 classes and 0 folders.
[2017.03.25-19.29.16:776][  0]LogContentBrowser: Native class hierarchy updated for 'SceneOutliner' in 0.0010 seconds. Added 1 classes and 2 folders.
[2017.03.25-19.29.17:919][  0]LogCrashTracker: Crashtracker disabled due to settings.
[2017.03.25-19.29.18:183][  0]LogUObjectGlobals:Warning: Failed to find object 'Class None.'
[2017.03.25-19.29.18:507][  0]LogContentBrowser: Native class hierarchy updated for 'HierarchicalLODOutliner' in 0.0011 seconds. Added 1 classes and 2 folders.
[2017.03.25-19.29.18:507][  0]LogLoad: (Engine Initialization) Total time: 128.58 seconds
[2017.03.25-19.29.18:507][  0]LogLoad: (Engine Initialization) Total Blueprint compile time: 1.22 seconds
[2017.03.25-19.29.18:507][  0]LogExternalProfiler: No external profilers were discovered.  External profiling features will not be available.
[2017.03.25-19.29.18:587][  0]LogOcInput: OculusInput pre-init called
[2017.03.25-19.29.19:227][  0]LogContentStreaming: Texture pool size now 1000 MB
[2017.03.25-19.29.19:397][  0]LogSlate: Took 0.014781 seconds to synchronously load lazily loaded font '../../../Engine/Content/Slate/Fonts/Roboto-Bold.ttf' (160K)
[2017.03.25-19.29.19:471][  0]LogSlate: Took 0.011058 seconds to synchronously load lazily loaded font '../../../Engine/Content/Editor/Slate/Fonts/FontAwesome.ttf' (139K)
[2017.03.25-19.29.20:724][  1]LogRenderer: Reallocating scene render targets to support 1032x372 NumSamples 1 (Frame:2).
[2017.03.25-19.29.21:439][  1]LogEditorViewport: Clicking on Actor (LMB): PaperTileMapActor (tilemapTest1)
[2017.03.25-19.29.22:407][  1]LogEditorViewport: Clicking on Actor (LMB): PaperTileMapActor (tilemapTest1)
[2017.03.25-19.29.22:765][  1]LogSlate: Took 0.008770 seconds to synchronously load lazily loaded font '../../../Engine/Content/Slate/Fonts/Roboto-Light.ttf' (159K)
[2017.03.25-19.29.23:286][  4]LogEditorViewport: Clicking on Actor (context menu): PaperTileMapActor (tilemapTest1)
[2017.03.25-19.29.23:962][  5]LogAssetRegistry: Asset discovery search completed in 76.5485 seconds
[2017.03.25-19.29.23:980][  5]LogCollectionManager: Rebuilt the object cache for 0 collections in 0.018011 seconds (found 0 objects)
[2017.03.25-19.29.23:980][  5]LogCollectionManager: Fixed up redirectors for 0 collections in 0.018302 seconds (updated 0 objects)
[2017.03.25-19.31.27:577][222]LogRenderer: Reallocating scene render targets to support 1336x564 NumSamples 1 (Frame:1207).
[2017.03.27-21.50.09:692][472]LogHttp:Warning: 00000042A6632800: request failed, libcurl error: 7 (Couldn't connect to server)
[2017.03.27-21.50.09:763][472]LogHttp:Warning: 00000042A6632800: libcurl info message cache 0 (Found bundle for host datarouter.ol.epicgames.com: 0x429bb53fa0 [can pipeline])
[2017.03.27-21.50.09:763][472]LogHttp:Warning: 00000042A6632800: libcurl info message cache 1 (Re-using existing connection! (#798) with host datarouter.ol.epicgames.com)
[2017.03.27-21.50.09:763][472]LogHttp:Warning: 00000042A6632800: libcurl info message cache 2 (Connected to datarouter.ol.epicgames.com (34.192.111.22) port 443 (#798))
[2017.03.27-21.50.09:763][472]LogHttp:Warning: 00000042A6632800: libcurl info message cache 3 (upload completely sent off: 347 out of 347 bytes)
[2017.03.27-21.50.09:763][472]LogHttp:Warning: 00000042A6632800: libcurl info message cache 4 (SSL read: error:00000000:lib(0):func(0):reason(0), errno 10054)
[2017.03.27-21.50.09:763][472]LogHttp:Warning: 00000042A6632800: libcurl info message cache 5 (Connection died, retrying a fresh connect)
[2017.03.27-21.50.09:763][472]LogHttp:Warning: 00000042A6632800: libcurl info message cache 6 (Closing connection 798)
[2017.03.27-21.50.09:763][472]LogHttp:Warning: 00000042A6632800: libcurl info message cache 7 (Issue another request to this URL: 'https://datarouter.ol.epicgames.com/datarouter/api/v1/public/data?SessionID=%7B9E43CF79-405E-FD6E-9CAE-9296B82A5E12%7D&AppID=UEEditor.Rocket.Release&AppVersion=4.15.1-3348071%2B%2B%2BUE4%2BRelease-4.15&UserID=91f85bf642b42adc1969e1983ffcc968%7Ce245b1c90ae844eea0884bc57ad78fff%7C9362c5a3-5ab1-49c7-8613-2af2e9fde8c6&AppEnvironment=datacollector-binary&UploadType=eteventstream')
[2017.03.27-21.50.09:763][472]LogHttp:Warning: 00000042A6632800: libcurl info message cache 8 (  Trying 10.0.0.1...)
[2017.03.27-21.50.09:770][472]LogHttp:Warning: 00000042A6632800: libcurl info message cache 9 (connect to 10.0.0.1 port 443 failed: Timed out)
[2017.03.27-21.50.09:770][472]LogHttp:Warning: 00000042A6632800: libcurl info message cache 10 (Failed to connect to datarouter.ol.epicgames.com port 443: Timed out)
[2017.03.27-21.50.09:770][472]LogHttp:Warning: 00000042A6632800: libcurl info message cache 11 (Closing connection 799)
[2017.03.27-21.50.39:641][562]LogHttp:Warning: 00000042A6633700: request failed, libcurl error: 7 (Couldn't connect to server)
[2017.03.27-21.50.39:641][562]LogHttp:Warning: 00000042A6633700: libcurl info message cache 0 (Hostname datarouter.ol.epicgames.com was found in DNS cache)
[2017.03.27-21.50.39:641][562]LogHttp:Warning: 00000042A6633700: libcurl info message cache 1 (  Trying 10.0.0.1...)
[2017.03.27-21.50.39:641][562]LogHttp:Warning: 00000042A6633700: libcurl info message cache 2 (connect to 10.0.0.1 port 443 failed: Timed out)
[2017.03.27-21.50.39:641][562]LogHttp:Warning: 00000042A6633700: libcurl info message cache 3 (Failed to connect to datarouter.ol.epicgames.com port 443: Timed out)
[2017.03.27-21.50.39:641][562]LogHttp:Warning: 00000042A6633700: libcurl info message cache 4 (Closing connection 800)
[2017.03.28-04.17.59:851][236]LogWindowsTextInputMethodSystem:Display: IME system now activated using TSF (Microsoft IME).
[2017.03.28-04.18.16:660][237]Cmd: QUIT_EDITOR
[2017.03.28-04.18.19:981][237]LogExit: Preparing to exit.
[2017.03.28-04.18.23:663][237]LogDirectoryWatcher: A directory notification for 'A:/Users/Administrator/Documents/Unreal Projects/MyProject2/Content/' was aborted.
[2017.03.28-04.18.24:791][237]LogExit: Editor shut down
[2017.03.28-04.18.24:828][237]LogExit: Transaction tracking system shut down
[2017.03.28-04.18.30:680][237]LogObj: Freed 0b from 0 cluster array pools.
[2017.03.28-04.18.30:681][237]LogExit: Object subsystem successfully closed.
[2017.03.28-04.18.31:262][237]LogD3D11RHI: Shutdown
[2017.03.28-04.18.31:262][237]LogD3D11RHI: CleanupD3DDevice
[2017.03.28-04.18.32:104][237]LogD3D11RHI: ~FD3D11DynamicRHI
[2017.03.28-04.18.33:904][237]LogModuleManager: Shutting down and abandoning module HierarchicalLODOutliner (498)
[2017.03.28-04.18.33:918][237]LogModuleManager: Shutting down and abandoning module CrashTracker (496)
[2017.03.28-04.18.33:918][237]LogModuleManager: Shutting down and abandoning module SceneOutliner (494)
[2017.03.28-04.18.33:918][237]LogModuleManager: Shutting down and abandoning module AddContentDialog (492)
[2017.03.28-04.18.33:999][237]LogDirectoryWatcher: A directory notification for 'A:/Program Files/Epic Games/UE_4.15/FeaturePacks/' was aborted.
[2017.03.28-04.18.34:075][237]LogModuleManager: Shutting down and abandoning module WidgetCarousel (491)
[2017.03.28-04.18.34:075][237]LogModuleManager: Shutting down and abandoning module EditorWidgets (488)
[2017.03.28-04.18.34:075][237]LogModuleManager: Shutting down and abandoning module CollectionManager (486)
[2017.03.28-04.18.34:101][237]LogDirectoryWatcher: A directory notification for 'A:/Users/Administrator/Documents/Unreal Projects/MyProject2/Content/Collections/' was aborted.
[2017.03.28-04.18.34:101][237]LogDirectoryWatcher: A directory notification for 'A:/Users/Administrator/Documents/Unreal Projects/MyProject2/Content/Developers/Administrator/Collections/' was aborted.
[2017.03.28-04.18.34:101][237]LogDirectoryWatcher: A directory notification for 'A:/Users/Administrator/Documents/Unreal Projects/MyProject2/Saved/Collections/' was aborted.
[2017.03.28-04.18.34:101][237]LogModuleManager: Shutting down and abandoning module StatsViewer (484)
[2017.03.28-04.18.34:101][237]LogModuleManager: Shutting down and abandoning module FoliageEdit (482)
[2017.03.28-04.18.34:117][237]LogModuleManager: Shutting down and abandoning module LandscapeEditor (480)
[2017.03.28-04.18.34:151][237]LogModuleManager: Shutting down and abandoning module SceneDepthPickerMode (478)
[2017.03.28-04.18.34:151][237]LogModuleManager: Shutting down and abandoning module ActorPickerMode (476)
[2017.03.28-04.18.34:151][237]LogModuleManager: Shutting down and abandoning module GeometryMode (474)
[2017.03.28-04.18.34:151][237]LogModuleManager: Shutting down and abandoning module TextureAlignMode (472)
[2017.03.28-04.18.34:151][237]LogModuleManager: Shutting down and abandoning module BspMode (470)
[2017.03.28-04.18.34:156][237]LogModuleManager: Shutting down and abandoning module HardwareSurvey (468)
[2017.03.28-04.18.34:171][237]LogModuleManager: Shutting down and abandoning module SequenceRecorderSections (466)
[2017.03.28-04.18.34:180][237]LogModuleManager: Shutting down and abandoning module AutomationWorker (464)
[2017.03.28-04.18.34:197][237]LogModuleManager: Shutting down and abandoning module MatineeToLevelSequence (462)
[2017.03.28-04.18.34:228][237]LogModuleManager: Shutting down and abandoning module LevelSequenceEditor (460)
[2017.03.28-04.18.34:291][237]LogModuleManager: Shutting down and abandoning module PlacementMode (459)
[2017.03.28-04.18.34:291][237]LogModuleManager: Shutting down and abandoning module WmfMediaFactory (456)
[2017.03.28-04.18.34:291][237]LogModuleManager: Shutting down and abandoning module WmfMediaEditor (454)
[2017.03.28-04.18.34:291][237]LogModuleManager: Shutting down and abandoning module MfMediaFactory (452)
[2017.03.28-04.18.34:291][237]LogModuleManager: Shutting down and abandoning module MfMediaEditor (450)
[2017.03.28-04.18.34:291][237]LogModuleManager: Shutting down and abandoning module AvfMediaFactory (448)
[2017.03.28-04.18.34:291][237]LogModuleManager: Shutting down and abandoning module AvfMediaEditor (446)
[2017.03.28-04.18.34:291][237]LogModuleManager: Shutting down and abandoning module AndroidMediaFactory (444)
[2017.03.28-04.18.34:291][237]LogModuleManager: Shutting down and abandoning module Media (443)
[2017.03.28-04.18.34:291][237]LogModuleManager: Shutting down and abandoning module AndroidMediaEditor (440)
[2017.03.28-04.18.34:291][237]LogModuleManager: Shutting down and abandoning module CharacterAI (438)
[2017.03.28-04.18.34:291][237]LogModuleManager: Shutting down and abandoning module AudioCapture (436)
[2017.03.28-04.18.34:301][237]LogModuleManager: Shutting down and abandoning module SequenceRecorder (435)
[2017.03.28-04.18.34:366][237]LogModuleManager: Shutting down and abandoning module SmartSnapping (432)
[2017.03.28-04.18.34:366][237]LogModuleManager: Shutting down and abandoning module SessionServices (430)
[2017.03.28-04.18.34:366][237]LogModuleManager: Shutting down and abandoning module ViewportSnapping (428)
[2017.03.28-04.18.34:366][237]LogModuleManager: Shutting down and abandoning module ViewportInteraction (426)
[2017.03.28-04.18.34:366][237]LogModuleManager: Shutting down and abandoning module LogVisualizer (424)
[2017.03.28-04.18.34:395][237]LogModuleManager: Shutting down and abandoning module IntroTutorials (422)
[2017.03.28-04.18.34:405][237]LogModuleManager: Shutting down and abandoning module GameProjectGeneration (421)
[2017.03.28-04.18.34:439][237]LogModuleManager: Shutting down and abandoning module EditorLiveStreaming (418)
[2017.03.28-04.18.34:439][237]LogModuleManager: Shutting down and abandoning module IOSPlatformEditor (416)
[2017.03.28-04.18.34:439][237]LogModuleManager: Shutting down and abandoning module HTML5PlatformEditor (414)
[2017.03.28-04.18.34:439][237]LogModuleManager: Shutting down and abandoning module AndroidPlatformEditor (412)
[2017.03.28-04.18.34:451][237]LogModuleManager: Shutting down and abandoning module AndroidDeviceDetection (411)
[2017.03.28-04.18.35:403][237]LogModuleManager: Shutting down and abandoning module IOSRuntimeSettings (408)
[2017.03.28-04.18.35:403][237]LogModuleManager: Shutting down and abandoning module AndroidRuntimeSettings (406)
[2017.03.28-04.18.35:403][237]LogModuleManager: Shutting down and abandoning module InputBindingEditor (404)
[2017.03.28-04.18.35:409][237]LogModuleManager: Shutting down and abandoning module NiagaraEditor (402)
[2017.03.28-04.18.35:442][237]LogModuleManager: Shutting down and abandoning module MergeActors (400)
[2017.03.28-04.18.35:480][237]LogModuleManager: Shutting down and abandoning module SizeMap (398)
[2017.03.28-04.18.35:491][237]LogModuleManager: Shutting down and abandoning module TreeMap (396)
[2017.03.28-04.18.35:526][237]LogModuleManager: Shutting down and abandoning module ReferenceViewer (394)
[2017.03.28-04.18.35:526][237]LogModuleManager: Shutting down and abandoning module LocalizationDashboard (392)
[2017.03.28-04.18.35:540][237]LogModuleManager: Shutting down and abandoning module LocalizationService (391)
[2017.03.28-04.18.35:580][237]LogModuleManager: Shutting down and abandoning module HardwareTargeting (388)
[2017.03.28-04.18.35:589][237]LogModuleManager: Shutting down and abandoning module DeviceProfileEditor (386)
[2017.03.28-04.18.35:595][237]LogModuleManager: Shutting down and abandoning module UndoHistory (384)
[2017.03.28-04.18.35:609][237]LogModuleManager: Shutting down and abandoning module UserFeedback (382)
[2017.03.28-04.18.35:609][237]LogModuleManager: Shutting down and abandoning module XmlParser (380)
[2017.03.28-04.18.35:631][237]LogModuleManager: Shutting down and abandoning module Blutility (378)
[2017.03.28-04.18.35:647][237]LogModuleManager: Shutting down and abandoning module ProjectSettingsViewer (376)
[2017.03.28-04.18.35:647][237]LogModuleManager: Shutting down and abandoning module ProjectTargetPlatformEditor (375)
[2017.03.28-04.18.35:647][237]LogModuleManager: Shutting down and abandoning module EditorSettingsViewer (372)
[2017.03.28-04.18.35:647][237]LogModuleManager: Shutting down and abandoning module SettingsEditor (370)
[2017.03.28-04.18.35:704][237]LogModuleManager: Shutting down and abandoning module ProjectLauncher (368)
[2017.03.28-04.18.35:736][237]LogModuleManager: Shutting down and abandoning module SessionFrontend (366)
[2017.03.28-04.18.35:765][237]LogModuleManager: Shutting down and abandoning module ProfilerClient (364)
[2017.03.28-04.18.35:795][237]LogModuleManager: Shutting down and abandoning module DeviceManager (362)
[2017.03.28-04.18.35:815][237]LogModuleManager: Shutting down and abandoning module TargetDeviceServices (361)
[2017.03.28-04.18.35:884][237]LogModuleManager: Shutting down and abandoning module AutomationController (358)
[2017.03.28-04.18.35:929][237]LogModuleManager: Shutting down and abandoning module AutomationWindow (356)
[2017.03.28-04.18.35:956][237]LogModuleManager: Shutting down and abandoning module Layers (354)
[2017.03.28-04.18.35:977][237]LogModuleManager: Shutting down and abandoning module ComponentVisualizers (352)
[2017.03.28-04.18.35:977][237]LogModuleManager: Shutting down and abandoning module DetailCustomizations (350)
[2017.03.28-04.18.35:996][237]LogModuleManager: Shutting down and abandoning module PackagesDialog (348)
[2017.03.28-04.18.36:028][237]LogModuleManager: Shutting down and abandoning module Persona (346)
[2017.03.28-04.18.36:058][237]LogModuleManager: Shutting down and abandoning module AnimGraph (345)
[2017.03.28-04.18.36:059][237]LogModuleManager: Shutting down and abandoning module Kismet (342)
[2017.03.28-04.18.36:145][237]LogModuleManager: Shutting down and abandoning module GraphEditor (340)
[2017.03.28-04.18.36:204][237]LogModuleManager: Shutting down and abandoning module ClassViewer (338)
[2017.03.28-04.18.36:213][237]LogModuleManager: Shutting down and abandoning module Toolbox (336)
[2017.03.28-04.18.36:225][237]LogModuleManager: Shutting down and abandoning module ModuleUI (334)
[2017.03.28-04.18.36:261][237]LogModuleManager: Shutting down and abandoning module MovieSceneTools (332)
[2017.03.28-04.18.36:275][237]LogModuleManager: Shutting down and abandoning module OutputLog (330)
[2017.03.28-04.18.36:284][237]LogModuleManager: Shutting down and abandoning module GammaUI (328)
[2017.03.28-04.18.36:300][237]LogModuleManager: Shutting down and abandoning module Documentation (326)
[2017.03.28-04.18.36:316][237]LogModuleManager: Shutting down and abandoning module Niagara (324)
[2017.03.28-04.18.36:316][237]LogModuleManager: Shutting down and abandoning module StreamingPauseRendering (322)
[2017.03.28-04.18.36:316][237]LogModuleManager: Shutting down and abandoning module AnalyticsET (320)
[2017.03.28-04.18.36:316][237]LogModuleManager: Shutting down and abandoning module PortalServices (318)
[2017.03.28-04.18.36:316][237]LogModuleManager: Shutting down and abandoning module PortalRpc (316)
[2017.03.28-04.18.36:316][237]LogModuleManager: Shutting down and abandoning module MessagingRpc (314)
[2017.03.28-04.18.36:316][237]LogModuleManager: Shutting down and abandoning module AIModule (312)
[2017.03.28-04.18.36:337][237]LogModuleManager: Shutting down and abandoning module GameplayDebugger (311)
[2017.03.28-04.18.36:352][237]LogModuleManager: Shutting down and abandoning module AITestSuite (309)
[2017.03.28-04.18.36:352][237]LogModuleManager: Shutting down and abandoning module ProfilerService (306)
[2017.03.28-04.18.36:545][237]LogModuleManager: Shutting down and abandoning module TaskGraph (304)
[2017.03.28-04.18.36:566][237]LogModuleManager: Shutting down and abandoning module SteamVRController (302)
[2017.03.28-04.18.36:566][237]LogModuleManager: Shutting down and abandoning module SteamVR (300)
[2017.03.28-04.18.36:566][237]LogModuleManager: Shutting down and abandoning module ProceduralMeshComponentEditor (298)
[2017.03.28-04.18.36:566][237]LogModuleManager: Shutting down and abandoning module ProceduralMeshComponent (296)
[2017.03.28-04.18.36:579][237]LogModuleManager: Shutting down and abandoning module OculusLibrary (294)
[2017.03.28-04.18.36:579][237]LogModuleManager: Shutting down and abandoning module OculusInput (292)
[2017.03.28-04.18.36:579][237]LogModuleManager: Shutting down and abandoning module MobilePatchingUtils (290)
[2017.03.28-04.18.36:579][237]LogModuleManager: Shutting down and abandoning module CustomMeshComponent (288)
[2017.03.28-04.18.36:580][237]LogModuleManager: Shutting down and abandoning module CableComponent (286)
[2017.03.28-04.18.36:590][237]LogModuleManager: Shutting down and abandoning module ArchVisCharacter (284)
[2017.03.28-04.18.36:590][237]LogModuleManager: Shutting down and abandoning module MediaPlayerEditor (280)
[2017.03.28-04.18.36:607][237]LogModuleManager: Shutting down and abandoning module HTML5Networking (278)
[2017.03.28-04.18.36:607][237]LogModuleManager: Shutting down and abandoning module AlembicImporter (276)
[2017.03.28-04.18.36:620][237]LogModuleManager: Shutting down and abandoning module AlembicLibrary (275)
[2017.03.28-04.18.36:630][237]LogModuleManager: Shutting down and abandoning module GeometryCache (274)
[2017.03.28-04.18.36:645][237]LogModuleManager: Shutting down and abandoning module GeometryCacheEd (273)
[2017.03.28-04.18.36:645][237]LogModuleManager: Shutting down and abandoning module SuperSearchEditor (268)
[2017.03.28-04.18.36:645][237]LogModuleManager: Shutting down and abandoning module SuperSearch (267)
[2017.03.28-04.18.36:645][237]LogModuleManager: Shutting down and abandoning module SpeedTreeImporter (264)
[2017.03.28-04.18.36:645][237]LogModuleManager: Shutting down and abandoning module PluginBrowser (262)
[2017.03.28-04.18.36:683][237]LogModuleManager: Shutting down and abandoning module MobileLauncherProfileWizard (260)
[2017.03.28-04.18.36:711][237]LogModuleManager: Shutting down and abandoning module EpicSurvey (258)
[2017.03.28-04.18.36:738][237]LogModuleManager: Shutting down and abandoning module VisualStudioSourceCodeAccess (256)
[2017.03.28-04.18.36:738][237]LogModuleManager: Shutting down and abandoning module DesktopPlatform (255)
[2017.03.28-04.18.36:772][237]LogModuleManager: Shutting down and abandoning module UObjectPlugin (252)
[2017.03.28-04.18.36:772][237]LogModuleManager: Shutting down and abandoning module SubversionSourceControl (250)
[2017.03.28-04.18.36:788][237]LogModuleManager: Shutting down and abandoning module PerforceSourceControl (248)
[2017.03.28-04.18.36:797][237]LogModuleManager: Shutting down and abandoning module GitSourceControl (246)
[2017.03.28-04.18.36:805][237]LogModuleManager: Shutting down and abandoning module SourceControl (245)
[2017.03.28-04.18.36:824][237]LogModuleManager: Shutting down and abandoning module LightPropagationVolumeEditor (242)
[2017.03.28-04.18.36:824][237]LogModuleManager: Shutting down and abandoning module PaperTiledImporter (240)
[2017.03.28-04.18.36:824][237]LogModuleManager: Shutting down and abandoning module PaperSpriteSheetImporter (238)
[2017.03.28-04.18.36:824][237]LogModuleManager: Shutting down and abandoning module Paper2DEditor (236)
[2017.03.28-04.18.36:848][237]LogModuleManager: Shutting down and abandoning module MeshPaint (235)
[2017.03.28-04.18.36:861][237]LogModuleManager: Shutting down and abandoning module LevelEditor (233)
[2017.03.28-04.18.37:007][237]LogModuleManager: Shutting down and abandoning module PixelInspectorModule (232)
[2017.03.28-04.18.37:044][237]LogModuleManager: Shutting down and abandoning module MainFrame (230)
[2017.03.28-04.18.37:044][237]LogModuleManager: Shutting down and abandoning module HotReload (229)
[2017.03.28-04.18.37:063][237]LogModuleManager: Shutting down and abandoning module ContentBrowser (225)
[2017.03.28-04.18.37:091][237]LogModuleManager: Shutting down and abandoning module PhysXVehiclesEditor (222)
[2017.03.28-04.18.37:115][237]LogModuleManager: Shutting down and abandoning module PhysXVehicles (220)
[2017.03.28-04.18.37:115][237]LogModuleManager: Shutting down and abandoning module LocationServicesBPLibrary (218)
[2017.03.28-04.18.37:115][237]LogModuleManager: Shutting down and abandoning module UdpMessaging (216)
[2017.03.28-04.18.37:216][237]LogModuleManager: Shutting down and abandoning module TcpMessaging (214)
[2017.03.28-04.18.37:338][237]LogModuleManager: Shutting down and abandoning module GameplayTagsEditor (212)
[2017.03.28-04.18.37:362][237]LogModuleManager: Shutting down and abandoning module FacialAnimationEditor (210)
[2017.03.28-04.18.37:366][237]LogModuleManager: Shutting down and abandoning module FacialAnimation (208)
[2017.03.28-04.18.37:366][237]LogModuleManager: Shutting down and abandoning module LightPropagationVolumeRuntime (206)
[2017.03.28-04.18.37:366][237]LogModuleManager: Shutting down and abandoning module Paper2D (204)
[2017.03.28-04.18.37:366][237]LogModuleManager: Shutting down and abandoning module WindowsMoviePlayer (202)
[2017.03.28-04.18.37:448][237]LogModuleManager: Shutting down and abandoning module WmfMedia (200)
[2017.03.28-04.18.37:519][237]LogModuleManager: Shutting down and abandoning module MfMedia (198)
[2017.03.28-04.18.37:519][237]LogModuleManager: Shutting down and abandoning module MediaAssets (196)
[2017.03.28-04.18.37:519][237]LogModuleManager: Shutting down and abandoning module GameLiveStreaming (194)
[2017.03.28-04.18.37:546][237]LogModuleManager: Shutting down and abandoning module VREditor (192)
[2017.03.28-04.18.37:546][237]LogModuleManager: Shutting down and abandoning module GameplayTasksEditor (190)
[2017.03.28-04.18.37:546][237]LogModuleManager: Shutting down and abandoning module BehaviorTreeEditor (188)
[2017.03.28-04.18.37:570][237]LogModuleManager: Shutting down and abandoning module FunctionalTesting (186)
[2017.03.28-04.18.37:570][237]LogModuleManager: Shutting down and abandoning module CollisionAnalyzer (184)
[2017.03.28-04.18.37:590][237]LogModuleManager: Shutting down and abandoning module UMG (182)
[2017.03.28-04.18.37:618][237]LogModuleManager: Shutting down and abandoning module UMGEditor (181)
[2017.03.28-04.18.37:648][237]LogModuleManager: Shutting down and abandoning module Sequencer (180)
[2017.03.28-04.18.37:671][237]LogModuleManager: Shutting down and abandoning module AssetTools (178)
[2017.03.28-04.18.37:726][237]LogModuleManager: Shutting down and abandoning module MessageLog (177)
[2017.03.28-04.18.37:750][237]LogModuleManager: Shutting down and abandoning module WorkspaceMenuStructure (176)
[2017.03.28-04.18.37:750][237]LogModuleManager: Shutting down and abandoning module SlateReflector (170)
[2017.03.28-04.18.37:782][237]LogModuleManager: Shutting down and abandoning module Slate (168)
[2017.03.28-04.18.37:782][237]LogModuleManager: Shutting down and abandoning module EditorStyle (166)
[2017.03.28-04.18.37:988][237]LogModuleManager: Shutting down and abandoning module SourceCodeAccess (164)
[2017.03.28-04.18.37:988][237]LogModuleManager: Shutting down and abandoning module HeadMountedDisplay (162)
[2017.03.28-04.18.37:988][237]LogModuleManager: Shutting down and abandoning module XAudio2 (160)
[2017.03.28-04.18.37:988][237]LogModuleManager: Shutting down and abandoning module Networking (158)
[2017.03.28-04.18.37:988][237]LogModuleManager: Shutting down and abandoning module Core (154)
[2017.03.28-04.18.37:988][237]LogModuleManager: Shutting down and abandoning module AssetRegistry (152)
[2017.03.28-04.18.38:452][237]LogDirectoryWatcher: A directory notification for '../../../Engine/Content/' was aborted.
[2017.03.28-04.18.38:452][237]LogDirectoryWatcher: A directory notification for '../../../../../../Users/Administrator/Documents/Unreal Projects/MyProject2/Content/' was aborted.
[2017.03.28-04.18.38:452][237]LogDirectoryWatcher: A directory notification for '../../../Engine/Plugins/2D/Paper2D/Content/' was aborted.
[2017.03.28-04.18.38:474][237]LogModuleManager: Shutting down and abandoning module DirectoryWatcher (151)
[2017.03.28-04.18.38:502][237]LogModuleManager: Shutting down and abandoning module KismetCompiler (148)
[2017.03.28-04.18.38:503][237]LogModuleManager: Shutting down and abandoning module PhysXFormats (146)
[2017.03.28-04.18.38:503][237]LogModuleManager: Shutting down and abandoning module MeshUtilities (144)
[2017.03.28-04.18.38:566][237]LogModuleManager: Shutting down and abandoning module SimplygonSwarm (143)
[2017.03.28-04.18.38:601][237]LogModuleManager: Shutting down and abandoning module SimplygonMeshReduction (141)
[2017.03.28-04.18.38:601][237]LogModuleManager: Shutting down and abandoning module QuadricMeshReduction (139)
[2017.03.28-04.18.38:602][237]LogModuleManager: Shutting down and abandoning module PropertyEditor (137)
[2017.03.28-04.18.38:602][237]LogModuleManager: Shutting down and abandoning module DerivedDataCache (134)
[2017.03.28-04.18.38:612][237]LogDerivedDataCache: Shutdown
[2017.03.28-04.18.38:612][237]LogModuleManager: Shutting down and abandoning module TargetPlatform (132)
[2017.03.28-04.18.38:655][237]LogModuleManager: Shutting down and abandoning module VulkanShaderFormat (131)
[2017.03.28-04.18.38:671][237]LogModuleManager: Shutting down and abandoning module ShaderFormatOpenGL (129)
[2017.03.28-04.18.38:707][237]LogModuleManager: Shutting down and abandoning module ShaderFormatD3D (127)
[2017.03.28-04.18.38:715][237]LogModuleManager: Shutting down and abandoning module MetalShaderFormat (125)
[2017.03.28-04.18.38:744][237]LogModuleManager: Shutting down and abandoning module TextureFormatUncompressed (123)
[2017.03.28-04.18.38:744][237]LogModuleManager: Shutting down and abandoning module TextureFormatPVR (121)
[2017.03.28-04.18.38:744][237]LogModuleManager: Shutting down and abandoning module TextureFormatDXT (119)
[2017.03.28-04.18.38:769][237]LogModuleManager: Shutting down and abandoning module TextureFormatIntelISPCTexComp (117)
[2017.03.28-04.18.38:809][237]LogModuleManager: Shutting down and abandoning module TextureFormatASTC (115)
[2017.03.28-04.18.38:809][237]LogModuleManager: Shutting down and abandoning module ImageWrapper (114)
[2017.03.28-04.18.38:809][237]LogModuleManager: Shutting down and abandoning module TextureFormatAndroid (111)
[2017.03.28-04.18.38:809][237]LogModuleManager: Shutting down and abandoning module AudioFormatOpus (109)
[2017.03.28-04.18.38:843][237]LogModuleManager: Shutting down and abandoning module AudioFormatOgg (107)
[2017.03.28-04.18.38:843][237]LogModuleManager: Shutting down and abandoning module AudioFormatADPCM (105)
[2017.03.28-04.18.38:843][237]LogModuleManager: Shutting down and abandoning module LinuxTargetPlatform (103)
[2017.03.28-04.18.38:843][237]LogModuleManager: Shutting down and abandoning module LinuxServerTargetPlatform (101)
[2017.03.28-04.18.38:843][237]LogModuleManager: Shutting down and abandoning module LinuxNoEditorTargetPlatform (99)
[2017.03.28-04.18.38:843][237]LogModuleManager: Shutting down and abandoning module LinuxClientTargetPlatform (97)
[2017.03.28-04.18.38:843][237]LogModuleManager: Shutting down and abandoning module TVOSTargetPlatform (95)
[2017.03.28-04.18.38:843][237]LogModuleManager: Shutting down and abandoning module Messaging (93)
[2017.03.28-04.18.38:843][237]LogModuleManager: Shutting down and abandoning module IOSTargetPlatform (91)
[2017.03.28-04.18.38:843][237]LogModuleManager: Shutting down and abandoning module HTML5TargetPlatform (89)
[2017.03.28-04.18.38:843][237]LogModuleManager: Shutting down and abandoning module Android_PVRTCTargetPlatform (87)
[2017.03.28-04.18.38:843][237]LogModuleManager: Shutting down and abandoning module Android_MultiTargetPlatform (85)
[2017.03.28-04.18.38:843][237]LogModuleManager: Shutting down and abandoning module Android_ETC2TargetPlatform (83)
[2017.03.28-04.18.38:843][237]LogModuleManager: Shutting down and abandoning module Android_ETC1TargetPlatform (81)
[2017.03.28-04.18.38:843][237]LogModuleManager: Shutting down and abandoning module Android_DXTTargetPlatform (79)
[2017.03.28-04.18.38:843][237]LogModuleManager: Shutting down and abandoning module Android_ATCTargetPlatform (77)
[2017.03.28-04.18.38:843][237]LogModuleManager: Shutting down and abandoning module Android_ASTCTargetPlatform (75)
[2017.03.28-04.18.38:843][237]LogModuleManager: Shutting down and abandoning module AndroidTargetPlatform (73)
[2017.03.28-04.18.38:843][237]LogModuleManager: Shutting down and abandoning module WindowsTargetPlatform (71)
[2017.03.28-04.18.38:843][237]LogModuleManager: Shutting down and abandoning module WindowsServerTargetPlatform (69)
[2017.03.28-04.18.38:843][237]LogModuleManager: Shutting down and abandoning module WindowsNoEditorTargetPlatform (67)
[2017.03.28-04.18.38:843][237]LogModuleManager: Shutting down and abandoning module WindowsClientTargetPlatform (65)
[2017.03.28-04.18.38:843][237]LogModuleManager: Shutting down and abandoning module MacTargetPlatform (63)
[2017.03.28-04.18.38:843][237]LogModuleManager: Shutting down and abandoning module MacServerTargetPlatform (61)
[2017.03.28-04.18.38:843][237]LogModuleManager: Shutting down and abandoning module MacNoEditorTargetPlatform (59)
[2017.03.28-04.18.38:843][237]LogModuleManager: Shutting down and abandoning module MacClientTargetPlatform (57)
[2017.03.28-04.18.38:843][237]LogModuleManager: Shutting down and abandoning module AllDesktopTargetPlatform (55)
[2017.03.28-04.18.38:843][237]LogModuleManager: Shutting down and abandoning module InputCore (52)
[2017.03.28-04.18.38:856][237]LogModuleManager: Shutting down and abandoning module Settings (50)
[2017.03.28-04.18.38:856][237]LogModuleManager: Shutting down and abandoning module OculusRift (48)
[2017.03.28-04.18.38:873][237]LogModuleManager: Shutting down and abandoning module GearVR (46)
[2017.03.28-04.18.38:878][237]LogModuleManager: Shutting down and abandoning module ExampleDeviceProfileSelector (44)
[2017.03.28-04.18.38:884][237]LogModuleManager: Shutting down and abandoning module OnlineBlueprintSupport (42)
[2017.03.28-04.18.38:884][237]LogModuleManager: Shutting down and abandoning module OnlineSubsystem (38)
[2017.03.28-04.18.38:884][237]LogOnline:Display: Unloading online subsystem: NULL
[2017.03.28-04.18.38:924][237]LogModuleManager: Shutting down and abandoning module XMPP (37)
[2017.03.28-04.18.38:966][237]LogModuleManager: Shutting down and abandoning module HTTP (35)
[2017.03.28-04.18.38:975][237]LogHttp:Display: Http module shutting down, but needs to wait on 1 outstanding Http requests:
[2017.03.28-04.18.38:975][237]LogHttp:Display: 	verb=[POST] url=[https://datarouter.ol.epicgames.com/datarouter/api/v1/public/data?SessionID=%7B9E43CF79-405E-FD6E-9CAE-9296B82A5E12%7D&AppID=UEEditor.Rocket.Release&AppVersion=4.15.1-3348071%2B%2B%2BUE4%2BRelease-4.15&UserID=91f85bf642b42adc1969e1983ffcc968%7Ce245b1c90ae844eea0884bc57ad78fff%7C9362c5a3-5ab1-49c7-8613-2af2e9fde8c6&AppEnvironment=datacollector-binary&UploadType=eteventstream] status=Processing
[2017.03.28-04.18.39:045][237]LogModuleManager: Shutting down and abandoning module SSL (34)
[2017.03.28-04.18.39:252][237]LogModuleManager: Shutting down and abandoning module AudioEditor (30)
[2017.03.28-04.18.39:252][237]LogModuleManager: Shutting down and abandoning module TextureCompressor (28)
[2017.03.28-04.18.39:343][237]LogModuleManager: Shutting down and abandoning module ShaderCore (26)
[2017.03.28-04.18.39:343][237]LogModuleManager: Shutting down and abandoning module Landscape (24)
[2017.03.28-04.18.39:355][237]LogModuleManager: Shutting down and abandoning module SlateRHIRenderer (22)
[2017.03.28-04.18.39:422][237]LogModuleManager: Shutting down and abandoning module OpenGLDrv (20)
[2017.03.28-04.18.39:470][237]LogModuleManager: Shutting down and abandoning module D3D11RHI (18)
[2017.03.28-04.18.39:470][237]LogModuleManager: Shutting down and abandoning module AnimGraphRuntime (16)
[2017.03.28-04.18.39:487][237]LogModuleManager: Shutting down and abandoning module Renderer (14)
[2017.03.28-04.18.39:487][237]LogModuleManager: Shutting down and abandoning module Engine (12)
[2017.03.28-04.18.39:487][237]LogModuleManager: Shutting down and abandoning module CoreUObject (10)
[2017.03.28-04.18.39:487][237]LogModuleManager: Shutting down and abandoning module NetworkFile (8)
[2017.03.28-04.18.39:523][237]LogModuleManager: Shutting down and abandoning module StreamingFile (6)
[2017.03.28-04.18.39:553][237]LogModuleManager: Shutting down and abandoning module SandboxFile (4)
[2017.03.28-04.18.39:564][237]LogModuleManager: Shutting down and abandoning module PakFile (2)
[2017.03.28-04.18.39:670][237]LogExit: Exiting.
[2017.03.28-04.18.39:748][237]Log file closed, 03/28/17 14:48:39
