Log file open, 03/24/17 13:26:35
LogInit:Display: Running engine for game: MyProject2
LogPlatformFile: Not using cached read wrapper
LogInit:Display: RandInit(-2016723314) SRandInit(-2016723314).
LogTaskGraph: Started task graph with 5 named threads and 8 total threads with 1 sets of task threads.
LogStats: Stats thread started at 0.074772
LogInit: Using libcurl 7.47.1
LogInit:  - built for x86_64-pc-win32
LogInit:  - supports SSL with OpenSSL/1.0.2g
LogInit:  - supports HTTP deflate (compression) using libz 1.2.8
LogInit:  - other features:
LogInit:      CURL_VERSION_SSL
LogInit:      CURL_VERSION_LIBZ
LogInit:      CURL_VERSION_IPV6
LogInit:      CURL_VERSION_ASYNCHDNS
LogInit:      CURL_VERSION_LARGEFILE
LogInit:      CURL_VERSION_IDN
LogInit:  CurlRequestOptions (configurable via config and command line):
LogInit:  - bVerifyPeer = false  - Libcurl will NOT verify peer certificate
LogInit:  - bUseHttpProxy = false  - Libcurl will NOT use HTTP proxy
LogInit:  - bDontReuseConnections = false  - Libcurl will reuse connections
LogInit:  - CertBundlePath = nullptr  - Libcurl will use whatever was configured at build time.
LogInit: Build: ++UE4+Release-4.15-CL-3348071
LogInit: Engine Version: 4.15.1-3348071+++UE4+Release-4.15
LogInit: Compatible Engine Version: 4.15.0-3299760+++UE4+Release-4.15
LogInit: Net CL: 3299760
LogDevObjectVersion: Number of dev versions registered: 14
LogDevObjectVersion:   Dev-Blueprints (B0D832E4-1F89-4F0D-ACCF-7EB736FD4AA2): 8
LogDevObjectVersion:   Dev-Build (E1C64328-A22C-4D53-A36C-8E866417BD8C): 0
LogDevObjectVersion:   Dev-Core (375EC13C-06E4-48FB-B500-84F0262A717E): 2
LogDevObjectVersion:   Dev-Editor (E4B068ED-F494-42E9-A231-DA0B2E46BB41): 14
LogDevObjectVersion:   Dev-Framework (CFFC743F-43B0-4480-9391-14DF171D2073): 22
LogDevObjectVersion:   Dev-Mobile (B02B49B5-BB20-44E9-A304-32B752E40360): 0
LogDevObjectVersion:   Dev-Networking (A4E4105C-59A1-49B5-A7C5-40C4547EDFEE): 0
LogDevObjectVersion:   Dev-Online (39C831C9-5AE6-47DC-9A44-9C173E1C8E7C): 0
LogDevObjectVersion:   Dev-Physics (78F01B33-EBEA-4F98-B9B4-84EACCB95AA2): 0
LogDevObjectVersion:   Dev-Platform (6631380F-2D4D-43E0-8009-CF276956A95A): 0
LogDevObjectVersion:   Dev-Rendering (12F88B9F-8875-4AFC-A67C-D90C383ABD29): 12
LogDevObjectVersion:   Dev-Sequencer (7B5AE74C-D270-4C10-A958-57980B212A5A): 3
LogDevObjectVersion:   Dev-VR (D7296918-1DD6-4BDD-9DE2-64A83CC13884): 0
LogDevObjectVersion:   Dev-LoadTimes (C2A15278-BFE7-4AFE-6C17-90FF531DF755): 1
LogInit: Compiled (64-bit): Mar 15 2017 16:52:47
LogInit: Compiled with Visual C++: 19.00.23026.00
LogInit: Build Configuration: Development
LogInit: Branch Name: ++UE4+Release-4.15
LogInit: Command line: -EpicPortal 
LogInit: Base directory: A:/Program Files/Epic Games/UE_4.15/Engine/Binaries/Win64/
LogInit: Installed Engine Build: 1
LogInit: Presizing for max 8388607 objects, including 0 objects not considered by GC, pre-allocating 0 bytes for permanent pool.
LogInit: Object subsystem initialized
[2017.03.24-02.56.37:024][  0]LogInit: Selected Device Profile: [Windows]
[2017.03.24-02.56.37:024][  0]LogInit: Applying CVar settings loaded from the selected device profile: [Windows]
[2017.03.24-02.56.37:032][  0]LogInit: Computer: DOTTY
[2017.03.24-02.56.37:032][  0]LogInit: User: Administrator
[2017.03.24-02.56.37:032][  0]LogInit: CPU Page size=65536, Cores=4
[2017.03.24-02.56.37:032][  0]LogInit: High frequency timer resolution =3.215353 MHz
[2017.03.24-02.56.37:032][  0]LogMemory: Memory total: Physical=8.0GB (8GB approx)
[2017.03.24-02.56.37:032][  0]LogMemory: Platform Memory Stats for Windows
[2017.03.24-02.56.37:032][  0]LogMemory: Process Physical Memory: 261.31 MB used, 261.31 MB peak
[2017.03.24-02.56.37:032][  0]LogMemory: Process Virtual Memory: 262.02 MB used, 262.02 MB peak
[2017.03.24-02.56.37:032][  0]LogMemory: Physical Memory: 5114.07 MB used,  3061.05 MB free, 8175.11 MB total
[2017.03.24-02.56.37:032][  0]LogMemory: Virtual Memory: 622.21 MB used,  3061.05 MB free, 134217728.00 MB total
[2017.03.24-02.56.37:094][  0]LogTextLocalizationManager: No specific translations for ('en-US') exist, so ('en') translations will be used.
[2017.03.24-02.56.37:710][  0]LogD3D11RHI: D3D11 adapters:
[2017.03.24-02.56.37:731][  0]LogD3D11RHI:    0. 'NVIDIA GeForce GTX 970' (Feature Level 11_0)
[2017.03.24-02.56.37:731][  0]LogD3D11RHI:       3991/0/4087 MB DedicatedVideo/DedicatedSystem/SharedSystem, Outputs:2, VendorId:0x10de
[2017.03.24-02.56.37:731][  0]LogD3D11RHI:    1. 'Microsoft Basic Render Driver' (Feature Level 11_0)
[2017.03.24-02.56.37:731][  0]LogD3D11RHI:       0/0/256 MB DedicatedVideo/DedicatedSystem/SharedSystem, Outputs:0, VendorId:0x1414
[2017.03.24-02.56.37:731][  0]LogD3D11RHI: Chosen D3D11 Adapter: 0
[2017.03.24-02.56.37:733][  0]LogD3D11RHI: Creating new Direct3DDevice
[2017.03.24-02.56.37:734][  0]LogD3D11RHI:     GPU DeviceId: 0x13c2 (for the marketing name, search the web for "GPU Device Id")
[2017.03.24-02.56.37:734][  0]LogWindows: EnumDisplayDevices:
[2017.03.24-02.56.37:734][  0]LogWindows:    0. 'NVIDIA GeForce GTX 970' (P:1 D:1)
[2017.03.24-02.56.37:734][  0]LogWindows:    1. 'NVIDIA GeForce GTX 970' (P:0 D:1)
[2017.03.24-02.56.37:734][  0]LogWindows:    2. 'NVIDIA GeForce GTX 970' (P:0 D:0)
[2017.03.24-02.56.37:734][  0]LogWindows:    3. 'NVIDIA GeForce GTX 970' (P:0 D:0)
[2017.03.24-02.56.37:734][  0]LogWindows: DebugString: FoundDriverCount:4 
[2017.03.24-02.56.37:734][  0]LogD3D11RHI:     Adapter Name: NVIDIA GeForce GTX 970
[2017.03.24-02.56.37:734][  0]LogD3D11RHI:   Driver Version: 375.86 (internal:21.21.13.7586, unified:375.86)
[2017.03.24-02.56.37:734][  0]LogD3D11RHI:      Driver Date: 11-10-2016
[2017.03.24-02.56.37:734][  0]LogRHI: Texture pool is 1361 MB (70% of 1945 MB)
[2017.03.24-02.56.37:743][  0]LogD3D11RHI: Async texture creation enabled
[2017.03.24-02.56.37:761][  0]LogD3D11RHI: GPU Timing Frequency: 1000.000000 (Debug: 2 2)
[2017.03.24-02.56.37:862][  0]LogShaderCompilers: Guid format shader working directory is -20 characters bigger than the processId version (../../../../../../Users/Administrator/Documents/Unreal Projects/MyProject2/Intermediate/Shaders/WorkingDirectory/4000/).
[2017.03.24-02.56.37:862][  0]LogShaderCompilers: Cleaned the shader compiler working directory 'A:/Users/Administrator/AppData/Local/Temp/UnrealShaderWorkingDir/00F8ED5E45425AAEF65A70823B8DD59E/'.
[2017.03.24-02.56.37:862][  0]LogShaderCompilers:Display: Using Local Shader Compiler.
[2017.03.24-02.56.39:184][  0]LogTemp:Display: Loaded TP AllDesktopTargetPlatform
[2017.03.24-02.56.39:261][  0]LogTemp:Display: Loaded TP MacClientTargetPlatform
[2017.03.24-02.56.39:337][  0]LogTemp:Display: Loaded TP MacNoEditorTargetPlatform
[2017.03.24-02.56.39:385][  0]LogTemp:Display: Loaded TP MacServerTargetPlatform
[2017.03.24-02.56.39:433][  0]LogTemp:Display: Loaded TP MacTargetPlatform
[2017.03.24-02.56.39:482][  0]LogTemp:Display: Loaded TP WindowsClientTargetPlatform
[2017.03.24-02.56.39:530][  0]LogTemp:Display: Loaded TP WindowsNoEditorTargetPlatform
[2017.03.24-02.56.39:579][  0]LogTemp:Display: Loaded TP WindowsServerTargetPlatform
[2017.03.24-02.56.39:616][  0]LogTemp:Display: Loaded TP WindowsTargetPlatform
[2017.03.24-02.56.39:662][  0]LogTemp:Display: Loaded TP AndroidTargetPlatform
[2017.03.24-02.56.39:776][  0]LogTemp:Display: Loaded TP Android_ASTCTargetPlatform
[2017.03.24-02.56.39:829][  0]LogTemp:Display: Loaded TP Android_ATCTargetPlatform
[2017.03.24-02.56.39:924][  0]LogTemp:Display: Loaded TP Android_DXTTargetPlatform
[2017.03.24-02.56.40:014][  0]LogTemp:Display: Loaded TP Android_ETC1TargetPlatform
[2017.03.24-02.56.40:060][  0]LogTemp:Display: Loaded TP Android_ETC2TargetPlatform
[2017.03.24-02.56.40:155][  0]LogTemp:Display: Loaded TP Android_MultiTargetPlatform
[2017.03.24-02.56.40:155][  0]LogTemp:Display: Loaded TP Android_PVRTCTargetPlatform
[2017.03.24-02.56.40:183][  0]LogTemp:Display: Loaded TP HTML5TargetPlatform
[2017.03.24-02.56.40:330][  0]LogTemp:Display: Loaded TP IOSTargetPlatform
[2017.03.24-02.56.40:364][  0]LogTemp:Display: Loaded TP TVOSTargetPlatform
[2017.03.24-02.56.40:448][  0]LogTemp:Display: Loaded TP LinuxClientTargetPlatform
[2017.03.24-02.56.40:520][  0]LogTemp:Display: Loaded TP LinuxNoEditorTargetPlatform
[2017.03.24-02.56.40:629][  0]LogTemp:Display: Loaded TP LinuxServerTargetPlatform
[2017.03.24-02.56.40:676][  0]LogTemp:Display: Loaded TP LinuxTargetPlatform
[2017.03.24-02.56.40:676][  0]LogTargetPlatformManager:Display: Building Assets For Windows
[2017.03.24-02.56.41:087][  0]LogDerivedDataCache:Display: Max Cache Size: 512 MB
[2017.03.24-02.56.41:130][  0]LogDerivedDataCache: Loaded boot cache 0.04s 50MB A:/Users/Administrator/AppData/Local/UnrealEngine/4.15/DerivedDataCache/Boot.ddc.
[2017.03.24-02.56.41:130][  0]LogDerivedDataCache:Display: Loaded Boot cache: A:/Users/Administrator/AppData/Local/UnrealEngine/4.15/DerivedDataCache/Boot.ddc
[2017.03.24-02.56.41:130][  0]LogDerivedDataCache: FDerivedDataBackendGraph:  Pak pak cache file ../../../../../../Users/Administrator/Documents/Unreal Projects/MyProject2/DerivedDataCache/DDC.ddp not found, will not use a pak cache.
[2017.03.24-02.56.41:130][  0]LogDerivedDataCache: Unable to find inner node Pak for hierarchical cache Hierarchy.
[2017.03.24-02.56.41:130][  0]LogDerivedDataCache: FDerivedDataBackendGraph:  CompressedPak pak cache file ../../../../../../Users/Administrator/Documents/Unreal Projects/MyProject2/DerivedDataCache/Compressed.ddp not found, will not use a pak cache.
[2017.03.24-02.56.41:130][  0]LogDerivedDataCache: Unable to find inner node CompressedPak for hierarchical cache Hierarchy.
[2017.03.24-02.56.41:149][  0]LogDerivedDataCache:Display: Pak cache opened for reading ../../../Engine/DerivedDataCache/Compressed.ddp.
[2017.03.24-02.56.41:161][  0]LogDerivedDataCache: Using Local data cache path A:/Users/Administrator/AppData/Local/UnrealEngine/Common/DerivedDataCache: Writable
[2017.03.24-02.56.41:170][  0]LogSlate: Using Freetype 2.6.0
[2017.03.24-02.56.41:171][  0]LogSlate: SlateFontCache - WITH_FREETYPE: 1, WITH_HARFBUZZ: 1
[2017.03.24-02.56.41:171][  0]LogSlate: SlateFontCache - WITH_FREETYPE: 1, WITH_HARFBUZZ: 1
[2017.03.24-02.56.41:428][  0]LogInit: Selected Device Profile: [Windows]
[2017.03.24-02.56.41:431][  0]LogContentStreaming: Texture pool size is 0.00 MB
[2017.03.24-02.56.41:704][  0]LogMeshUtilities: Using QuadricMeshReduction for automatic static mesh reduction
[2017.03.24-02.56.41:774][  0]LogSimplygon: Simplygon DLL not present - disabling.
[2017.03.24-02.56.41:808][  0]LogMeshUtilities: Using SimplygonSwarm for distributed automatic mesh merging
[2017.03.24-02.56.41:808][  0]LogMeshUtilities: No automatic skeletal mesh reduction module available
[2017.03.24-02.56.41:808][  0]LogMeshUtilities: No automatic mesh merging module available
[2017.03.24-02.56.42:345][  0]LogNetVersion: GetLocalNetworkVersion: CL: 3299760, ProjectName: myproject2, ProjectVersion: , EngineNetworkVersion: 2, GameNetworkVersion: 0, NetworkChecksum: 137606773
[2017.03.24-02.56.42:387][  0]LogAssetRegistry: FAssetRegistry took 0.0215 seconds to start up
[2017.03.24-02.56.42:420][  0]LogPackageLocalizationCache: Processed 3 localized package path(s) for 2 prioritized culture(s) in 0.014819 seconds
[2017.03.24-02.56.42:425][  0]LogUObjectArray: 32493 objects as part of root set at end of initial load.
[2017.03.24-02.56.42:425][  0]LogUObjectAllocator: 7077024 out of 0 bytes used by permanent object pool.
[2017.03.24-02.56.42:425][  0]LogUObjectArray: CloseDisregardForGC: 0/0 objects in disregard for GC pool
[2017.03.24-02.56.42:476][  0]LogInit: WinSock: version 1.1 (2.2), MaxSocks=32767, MaxUdp=65467
[2017.03.24-02.56.43:802][  0]LogTcpMessaging: Initializing TcpMessaging bridge
[2017.03.24-02.56.43:837][  0]LogUdpMessaging: Initializing bridge on interface 0.0.0.0:0 to multicast group 230.0.0.1:6666.
[2017.03.24-02.56.44:294][  0]LogMaterial: Uniform references updated for custom material expression Custom.
[2017.03.24-02.56.44:588][  0]SourceControl: Info Source control is disabled
[2017.03.24-02.56.44:588][  0]SourceControl: Info Source control is disabled
[2017.03.24-02.56.44:622][  0]SourceControl: Info Source control is disabled
[2017.03.24-02.56.44:672][  0]SourceControl: Info Source control is disabled
[2017.03.24-02.56.44:994][  0]LogLinker:Warning: Can't find file '/Game/TopDownBP/TopDownOverview'
[2017.03.24-02.56.44:994][  0]LogLinker:Warning: Can't find file '/Game/TopDownBP/TopDownOverview'
[2017.03.24-02.56.44:994][  0]LogUObjectGlobals:Warning: Failed to find object 'Class /Game/TopDownBP/TopDownOverview.TopDownOverview_C'
[2017.03.24-02.56.45:757][  0]LogEngine: Initializing Engine...
[2017.03.24-02.56.45:758][  0]LogHMD: Failed to initialize OpenVR with code 110
[2017.03.24-02.56.45:977][  0]LogAIModule: Creating AISystem for world Untitled
[2017.03.24-02.56.45:997][  0]LogInit: XAudio2 using 'Speakers (ASUS Xonar DG Audio Device)' : 2 channels at 44.1 kHz using 24 bits per sample (channel mask 0x3)
[2017.03.24-02.56.46:008][  0]LogInit: FAudioDevice initialized.
[2017.03.24-02.56.46:038][  0]LogDerivedDataCache: Saved boot cache 0.03s 50MB A:/Users/Administrator/AppData/Local/UnrealEngine/4.15/DerivedDataCache/Boot.ddc.
[2017.03.24-02.56.46:045][  0]LogInit: Texture streaming: Enabled
[2017.03.24-02.56.46:122][  0]LogEngineSessionManager: EngineSessionManager initialized
[2017.03.24-02.56.46:186][  0]LogInit: Transaction tracking system initialized
[2017.03.24-02.56.46:450][  0]BlueprintLog: New page: Editor Load
[2017.03.24-02.56.47:188][  0]LocalizationService: Info Localization service is disabled
[2017.03.24-02.56.47:852][  0]LogConsoleResponse:Display: 
[2017.03.24-02.56.47:968][  0]LogCook:Display: Max memory allowance for cook 16384mb min free memory 0mb
[2017.03.24-02.56.47:968][  0]LogCook:Display: Mobile HDR setting 1
[2017.03.24-02.56.48:871][  0]LogFileCache: Scanning file cache for directory 'A:/Users/Administrator/Documents/Unreal Projects/MyProject2/Content/' took 0.01s
[2017.03.24-02.56.48:904][  0]SourceControl: Info Source control is disabled
[2017.03.24-02.56.48:904][  0]Cmd: MAP LOAD FILE="../../../../../../Users/Administrator/Documents/Unreal Projects/MyProject2/Content/DEMO/MAPS/Level00.umap" TEMPLATE=0 SHOWPROGRESS=1 FEATURELEVEL=3
[2017.03.24-02.56.48:904][  0]LightingResults: New page: Lighting Build
[2017.03.24-02.56.48:934][  0]MapCheck: New page: Map Check
[2017.03.24-02.56.48:934][  0]LightingResults: New page: Lighting Build
[2017.03.24-02.56.49:310][  0]LogAIModule: Creating AISystem for world Level00
[2017.03.24-02.56.49:339][  0]LogEditorServer: Finished looking for orphan Actors (0.000 secs)
[2017.03.24-02.56.49:340][  0]Cmd: MAP CHECKDEP NOCLEARLOG
[2017.03.24-02.56.49:368][  0]MapCheck: Info Map check complete: 0 Error(s), 0 Warning(s), took 28.351ms to complete.
[2017.03.24-02.56.49:368][  0]LogFileHelpers: Loading map 'Level00' took 0.465
[2017.03.24-02.56.49:613][  0]LogCollectionManager: Loaded 0 collections in 0.001622 seconds
[2017.03.24-02.56.49:685][  0]LogFileCache: Scanning file cache for directory 'A:/Users/Administrator/Documents/Unreal Projects/MyProject2/Saved/Collections/' took 0.01s
[2017.03.24-02.56.49:685][  0]LogFileCache: Scanning file cache for directory 'A:/Users/Administrator/Documents/Unreal Projects/MyProject2/Content/Developers/Administrator/Collections/' took 0.01s
[2017.03.24-02.56.49:685][  0]LogFileCache: Scanning file cache for directory 'A:/Users/Administrator/Documents/Unreal Projects/MyProject2/Content/Collections/' took 0.01s
[2017.03.24-02.56.49:685][  0]LogCollectionManager: Rebuilt the GUID cache for 0 collections in 0.000002 seconds
[2017.03.24-02.56.49:694][  0]LogContentBrowser: Native class hierarchy populated in 0.0088 seconds. Added 2245 classes and 453 folders.
[2017.03.24-02.56.49:697][  0]LogStats: UGameplayTagsManager::ConstructGameplayTagTree: Construct from data asset -  0.000 s
[2017.03.24-02.56.49:697][  0]LogStats: UGameplayTagsManager::ConstructGameplayTagTree: GameplayTagTreeChangedEvent.Broadcast -  0.000 s
[2017.03.24-02.56.49:744][  0]LogContentBrowser: Native class hierarchy updated for 'WidgetCarousel' in 0.0005 seconds. Added 0 classes and 0 folders.
[2017.03.24-02.56.49:770][  0]LogContentBrowser: Native class hierarchy updated for 'AddContentDialog' in 0.0005 seconds. Added 0 classes and 0 folders.
[2017.03.24-02.56.49:802][  0]LogContentBrowser: Native class hierarchy updated for 'SceneOutliner' in 0.0005 seconds. Added 1 classes and 2 folders.
[2017.03.24-02.56.49:921][  0]LogCrashTracker: Crashtracker disabled due to settings.
[2017.03.24-02.56.49:927][  0]LogUObjectGlobals:Warning: Failed to find object 'Class None.'
[2017.03.24-02.56.49:980][  0]LogContentBrowser: Native class hierarchy updated for 'HierarchicalLODOutliner' in 0.0005 seconds. Added 1 classes and 2 folders.
[2017.03.24-02.56.49:980][  0]LogLoad: (Engine Initialization) Total time: 14.97 seconds
[2017.03.24-02.56.49:980][  0]LogLoad: (Engine Initialization) Total Blueprint compile time: 0.14 seconds
[2017.03.24-02.56.49:980][  0]LogExternalProfiler: No external profilers were discovered.  External profiling features will not be available.
[2017.03.24-02.56.50:321][  0]LogOcInput: OculusInput pre-init called
[2017.03.24-02.56.50:351][  0]LogContentStreaming: Texture pool size now 1000 MB
[2017.03.24-02.56.50:353][  0]LogSlate: Took 0.000306 seconds to synchronously load lazily loaded font '../../../Engine/Content/Slate/Fonts/Roboto-Regular.ttf' (155K)
[2017.03.24-02.56.50:364][  0]LogSlate: Took 0.000290 seconds to synchronously load lazily loaded font '../../../Engine/Content/Slate/Fonts/Roboto-Bold.ttf' (160K)
[2017.03.24-02.56.50:371][  0]LogSlate: Took 0.000298 seconds to synchronously load lazily loaded font '../../../Engine/Content/Editor/Slate/Fonts/FontAwesome.ttf' (139K)
[2017.03.24-02.56.50:537][  0]LogSlate: Took 0.000121 seconds to synchronously load lazily loaded font '../../../Engine/Content/Slate/Fonts/Roboto-Light.ttf' (159K)
[2017.03.24-02.56.50:587][  1]LogRenderer: Reallocating scene render targets to support 1032x372 NumSamples 1 (Frame:2).
[2017.03.24-02.56.50:670][  1]LogAssetRegistry: Asset discovery search completed in 8.3059 seconds
[2017.03.24-02.56.50:670][  1]LogCollectionManager: Rebuilt the object cache for 0 collections in 0.000005 seconds (found 0 objects)
[2017.03.24-02.56.50:670][  1]LogCollectionManager: Fixed up redirectors for 0 collections in 0.000019 seconds (updated 0 objects)
[2017.03.24-02.57.57:804][649]LogTemp: Repeting last play command: Selected Viewport
[2017.03.24-02.57.57:817][649]LogPlayLevel: PlayLevel: No blueprints needed recompiling
[2017.03.24-02.57.57:817][649]PIE: New page: PIE session: Level00 (Mar 24, 2017, 11:57:57 PM)
[2017.03.24-02.57.57:818][649]LogPlayLevel: Creating play world package: /Game/DEMO/MAPS/UEDPIE_0_Level00
[2017.03.24-02.57.57:819][649]LogPlayLevel: PIE: StaticDuplicateObject took: (0.001812s)
[2017.03.24-02.57.57:820][649]LogAIModule: Creating AISystem for world Level00
[2017.03.24-02.57.57:820][649]LogPlayLevel: PIE: World Init took: (0.000729s)
[2017.03.24-02.57.57:820][649]LogPlayLevel: PIE: Created PIE world by copying editor world from /Game/DEMO/MAPS/Level00.Level00 to /Game/DEMO/MAPS/UEDPIE_0_Level00.Level00 (0.002729s)
[2017.03.24-02.57.57:836][649]LogInit: XAudio2 using 'Speakers (ASUS Xonar DG Audio Device)' : 2 channels at 44.1 kHz using 24 bits per sample (channel mask 0x3)
[2017.03.24-02.57.57:839][649]LogInit: FAudioDevice initialized.
[2017.03.24-02.57.57:937][649]LogLoad: Game class is '2DSideScrollerGameMode_C'
[2017.03.24-02.57.57:939][649]LogWorld: Bringing World /Game/DEMO/MAPS/UEDPIE_0_Level00.Level00 up for play (max tick rate 0) at 2017.03.24-13.27.57
[2017.03.24-02.57.57:939][649]LogWorld: Bringing up level for play took: 0.000864
[2017.03.24-02.57.57:968][649]LogContentBrowser: Native class hierarchy updated for 'MovieSceneCapture' in 0.0005 seconds. Added 11 classes and 0 folders.
[2017.03.24-02.57.57:970][649]PIE: Info Play in editor start time for /Game/DEMO/MAPS/UEDPIE_0_Level00 -0.452
[2017.03.24-02.58.47:643][ 95]LogSlate: Took 0.000137 seconds to synchronously load lazily loaded font '../../../Engine/Content/Slate/Fonts/Roboto-Light.ttf' (159K)
[2017.03.24-02.58.47:836][ 95]LogSlate: Took 0.023630 seconds to synchronously load lazily loaded font '../../../Engine/Content/Editor/Slate/Fonts/Roboto-BoldCondensed.ttf' (158K)
[2017.03.24-02.59.20:817][845]Cmd: TRANSACTION UNDO
[2017.03.24-02.59.20:817][845]LogEditorTransaction: Undo Add Box Shape
[2017.03.24-02.59.20:829][845]LogSlate: Took 0.000151 seconds to synchronously load lazily loaded font '../../../Engine/Content/Slate/Fonts/Roboto-Light.ttf' (159K)
[2017.03.24-02.59.43:390][894]LogTemp: Repeting last play command: Selected Viewport
[2017.03.24-02.59.43:404][894]LogPlayLevel: PlayLevel: No blueprints needed recompiling
[2017.03.24-02.59.43:404][894]PIE: New page: PIE session: Level00 (Mar 24, 2017, 11:59:43 PM)
[2017.03.24-02.59.43:404][894]LogPlayLevel: Creating play world package: /Game/DEMO/MAPS/UEDPIE_0_Level00
[2017.03.24-02.59.43:406][894]LogPlayLevel: PIE: StaticDuplicateObject took: (0.001953s)
[2017.03.24-02.59.43:406][894]LogAIModule: Creating AISystem for world Level00
[2017.03.24-02.59.43:407][894]LogPlayLevel: PIE: World Init took: (0.000895s)
[2017.03.24-02.59.43:407][894]LogPlayLevel: PIE: Created PIE world by copying editor world from /Game/DEMO/MAPS/Level00.Level00 to /Game/DEMO/MAPS/UEDPIE_0_Level00.Level00 (0.003011s)
[2017.03.24-02.59.43:420][894]LogInit: XAudio2 using 'Speakers (ASUS Xonar DG Audio Device)' : 2 channels at 44.1 kHz using 24 bits per sample (channel mask 0x3)
[2017.03.24-02.59.43:423][894]LogInit: FAudioDevice initialized.
[2017.03.24-02.59.43:450][894]LogLoad: Game class is '2DSideScrollerGameMode_C'
[2017.03.24-02.59.43:452][894]LogWorld: Bringing World /Game/DEMO/MAPS/UEDPIE_0_Level00.Level00 up for play (max tick rate 0) at 2017.03.24-13.29.43
[2017.03.24-02.59.43:452][894]LogWorld: Bringing up level for play took: 0.000901
[2017.03.24-02.59.43:453][894]PIE: Info Play in editor start time for /Game/DEMO/MAPS/UEDPIE_0_Level00 1.031
[2017.03.24-02.59.53:854][ 44]LogEditorViewport: Clicking on Actor (context menu): PlayerStart (Player Start)
[2017.03.24-02.59.55:258][194]LogEditorViewport: Clicking on Actor (LMB): PaperTileMapActor (tilemapTest1)
[2017.03.24-02.59.55:854][241]LogEditorViewport: Clicking on Actor (LMB): PlayerStart (Player Start)
[2017.03.24-02.59.59:074][576]LogNavigationPoint: PostEditMove Clear paths rebuilt
[2017.03.24-02.59.59:883][662]LogTemp: Repeting last play command: Selected Viewport
[2017.03.24-02.59.59:896][662]LogPlayLevel: PlayLevel: No blueprints needed recompiling
[2017.03.24-02.59.59:896][662]PIE: New page: PIE session: Level00 (Mar 24, 2017, 11:59:59 PM)
[2017.03.24-02.59.59:896][662]LogPlayLevel: Creating play world package: /Game/DEMO/MAPS/UEDPIE_0_Level00
[2017.03.24-02.59.59:898][662]LogPlayLevel: PIE: StaticDuplicateObject took: (0.001604s)
[2017.03.24-02.59.59:899][662]LogAIModule: Creating AISystem for world Level00
[2017.03.24-02.59.59:899][662]LogPlayLevel: PIE: World Init took: (0.001251s)
[2017.03.24-02.59.59:899][662]LogPlayLevel: PIE: Created PIE world by copying editor world from /Game/DEMO/MAPS/Level00.Level00 to /Game/DEMO/MAPS/UEDPIE_0_Level00.Level00 (0.003002s)
[2017.03.24-02.59.59:912][662]LogInit: XAudio2 using 'Speakers (ASUS Xonar DG Audio Device)' : 2 channels at 44.1 kHz using 24 bits per sample (channel mask 0x3)
[2017.03.24-02.59.59:915][662]LogInit: FAudioDevice initialized.
[2017.03.24-02.59.59:950][662]LogLoad: Game class is '2DSideScrollerGameMode_C'
[2017.03.24-02.59.59:953][662]LogWorld: Bringing World /Game/DEMO/MAPS/UEDPIE_0_Level00.Level00 up for play (max tick rate 0) at 2017.03.24-13.29.59
[2017.03.24-02.59.59:954][662]LogWorld: Bringing up level for play took: 0.002178
[2017.03.24-02.59.59:957][662]PIE: Info Play in editor start time for /Game/DEMO/MAPS/UEDPIE_0_Level00 -0.465
[2017.03.24-03.00.23:229][151]LogEditorViewport: Clicking on Actor (LMB): PaperTileMapActor (tilemapTest1)
[2017.03.24-03.00.23:976][221]LogEditorViewport: Clicking on Actor (LMB): PlayerStart (Player Start)
[2017.03.24-03.00.27:408][600]LogEditorViewport: Clicking on Actor (LMB): PaperTileMapActor (tilemapTest1)
[2017.03.24-03.00.28:123][675]LogEditorViewport: Clicking on Actor (LMB): PlayerStart (Player Start)
[2017.03.24-03.00.30:303][900]LogNavigationPoint: PostEditMove Clear paths rebuilt
[2017.03.24-03.00.31:135][995]LogTemp: Repeting last play command: Selected Viewport
[2017.03.24-03.00.31:148][995]LogPlayLevel: PlayLevel: No blueprints needed recompiling
[2017.03.24-03.00.31:148][995]PIE: New page: PIE session: Level00 (Mar 25, 2017, 12:00:31 AM)
[2017.03.24-03.00.31:148][995]LogPlayLevel: Creating play world package: /Game/DEMO/MAPS/UEDPIE_0_Level00
[2017.03.24-03.00.31:150][995]LogPlayLevel: PIE: StaticDuplicateObject took: (0.001744s)
[2017.03.24-03.00.31:151][995]LogAIModule: Creating AISystem for world Level00
[2017.03.24-03.00.31:151][995]LogPlayLevel: PIE: World Init took: (0.001219s)
[2017.03.24-03.00.31:151][995]LogPlayLevel: PIE: Created PIE world by copying editor world from /Game/DEMO/MAPS/Level00.Level00 to /Game/DEMO/MAPS/UEDPIE_0_Level00.Level00 (0.003139s)
[2017.03.24-03.00.31:164][995]LogInit: XAudio2 using 'Speakers (ASUS Xonar DG Audio Device)' : 2 channels at 44.1 kHz using 24 bits per sample (channel mask 0x3)
[2017.03.24-03.00.31:167][995]LogInit: FAudioDevice initialized.
[2017.03.24-03.00.31:198][995]LogLoad: Game class is '2DSideScrollerGameMode_C'
[2017.03.24-03.00.31:200][995]LogWorld: Bringing World /Game/DEMO/MAPS/UEDPIE_0_Level00.Level00 up for play (max tick rate 0) at 2017.03.24-13.30.31
[2017.03.24-03.00.31:200][995]LogWorld: Bringing up level for play took: 0.000976
[2017.03.24-03.00.31:201][995]PIE: Info Play in editor start time for /Game/DEMO/MAPS/UEDPIE_0_Level00 0.779
[2017.03.24-03.07.47:928][597]LogSavePackage: Save=48.04ms
[2017.03.24-03.07.47:928][597]LogSavePackage: Moving '../../../../../../Users/Administrator/Documents/Unreal Projects/MyProject2/Saved/Level00_Auto1C95948834DFD411DDB46A7B76A78BD57.tmp' to '../../../../../../Users/Administrator/Documents/Unreal Projects/MyProject2/Saved/Autosaves/Game/DEMO/MAPS/Level00_Auto1.umap'
[2017.03.24-03.07.47:929][597]LogSavePackage:Display: Finished SavePackage ../../../../../../Users/Administrator/Documents/Unreal Projects/MyProject2/Saved/Autosaves/Game/DEMO/MAPS/Level00_Auto1.umap
[2017.03.24-03.07.47:931][597]LogFileHelpers: Editor autosave (incl. sublevels) for '/Game/DEMO/MAPS/Level00' took 0.087
[2017.03.24-03.07.47:931][597]LogFileHelpers: Editor autosave (incl. sublevels) for all levels took 0.087
[2017.03.24-03.17.48:552][398]LogFileHelpers: Editor autosave (incl. sublevels) for '/Game/DEMO/MAPS/Level00' took 0.008
[2017.03.24-03.27.49:200][200]LogFileHelpers: Editor autosave (incl. sublevels) for '/Game/DEMO/MAPS/Level00' took 0.007
[2017.03.24-03.37.49:943][  2]LogFileHelpers: Editor autosave (incl. sublevels) for '/Game/DEMO/MAPS/Level00' took 0.018
[2017.03.24-03.47.50:578][804]LogFileHelpers: Editor autosave (incl. sublevels) for '/Game/DEMO/MAPS/Level00' took 0.017
[2017.03.24-03.57.51:246][606]LogFileHelpers: Editor autosave (incl. sublevels) for '/Game/DEMO/MAPS/Level00' took 0.017
[2017.03.24-04.07.51:908][408]LogFileHelpers: Editor autosave (incl. sublevels) for '/Game/DEMO/MAPS/Level00' took 0.013
[2017.03.24-04.17.52:582][210]LogFileHelpers: Editor autosave (incl. sublevels) for '/Game/DEMO/MAPS/Level00' took 0.017
[2017.03.24-04.27.53:246][ 12]LogFileHelpers: Editor autosave (incl. sublevels) for '/Game/DEMO/MAPS/Level00' took 0.017
[2017.03.24-04.37.53:916][814]LogFileHelpers: Editor autosave (incl. sublevels) for '/Game/DEMO/MAPS/Level00' took 0.017
[2017.03.24-04.47.54:583][616]LogFileHelpers: Editor autosave (incl. sublevels) for '/Game/DEMO/MAPS/Level00' took 0.017
[2017.03.24-04.57.55:249][418]LogFileHelpers: Editor autosave (incl. sublevels) for '/Game/DEMO/MAPS/Level00' took 0.018
[2017.03.24-05.07.55:917][220]LogFileHelpers: Editor autosave (incl. sublevels) for '/Game/DEMO/MAPS/Level00' took 0.017
[2017.03.24-05.17.56:584][ 22]LogFileHelpers: Editor autosave (incl. sublevels) for '/Game/DEMO/MAPS/Level00' took 0.017
[2017.03.24-05.27.57:249][824]LogFileHelpers: Editor autosave (incl. sublevels) for '/Game/DEMO/MAPS/Level00' took 0.013
[2017.03.24-05.37.57:919][626]LogFileHelpers: Editor autosave (incl. sublevels) for '/Game/DEMO/MAPS/Level00' took 0.017
[2017.03.24-05.47.58:586][428]LogFileHelpers: Editor autosave (incl. sublevels) for '/Game/DEMO/MAPS/Level00' took 0.017
[2017.03.24-05.57.59:253][230]LogFileHelpers: Editor autosave (incl. sublevels) for '/Game/DEMO/MAPS/Level00' took 0.017
[2017.03.24-06.07.59:920][ 32]LogFileHelpers: Editor autosave (incl. sublevels) for '/Game/DEMO/MAPS/Level00' took 0.018
[2017.03.24-06.18.00:581][834]LogFileHelpers: Editor autosave (incl. sublevels) for '/Game/DEMO/MAPS/Level00' took 0.010
[2017.03.24-06.28.01:257][636]LogFileHelpers: Editor autosave (incl. sublevels) for '/Game/DEMO/MAPS/Level00' took 0.018
[2017.03.24-06.38.01:924][438]LogFileHelpers: Editor autosave (incl. sublevels) for '/Game/DEMO/MAPS/Level00' took 0.018
[2017.03.24-06.48.02:591][240]LogFileHelpers: Editor autosave (incl. sublevels) for '/Game/DEMO/MAPS/Level00' took 0.018
[2017.03.24-06.58.03:258][ 42]LogFileHelpers: Editor autosave (incl. sublevels) for '/Game/DEMO/MAPS/Level00' took 0.018
[2017.03.24-07.08.03:924][844]LogFileHelpers: Editor autosave (incl. sublevels) for '/Game/DEMO/MAPS/Level00' took 0.017
[2017.03.24-07.18.04:593][646]LogFileHelpers: Editor autosave (incl. sublevels) for '/Game/DEMO/MAPS/Level00' took 0.017
[2017.03.24-07.28.05:257][448]LogFileHelpers: Editor autosave (incl. sublevels) for '/Game/DEMO/MAPS/Level00' took 0.015
[2017.03.24-07.38.05:903][250]LogFileHelpers: Editor autosave (incl. sublevels) for '/Game/DEMO/MAPS/Level00' took 0.007
[2017.03.24-07.48.06:592][ 52]LogFileHelpers: Editor autosave (incl. sublevels) for '/Game/DEMO/MAPS/Level00' took 0.017
[2017.03.24-07.58.07:228][854]LogFileHelpers: Editor autosave (incl. sublevels) for '/Game/DEMO/MAPS/Level00' took 0.007
[2017.03.24-08.08.07:926][656]LogFileHelpers: Editor autosave (incl. sublevels) for '/Game/DEMO/MAPS/Level00' took 0.016
[2017.03.24-08.18.08:589][458]LogFileHelpers: Editor autosave (incl. sublevels) for '/Game/DEMO/MAPS/Level00' took 0.012
[2017.03.24-08.28.09:265][260]LogFileHelpers: Editor autosave (incl. sublevels) for '/Game/DEMO/MAPS/Level00' took 0.017
[2017.03.24-08.38.09:930][ 62]LogFileHelpers: Editor autosave (incl. sublevels) for '/Game/DEMO/MAPS/Level00' took 0.017
[2017.03.24-08.48.10:578][864]LogFileHelpers: Editor autosave (incl. sublevels) for '/Game/DEMO/MAPS/Level00' took 0.007
[2017.03.24-08.58.11:264][666]LogFileHelpers: Editor autosave (incl. sublevels) for '/Game/DEMO/MAPS/Level00' took 0.017
[2017.03.24-09.08.11:931][468]LogFileHelpers: Editor autosave (incl. sublevels) for '/Game/DEMO/MAPS/Level00' took 0.017
[2017.03.24-09.18.12:599][270]LogFileHelpers: Editor autosave (incl. sublevels) for '/Game/DEMO/MAPS/Level00' took 0.018
[2017.03.24-09.28.13:266][ 72]LogFileHelpers: Editor autosave (incl. sublevels) for '/Game/DEMO/MAPS/Level00' took 0.017
[2017.03.24-09.38.13:928][874]LogFileHelpers: Editor autosave (incl. sublevels) for '/Game/DEMO/MAPS/Level00' took 0.012
[2017.03.24-09.48.14:600][676]LogFileHelpers: Editor autosave (incl. sublevels) for '/Game/DEMO/MAPS/Level00' took 0.017
[2017.03.24-09.58.15:268][478]LogFileHelpers: Editor autosave (incl. sublevels) for '/Game/DEMO/MAPS/Level00' took 0.017
[2017.03.24-10.08.15:936][280]LogFileHelpers: Editor autosave (incl. sublevels) for '/Game/DEMO/MAPS/Level00' took 0.017
[2017.03.24-10.18.16:602][ 82]LogFileHelpers: Editor autosave (incl. sublevels) for '/Game/DEMO/MAPS/Level00' took 0.017
[2017.03.24-10.28.17:271][884]LogFileHelpers: Editor autosave (incl. sublevels) for '/Game/DEMO/MAPS/Level00' took 0.017
[2017.03.24-10.38.17:937][686]LogFileHelpers: Editor autosave (incl. sublevels) for '/Game/DEMO/MAPS/Level00' took 0.017
[2017.03.24-10.48.18:606][488]LogFileHelpers: Editor autosave (incl. sublevels) for '/Game/DEMO/MAPS/Level00' took 0.017
[2017.03.24-10.58.19:268][290]LogFileHelpers: Editor autosave (incl. sublevels) for '/Game/DEMO/MAPS/Level00' took 0.014
[2017.03.24-11.08.19:938][ 92]LogFileHelpers: Editor autosave (incl. sublevels) for '/Game/DEMO/MAPS/Level00' took 0.017
[2017.03.24-11.18.20:576][894]LogFileHelpers: Editor autosave (incl. sublevels) for '/Game/DEMO/MAPS/Level00' took 0.007
[2017.03.24-11.28.21:274][696]LogFileHelpers: Editor autosave (incl. sublevels) for '/Game/DEMO/MAPS/Level00' took 0.018
[2017.03.24-11.38.21:938][498]LogFileHelpers: Editor autosave (incl. sublevels) for '/Game/DEMO/MAPS/Level00' took 0.014
[2017.03.24-11.48.22:607][300]LogFileHelpers: Editor autosave (incl. sublevels) for '/Game/DEMO/MAPS/Level00' took 0.017
[2017.03.24-11.58.23:274][102]LogFileHelpers: Editor autosave (incl. sublevels) for '/Game/DEMO/MAPS/Level00' took 0.017
[2017.03.24-12.08.23:928][904]LogFileHelpers: Editor autosave (incl. sublevels) for '/Game/DEMO/MAPS/Level00' took 0.008
[2017.03.24-12.18.24:607][706]LogFileHelpers: Editor autosave (incl. sublevels) for '/Game/DEMO/MAPS/Level00' took 0.015
[2017.03.24-12.28.25:277][508]LogFileHelpers: Editor autosave (incl. sublevels) for '/Game/DEMO/MAPS/Level00' took 0.017
[2017.03.24-12.38.25:944][310]LogFileHelpers: Editor autosave (incl. sublevels) for '/Game/DEMO/MAPS/Level00' took 0.017
[2017.03.24-12.48.26:610][112]LogFileHelpers: Editor autosave (incl. sublevels) for '/Game/DEMO/MAPS/Level00' took 0.017
[2017.03.24-12.58.27:278][914]LogFileHelpers: Editor autosave (incl. sublevels) for '/Game/DEMO/MAPS/Level00' took 0.017
[2017.03.24-13.08.27:940][716]LogFileHelpers: Editor autosave (incl. sublevels) for '/Game/DEMO/MAPS/Level00' took 0.012
[2017.03.24-13.18.28:614][518]LogFileHelpers: Editor autosave (incl. sublevels) for '/Game/DEMO/MAPS/Level00' took 0.017
[2017.03.24-13.28.29:279][320]LogFileHelpers: Editor autosave (incl. sublevels) for '/Game/DEMO/MAPS/Level00' took 0.017
[2017.03.24-13.38.29:946][122]LogFileHelpers: Editor autosave (incl. sublevels) for '/Game/DEMO/MAPS/Level00' took 0.016
[2017.03.24-13.48.30:610][924]LogFileHelpers: Editor autosave (incl. sublevels) for '/Game/DEMO/MAPS/Level00' took 0.012
[2017.03.24-13.58.31:281][726]LogFileHelpers: Editor autosave (incl. sublevels) for '/Game/DEMO/MAPS/Level00' took 0.007
[2017.03.24-14.08.31:941][528]LogFileHelpers: Editor autosave (incl. sublevels) for '/Game/DEMO/MAPS/Level00' took 0.007
[2017.03.24-14.18.32:269][329]LogFileHelpers: Editor autosave (incl. sublevels) for '/Game/DEMO/MAPS/Level00' took 0.010
[2017.03.24-14.28.32:980][131]LogFileHelpers: Editor autosave (incl. sublevels) for '/Game/DEMO/MAPS/Level00' took 0.010
[2017.03.24-14.38.33:637][933]LogFileHelpers: Editor autosave (incl. sublevels) for '/Game/DEMO/MAPS/Level00' took 0.009
[2017.03.24-14.48.35:680][ 90]LogFileHelpers: Editor autosave (incl. sublevels) for '/Game/DEMO/MAPS/Level00' took 0.020
[2017.03.24-14.58.36:009][891]LogFileHelpers: Editor autosave (incl. sublevels) for '/Game/DEMO/MAPS/Level00' took 0.010
[2017.03.24-15.08.40:078][734]LogFileHelpers: Editor autosave (incl. sublevels) for '/Game/DEMO/MAPS/Level00' took 0.009
[2017.03.24-15.18.40:761][536]LogFileHelpers: Editor autosave (incl. sublevels) for '/Game/DEMO/MAPS/Level00' took 0.008
[2017.03.24-15.28.41:436][338]LogFileHelpers: Editor autosave (incl. sublevels) for '/Game/DEMO/MAPS/Level00' took 0.018
[2017.03.24-15.38.42:107][140]LogFileHelpers: Editor autosave (incl. sublevels) for '/Game/DEMO/MAPS/Level00' took 0.008
[2017.03.24-15.48.46:356][179]LogFileHelpers: Editor autosave (incl. sublevels) for '/Game/DEMO/MAPS/Level00' took 0.009
[2017.03.24-15.58.47:037][981]LogFileHelpers: Editor autosave (incl. sublevels) for '/Game/DEMO/MAPS/Level00' took 0.019
[2017.03.24-16.08.47:685][783]LogFileHelpers: Editor autosave (incl. sublevels) for '/Game/DEMO/MAPS/Level00' took 0.011
[2017.03.24-16.18.48:356][585]LogFileHelpers: Editor autosave (incl. sublevels) for '/Game/DEMO/MAPS/Level00' took 0.008
[2017.03.24-16.28.49:058][387]LogFileHelpers: Editor autosave (incl. sublevels) for '/Game/DEMO/MAPS/Level00' took 0.022
[2017.03.24-16.38.49:747][189]LogFileHelpers: Editor autosave (incl. sublevels) for '/Game/DEMO/MAPS/Level00' took 0.019
[2017.03.24-16.48.50:431][991]LogFileHelpers: Editor autosave (incl. sublevels) for '/Game/DEMO/MAPS/Level00' took 0.008
[2017.03.24-16.58.54:440][803]LogFileHelpers: Editor autosave (incl. sublevels) for '/Game/DEMO/MAPS/Level00' took 0.009
[2017.03.24-17.08.55:272][627]LogFileHelpers: Editor autosave (incl. sublevels) for '/Game/DEMO/MAPS/Level00' took 0.010
[2017.03.24-17.18.55:979][429]LogFileHelpers: Editor autosave (incl. sublevels) for '/Game/DEMO/MAPS/Level00' took 0.008
[2017.03.24-17.28.56:679][231]LogFileHelpers: Editor autosave (incl. sublevels) for '/Game/DEMO/MAPS/Level00' took 0.018
[2017.03.24-17.38.57:418][ 48]LogFileHelpers: Editor autosave (incl. sublevels) for '/Game/DEMO/MAPS/Level00' took 0.008
[2017.03.24-17.48.58:125][850]LogFileHelpers: Editor autosave (incl. sublevels) for '/Game/DEMO/MAPS/Level00' took 0.012
[2017.03.24-17.58.58:805][652]LogFileHelpers: Editor autosave (incl. sublevels) for '/Game/DEMO/MAPS/Level00' took 0.008
[2017.03.24-18.08.59:167][453]LogFileHelpers: Editor autosave (incl. sublevels) for '/Game/DEMO/MAPS/Level00' took 0.013
[2017.03.24-18.18.59:838][255]LogFileHelpers: Editor autosave (incl. sublevels) for '/Game/DEMO/MAPS/Level00' took 0.011
[2017.03.24-18.29.00:527][ 57]LogFileHelpers: Editor autosave (incl. sublevels) for '/Game/DEMO/MAPS/Level00' took 0.012
[2017.03.24-18.39.00:868][858]LogFileHelpers: Editor autosave (incl. sublevels) for '/Game/DEMO/MAPS/Level00' took 0.009
[2017.03.24-18.49.01:552][660]LogFileHelpers: Editor autosave (incl. sublevels) for '/Game/DEMO/MAPS/Level00' took 0.011
[2017.03.24-18.59.02:211][462]LogFileHelpers: Editor autosave (incl. sublevels) for '/Game/DEMO/MAPS/Level00' took 0.008
[2017.03.24-19.09.02:585][263]LogFileHelpers: Editor autosave (incl. sublevels) for '/Game/DEMO/MAPS/Level00' took 0.011
[2017.03.24-19.19.03:268][ 65]LogFileHelpers: Editor autosave (incl. sublevels) for '/Game/DEMO/MAPS/Level00' took 0.008
[2017.03.24-19.29.03:901][867]LogFileHelpers: Editor autosave (incl. sublevels) for '/Game/DEMO/MAPS/Level00' took 0.010
[2017.03.24-19.39.04:584][669]LogFileHelpers: Editor autosave (incl. sublevels) for '/Game/DEMO/MAPS/Level00' took 0.008
[2017.03.24-19.49.05:259][471]LogFileHelpers: Editor autosave (incl. sublevels) for '/Game/DEMO/MAPS/Level00' took 0.008
[2017.03.24-19.59.05:959][273]LogFileHelpers: Editor autosave (incl. sublevels) for '/Game/DEMO/MAPS/Level00' took 0.021
[2017.03.24-20.09.06:660][116]LogFileHelpers: Editor autosave (incl. sublevels) for '/Game/DEMO/MAPS/Level00' took 0.018
[2017.03.24-20.19.07:319][918]LogFileHelpers: Editor autosave (incl. sublevels) for '/Game/DEMO/MAPS/Level00' took 0.010
[2017.03.24-20.29.07:963][720]LogFileHelpers: Editor autosave (incl. sublevels) for '/Game/DEMO/MAPS/Level00' took 0.007
[2017.03.24-20.39.08:641][522]LogFileHelpers: Editor autosave (incl. sublevels) for '/Game/DEMO/MAPS/Level00' took 0.008
[2017.03.24-20.49.09:319][324]LogFileHelpers: Editor autosave (incl. sublevels) for '/Game/DEMO/MAPS/Level00' took 0.008
[2017.03.24-20.59.09:962][126]LogFileHelpers: Editor autosave (incl. sublevels) for '/Game/DEMO/MAPS/Level00' took 0.007
[2017.03.24-21.09.10:626][928]LogFileHelpers: Editor autosave (incl. sublevels) for '/Game/DEMO/MAPS/Level00' took 0.007
[2017.03.24-21.19.11:292][730]LogFileHelpers: Editor autosave (incl. sublevels) for '/Game/DEMO/MAPS/Level00' took 0.008
[2017.03.24-21.29.12:008][532]LogFileHelpers: Editor autosave (incl. sublevels) for '/Game/DEMO/MAPS/Level00' took 0.015
[2017.03.24-21.39.12:621][334]LogFileHelpers: Editor autosave (incl. sublevels) for '/Game/DEMO/MAPS/Level00' took 0.008
[2017.03.24-21.49.13:302][136]LogFileHelpers: Editor autosave (incl. sublevels) for '/Game/DEMO/MAPS/Level00' took 0.008
[2017.03.24-21.59.14:016][938]LogFileHelpers: Editor autosave (incl. sublevels) for '/Game/DEMO/MAPS/Level00' took 0.018
[2017.03.24-22.09.14:662][740]LogFileHelpers: Editor autosave (incl. sublevels) for '/Game/DEMO/MAPS/Level00' took 0.007
[2017.03.24-22.19.15:343][542]LogFileHelpers: Editor autosave (incl. sublevels) for '/Game/DEMO/MAPS/Level00' took 0.007
[2017.03.24-22.29.16:010][344]LogFileHelpers: Editor autosave (incl. sublevels) for '/Game/DEMO/MAPS/Level00' took 0.008
[2017.03.24-22.39.16:706][146]LogFileHelpers: Editor autosave (incl. sublevels) for '/Game/DEMO/MAPS/Level00' took 0.020
[2017.03.24-22.49.17:357][948]LogFileHelpers: Editor autosave (incl. sublevels) for '/Game/DEMO/MAPS/Level00' took 0.008
[2017.03.24-22.59.18:021][750]LogFileHelpers: Editor autosave (incl. sublevels) for '/Game/DEMO/MAPS/Level00' took 0.008
[2017.03.24-23.09.18:702][552]LogFileHelpers: Editor autosave (incl. sublevels) for '/Game/DEMO/MAPS/Level00' took 0.009
[2017.03.24-23.19.19:378][354]LogFileHelpers: Editor autosave (incl. sublevels) for '/Game/DEMO/MAPS/Level00' took 0.018
[2017.03.24-23.29.20:029][156]LogFileHelpers: Editor autosave (incl. sublevels) for '/Game/DEMO/MAPS/Level00' took 0.007
[2017.03.24-23.39.20:708][958]LogFileHelpers: Editor autosave (incl. sublevels) for '/Game/DEMO/MAPS/Level00' took 0.013
[2017.03.24-23.49.21:373][760]LogFileHelpers: Editor autosave (incl. sublevels) for '/Game/DEMO/MAPS/Level00' took 0.009
[2017.03.24-23.59.22:037][562]LogFileHelpers: Editor autosave (incl. sublevels) for '/Game/DEMO/MAPS/Level00' took 0.008
[2017.03.25-00.09.22:677][364]LogFileHelpers: Editor autosave (incl. sublevels) for '/Game/DEMO/MAPS/Level00' took 0.019
[2017.03.25-00.19.23:361][166]LogFileHelpers: Editor autosave (incl. sublevels) for '/Game/DEMO/MAPS/Level00' took 0.007
[2017.03.25-00.29.24:024][968]LogFileHelpers: Editor autosave (incl. sublevels) for '/Game/DEMO/MAPS/Level00' took 0.007
[2017.03.25-00.39.24:724][770]LogFileHelpers: Editor autosave (incl. sublevels) for '/Game/DEMO/MAPS/Level00' took 0.018
[2017.03.25-00.49.25:388][572]LogFileHelpers: Editor autosave (incl. sublevels) for '/Game/DEMO/MAPS/Level00' took 0.015
[2017.03.25-00.59.26:033][374]LogFileHelpers: Editor autosave (incl. sublevels) for '/Game/DEMO/MAPS/Level00' took 0.008
[2017.03.25-01.09.26:731][176]LogFileHelpers: Editor autosave (incl. sublevels) for '/Game/DEMO/MAPS/Level00' took 0.019
[2017.03.25-01.19.27:362][978]LogFileHelpers: Editor autosave (incl. sublevels) for '/Game/DEMO/MAPS/Level00' took 0.007
[2017.03.25-01.29.28:044][780]LogFileHelpers: Editor autosave (incl. sublevels) for '/Game/DEMO/MAPS/Level00' took 0.009
[2017.03.25-01.39.28:735][582]LogFileHelpers: Editor autosave (incl. sublevels) for '/Game/DEMO/MAPS/Level00' took 0.019
[2017.03.25-01.49.29:388][384]LogFileHelpers: Editor autosave (incl. sublevels) for '/Game/DEMO/MAPS/Level00' took 0.008
[2017.03.25-01.59.30:025][186]LogFileHelpers: Editor autosave (incl. sublevels) for '/Game/DEMO/MAPS/Level00' took 0.008
[2017.03.25-02.09.30:710][988]LogFileHelpers: Editor autosave (incl. sublevels) for '/Game/DEMO/MAPS/Level00' took 0.008
[2017.03.25-02.19.31:382][790]LogFileHelpers: Editor autosave (incl. sublevels) for '/Game/DEMO/MAPS/Level00' took 0.008
[2017.03.25-02.29.32:275][592]LogFileHelpers: Editor autosave (incl. sublevels) for '/Game/DEMO/MAPS/Level00' took 0.007
