Log file open, 05/13/17 20:20:31
LogInit:Display: Running engine for game: MyProject2
LogPlatformFile: Not using cached read wrapper
LogInit:Display: RandInit(-1418081383) SRandInit(-1418081383).
LogTaskGraph: Started task graph with 5 named threads and 8 total threads with 1 sets of task threads.
LogStats: Stats thread started at 0.063676
LogInit: Using libcurl 7.47.1
LogInit:  - built for x86_64-pc-win32
LogInit:  - supports SSL with OpenSSL/1.0.2g
LogInit:  - supports HTTP deflate (compression) using libz 1.2.8
LogInit:  - other features:
LogInit:      CURL_VERSION_SSL
LogInit:      CURL_VERSION_LIBZ
LogInit:      CURL_VERSION_IPV6
LogInit:      CURL_VERSION_ASYNCHDNS
LogInit:      CURL_VERSION_LARGEFILE
LogInit:      CURL_VERSION_IDN
LogInit:  CurlRequestOptions (configurable via config and command line):
LogInit:  - bVerifyPeer = false  - Libcurl will NOT verify peer certificate
LogInit:  - bUseHttpProxy = false  - Libcurl will NOT use HTTP proxy
LogInit:  - bDontReuseConnections = false  - Libcurl will reuse connections
LogInit:  - CertBundlePath = nullptr  - Libcurl will use whatever was configured at build time.
LogInit: Build: ++UE4+Release-4.15-CL-3299760
LogInit: Engine Version: 4.15.0-3299760+++UE4+Release-4.15
LogInit: Compatible Engine Version: 4.15.0-3299760+++UE4+Release-4.15
LogInit: Net CL: 3299760
LogDevObjectVersion: Number of dev versions registered: 14
LogDevObjectVersion:   Dev-Blueprints (B0D832E4-1F89-4F0D-ACCF-7EB736FD4AA2): 8
LogDevObjectVersion:   Dev-Build (E1C64328-A22C-4D53-A36C-8E866417BD8C): 0
LogDevObjectVersion:   Dev-Core (375EC13C-06E4-48FB-B500-84F0262A717E): 2
LogDevObjectVersion:   Dev-Editor (E4B068ED-F494-42E9-A231-DA0B2E46BB41): 14
LogDevObjectVersion:   Dev-Framework (CFFC743F-43B0-4480-9391-14DF171D2073): 22
LogDevObjectVersion:   Dev-Mobile (B02B49B5-BB20-44E9-A304-32B752E40360): 0
LogDevObjectVersion:   Dev-Networking (A4E4105C-59A1-49B5-A7C5-40C4547EDFEE): 0
LogDevObjectVersion:   Dev-Online (39C831C9-5AE6-47DC-9A44-9C173E1C8E7C): 0
LogDevObjectVersion:   Dev-Physics (78F01B33-EBEA-4F98-B9B4-84EACCB95AA2): 0
LogDevObjectVersion:   Dev-Platform (6631380F-2D4D-43E0-8009-CF276956A95A): 0
LogDevObjectVersion:   Dev-Rendering (12F88B9F-8875-4AFC-A67C-D90C383ABD29): 12
LogDevObjectVersion:   Dev-Sequencer (7B5AE74C-D270-4C10-A958-57980B212A5A): 3
LogDevObjectVersion:   Dev-VR (D7296918-1DD6-4BDD-9DE2-64A83CC13884): 0
LogDevObjectVersion:   Dev-LoadTimes (C2A15278-BFE7-4AFE-6C17-90FF531DF755): 1
LogInit: Compiled (64-bit): Feb 14 2017 02:04:14
LogInit: Compiled with Visual C++: 19.00.23026.00
LogInit: Build Configuration: Development
LogInit: Branch Name: ++UE4+Release-4.15
LogInit: Command line:  
LogInit: Base directory: C:/Program Files/Epic Games/UE_4.15/Engine/Binaries/Win64/
LogInit: Installed Engine Build: 1
LogInit: Presizing for max 8388607 objects, including 0 objects not considered by GC, pre-allocating 0 bytes for permanent pool.
LogInit: Object subsystem initialized
[2017.05.13-10.50.32:479][  0]LogInit: Selected Device Profile: [Windows]
[2017.05.13-10.50.32:479][  0]LogInit: Applying CVar settings loaded from the selected device profile: [Windows]
[2017.05.13-10.50.32:486][  0]LogInit: Computer: DESKTOP-QABGFEJ
[2017.05.13-10.50.32:486][  0]LogInit: User: Jakeb
[2017.05.13-10.50.32:486][  0]LogInit: CPU Page size=65536, Cores=4
[2017.05.13-10.50.32:486][  0]LogInit: High frequency timer resolution =3.914065 MHz
[2017.05.13-10.50.32:486][  0]LogMemory: Memory total: Physical=15.9GB (16GB approx)
[2017.05.13-10.50.32:486][  0]LogMemory: Platform Memory Stats for Windows
[2017.05.13-10.50.32:486][  0]LogMemory: Process Physical Memory: 263.30 MB used, 263.30 MB peak
[2017.05.13-10.50.32:486][  0]LogMemory: Process Virtual Memory: 262.70 MB used, 262.70 MB peak
[2017.05.13-10.50.32:486][  0]LogMemory: Physical Memory: 4313.48 MB used,  12009.58 MB free, 16323.06 MB total
[2017.05.13-10.50.32:486][  0]LogMemory: Virtual Memory: 644.20 MB used,  12009.58 MB free, 134217728.00 MB total
[2017.05.13-10.50.32:551][  0]LogTextLocalizationManager: No specific translations for ('en-US') exist, so ('en') translations will be used.
[2017.05.13-10.50.32:947][  0]LogD3D11RHI: D3D11 adapters:
[2017.05.13-10.50.32:969][  0]LogD3D11RHI:    0. 'NVIDIA GeForce GTX 1080' (Feature Level 11_0)
[2017.05.13-10.50.32:969][  0]LogD3D11RHI:       8110/0/8161 MB DedicatedVideo/DedicatedSystem/SharedSystem, Outputs:2, VendorId:0x10de
[2017.05.13-10.50.32:970][  0]LogD3D11RHI:    1. 'Microsoft Basic Render Driver' (Feature Level 11_0)
[2017.05.13-10.50.32:970][  0]LogD3D11RHI:       0/0/8161 MB DedicatedVideo/DedicatedSystem/SharedSystem, Outputs:0, VendorId:0x1414
[2017.05.13-10.50.32:970][  0]LogD3D11RHI: Chosen D3D11 Adapter: 0
[2017.05.13-10.50.32:973][  0]LogD3D11RHI: Creating new Direct3DDevice
[2017.05.13-10.50.32:973][  0]LogD3D11RHI:     GPU DeviceId: 0x1b80 (for the marketing name, search the web for "GPU Device Id")
[2017.05.13-10.50.32:973][  0]LogWindows: EnumDisplayDevices:
[2017.05.13-10.50.32:973][  0]LogWindows:    0. 'NVIDIA GeForce GTX 1080' (P:1 D:1)
[2017.05.13-10.50.32:973][  0]LogWindows:    1. 'NVIDIA GeForce GTX 1080' (P:0 D:1)
[2017.05.13-10.50.32:973][  0]LogWindows:    2. 'NVIDIA GeForce GTX 1080' (P:0 D:0)
[2017.05.13-10.50.32:973][  0]LogWindows:    3. 'NVIDIA GeForce GTX 1080' (P:0 D:0)
[2017.05.13-10.50.32:973][  0]LogWindows: DebugString: FoundDriverCount:4 
[2017.05.13-10.50.32:973][  0]LogD3D11RHI:     Adapter Name: NVIDIA GeForce GTX 1080
[2017.05.13-10.50.32:973][  0]LogD3D11RHI:   Driver Version: 381.65 (internal:22.21.13.8165, unified:381.65)
[2017.05.13-10.50.32:973][  0]LogD3D11RHI:      Driver Date: 3-31-2017
[2017.05.13-10.50.32:973][  0]LogRHI: Texture pool is 1361 MB (70% of 1945 MB)
[2017.05.13-10.50.32:986][  0]LogD3D11RHI: Async texture creation enabled
[2017.05.13-10.50.32:995][  0]LogD3D11RHI: GPU Timing Frequency: 1000.000000 (Debug: 2 1)
[2017.05.13-10.50.33:090][  0]LogShaderCompilers: Guid format shader working directory is -21 characters bigger than the processId version (../../../../../../Users/Jakeb/Documents/GitHub/comp3025/MyProject2/Intermediate/Shaders/WorkingDirectory/11100/).
[2017.05.13-10.50.33:090][  0]LogShaderCompilers: Cleaned the shader compiler working directory 'C:/Users/Jakeb/AppData/Local/Temp/UnrealShaderWorkingDir/F549C4E542520E01FC51AB96651D1F48/'.
[2017.05.13-10.50.33:090][  0]LogShaderCompilers:Display: Using Local Shader Compiler.
[2017.05.13-10.50.33:749][  0]LogTemp:Display: Loaded TP AllDesktopTargetPlatform
[2017.05.13-10.50.33:782][  0]LogTemp:Display: Loaded TP MacClientTargetPlatform
[2017.05.13-10.50.33:816][  0]LogTemp:Display: Loaded TP MacNoEditorTargetPlatform
[2017.05.13-10.50.33:849][  0]LogTemp:Display: Loaded TP MacServerTargetPlatform
[2017.05.13-10.50.33:882][  0]LogTemp:Display: Loaded TP MacTargetPlatform
[2017.05.13-10.50.33:915][  0]LogTemp:Display: Loaded TP WindowsClientTargetPlatform
[2017.05.13-10.50.33:948][  0]LogTemp:Display: Loaded TP WindowsNoEditorTargetPlatform
[2017.05.13-10.50.33:981][  0]LogTemp:Display: Loaded TP WindowsServerTargetPlatform
[2017.05.13-10.50.34:007][  0]LogTemp:Display: Loaded TP WindowsTargetPlatform
[2017.05.13-10.50.34:039][  0]LogTemp:Display: Loaded TP AndroidTargetPlatform
[2017.05.13-10.50.34:071][  0]LogTemp:Display: Loaded TP Android_ASTCTargetPlatform
[2017.05.13-10.50.34:103][  0]LogTemp:Display: Loaded TP Android_ATCTargetPlatform
[2017.05.13-10.50.34:135][  0]LogTemp:Display: Loaded TP Android_DXTTargetPlatform
[2017.05.13-10.50.34:167][  0]LogTemp:Display: Loaded TP Android_ETC1TargetPlatform
[2017.05.13-10.50.34:200][  0]LogTemp:Display: Loaded TP Android_ETC2TargetPlatform
[2017.05.13-10.50.34:266][  0]LogTemp:Display: Loaded TP Android_MultiTargetPlatform
[2017.05.13-10.50.34:266][  0]LogTemp:Display: Loaded TP Android_PVRTCTargetPlatform
[2017.05.13-10.50.34:287][  0]LogTemp:Display: Loaded TP HTML5TargetPlatform
[2017.05.13-10.50.34:353][  0]LogTemp:Display: Loaded TP IOSTargetPlatform
[2017.05.13-10.50.34:374][  0]LogTemp:Display: Loaded TP TVOSTargetPlatform
[2017.05.13-10.50.34:406][  0]LogTemp:Display: Loaded TP LinuxClientTargetPlatform
[2017.05.13-10.50.34:439][  0]LogTemp:Display: Loaded TP LinuxNoEditorTargetPlatform
[2017.05.13-10.50.34:470][  0]LogTemp:Display: Loaded TP LinuxServerTargetPlatform
[2017.05.13-10.50.34:502][  0]LogTemp:Display: Loaded TP LinuxTargetPlatform
[2017.05.13-10.50.34:502][  0]LogTargetPlatformManager:Display: Building Assets For Windows
[2017.05.13-10.50.34:752][  0]LogDerivedDataCache:Display: Max Cache Size: 512 MB
[2017.05.13-10.50.34:784][  0]LogDerivedDataCache: Loaded boot cache 0.03s 50MB C:/Users/Jakeb/AppData/Local/UnrealEngine/4.15/DerivedDataCache/Boot.ddc.
[2017.05.13-10.50.34:784][  0]LogDerivedDataCache:Display: Loaded Boot cache: C:/Users/Jakeb/AppData/Local/UnrealEngine/4.15/DerivedDataCache/Boot.ddc
[2017.05.13-10.50.34:784][  0]LogDerivedDataCache: FDerivedDataBackendGraph:  Pak pak cache file ../../../../../../Users/Jakeb/Documents/GitHub/comp3025/MyProject2/DerivedDataCache/DDC.ddp not found, will not use a pak cache.
[2017.05.13-10.50.34:784][  0]LogDerivedDataCache: Unable to find inner node Pak for hierarchical cache Hierarchy.
[2017.05.13-10.50.34:784][  0]LogDerivedDataCache: FDerivedDataBackendGraph:  CompressedPak pak cache file ../../../../../../Users/Jakeb/Documents/GitHub/comp3025/MyProject2/DerivedDataCache/Compressed.ddp not found, will not use a pak cache.
[2017.05.13-10.50.34:784][  0]LogDerivedDataCache: Unable to find inner node CompressedPak for hierarchical cache Hierarchy.
[2017.05.13-10.50.34:796][  0]LogDerivedDataCache:Display: Pak cache opened for reading ../../../Engine/DerivedDataCache/Compressed.ddp.
[2017.05.13-10.50.34:808][  0]LogDerivedDataCache: Using Local data cache path C:/Users/Jakeb/AppData/Local/UnrealEngine/Common/DerivedDataCache: Writable
[2017.05.13-10.50.34:813][  0]LogSlate: Using Freetype 2.6.0
[2017.05.13-10.50.34:813][  0]LogSlate: SlateFontCache - WITH_FREETYPE: 1, WITH_HARFBUZZ: 1
[2017.05.13-10.50.34:813][  0]LogSlate: SlateFontCache - WITH_FREETYPE: 1, WITH_HARFBUZZ: 1
[2017.05.13-10.50.34:962][  0]LogInit: Selected Device Profile: [Windows]
[2017.05.13-10.50.34:964][  0]LogContentStreaming: Texture pool size is 0.00 MB
[2017.05.13-10.50.35:087][  0]LogMeshUtilities: Using QuadricMeshReduction for automatic static mesh reduction
[2017.05.13-10.50.35:112][  0]LogSimplygon: Simplygon DLL not present - disabling.
[2017.05.13-10.50.35:138][  0]LogMeshUtilities: Using SimplygonSwarm for distributed automatic mesh merging
[2017.05.13-10.50.35:138][  0]LogMeshUtilities: No automatic skeletal mesh reduction module available
[2017.05.13-10.50.35:138][  0]LogMeshUtilities: No automatic mesh merging module available
[2017.05.13-10.50.35:462][  0]LogNetVersion: GetLocalNetworkVersion: CL: 3299760, ProjectName: myproject2, ProjectVersion: , EngineNetworkVersion: 2, GameNetworkVersion: 0, NetworkChecksum: 137606773
[2017.05.13-10.50.35:498][  0]LogAssetRegistry: FAssetRegistry took 0.0216 seconds to start up
[2017.05.13-10.50.35:530][  0]LogPackageLocalizationCache: Processed 3 localized package path(s) for 2 prioritized culture(s) in 0.018703 seconds
[2017.05.13-10.50.35:533][  0]LogUObjectArray: 32477 objects as part of root set at end of initial load.
[2017.05.13-10.50.35:533][  0]LogUObjectAllocator: 7073816 out of 0 bytes used by permanent object pool.
[2017.05.13-10.50.35:533][  0]LogUObjectArray: CloseDisregardForGC: 0/0 objects in disregard for GC pool
[2017.05.13-10.50.35:569][  0]LogInit: WinSock: version 1.1 (2.2), MaxSocks=32767, MaxUdp=65467
[2017.05.13-10.50.36:494][  0]LogTcpMessaging: Initializing TcpMessaging bridge
[2017.05.13-10.50.36:521][  0]LogUdpMessaging: Initializing bridge on interface 0.0.0.0:0 to multicast group 230.0.0.1:6666.
[2017.05.13-10.50.36:800][  0]LogMaterial: Uniform references updated for custom material expression Custom.
[2017.05.13-10.50.37:015][  0]SourceControl: Info Source control is disabled
[2017.05.13-10.50.37:031][  0]SourceControl: Info Source control is disabled
[2017.05.13-10.50.37:057][  0]SourceControl: Info Source control is disabled
[2017.05.13-10.50.37:082][  0]SourceControl: Info Source control is disabled
[2017.05.13-10.50.37:775][  0]LogEngine: Initializing Engine...
[2017.05.13-10.50.37:775][  0]LogHMD: Failed to initialize OpenVR with code 110
[2017.05.13-10.50.37:914][  0]LogAIModule: Creating AISystem for world Untitled
[2017.05.13-10.50.37:925][  0]LogInit: XAudio2 using 'Speakers (Realtek High Definition Audio)' : 2 channels at 48 kHz using 32 bits per sample (channel mask 0x3)
[2017.05.13-10.50.37:937][  0]LogInit: FAudioDevice initialized.
[2017.05.13-10.50.37:952][  0]LogDerivedDataCache: Saved boot cache 0.01s 50MB C:/Users/Jakeb/AppData/Local/UnrealEngine/4.15/DerivedDataCache/Boot.ddc.
[2017.05.13-10.50.37:955][  0]LogInit: Texture streaming: Enabled
[2017.05.13-10.50.38:011][  0]LogEngineSessionManager: EngineSessionManager initialized
[2017.05.13-10.50.38:060][  0]LogInit: Transaction tracking system initialized
[2017.05.13-10.50.38:255][  0]BlueprintLog: New page: Editor Load
[2017.05.13-10.50.38:747][  0]LocalizationService: Info Localization service is disabled
[2017.05.13-10.50.39:124][  0]LogConsoleResponse:Display: 
[2017.05.13-10.50.39:204][  0]LogCook:Display: Max memory allowance for cook 16384mb min free memory 0mb
[2017.05.13-10.50.39:204][  0]LogCook:Display: Mobile HDR setting 1
[2017.05.13-10.50.39:525][  0]LogFileCache: Scanning file cache for directory 'C:/Users/Jakeb/Documents/GitHub/comp3025/MyProject2/Content/' took 0.01s
[2017.05.13-10.50.39:784][  0]SourceControl: Info Source control is disabled
[2017.05.13-10.50.39:784][  0]Cmd: MAP LOAD FILE="../../../../../../Users/Jakeb/Documents/GitHub/comp3025/MyProject2/Content/DEMO/Levels/Level00.umap" TEMPLATE=0 SHOWPROGRESS=1 FEATURELEVEL=3
[2017.05.13-10.50.39:784][  0]LightingResults: New page: Lighting Build
[2017.05.13-10.50.39:807][  0]MapCheck: New page: Map Check
[2017.05.13-10.50.39:807][  0]LightingResults: New page: Lighting Build
[2017.05.13-10.50.39:827][  0]LogLinker:Warning: Can't find file '/Game/2DSideScrollerBP/Blueprints/2DSideScrollerGameMode'
[2017.05.13-10.50.39:828][  0]LogLinker:Warning: Can't find file for asset '/Game/2DSideScrollerBP/Blueprints/2DSideScrollerGameMode' while loading ../../../../../../Users/Jakeb/Documents/GitHub/comp3025/MyProject2/Content/DEMO/Levels/Level00.umap.
[2017.05.13-10.50.39:828][  0]LoadErrors:Error: Error /Game/DEMO/Levels/Level00 : Can't find file for asset. /Game/2DSideScrollerBP/Blueprints/2DSideScrollerGameMode
[2017.05.13-10.50.40:173][  0]LogLinker:Warning: Can't find file '/Game/2DSideScrollerBP/Blueprints/2DSideScrollerGameMode'
[2017.05.13-10.50.40:173][  0]LogLinker:Warning: Can't find file for asset '/Game/2DSideScrollerBP/Blueprints/2DSideScrollerGameMode' while loading ../../../../../../Users/Jakeb/Documents/GitHub/comp3025/MyProject2/Content/DEMO/Levels/Level00.umap.
[2017.05.13-10.50.40:173][  0]LoadErrors:Error: Error /Game/DEMO/Levels/Level00 : Can't find file for asset. /Game/2DSideScrollerBP/Blueprints/2DSideScrollerGameMode
[2017.05.13-10.50.40:177][  0]LogLinker:Warning: Can't find file '/Game/2DSideScrollerBP/Blueprints/2DSideScrollerGameMode'
[2017.05.13-10.50.40:177][  0]LogLinker:Warning: Can't find file for asset '/Game/2DSideScrollerBP/Blueprints/2DSideScrollerGameMode' while loading NULL.
[2017.05.13-10.50.40:177][  0]LogLinker:Warning: Can't find file '/Game/2DSideScrollerBP/Blueprints/2DSideScrollerGameMode'
[2017.05.13-10.50.40:177][  0]LogLinker:Warning: Can't find file for asset '/Game/2DSideScrollerBP/Blueprints/2DSideScrollerGameMode' while loading NULL.
[2017.05.13-10.50.40:195][  0]LogLinker:Warning: Can't find file '/Game/2DSideScrollerBP/Blueprints/2DSideScrollerGameMode'
[2017.05.13-10.50.40:195][  0]LoadErrors: Info Failed to load /Game/2DSideScrollerBP/Blueprints/2DSideScrollerGameMode.2DSideScrollerGameMode_C Referenced by WorldSettings_1
[2017.05.13-10.50.40:195][  0]LogLinker:Warning: Can't find file for asset '/Game/2DSideScrollerBP/Blueprints/2DSideScrollerGameMode' while loading NULL.
[2017.05.13-10.50.40:195][  0]LoadErrors: Info Failed to load /Game/2DSideScrollerBP/Blueprints/2DSideScrollerGameMode.2DSideScrollerGameMode_C Referenced by WorldSettings_1
[2017.05.13-10.50.40:200][  0]LogLinker:Warning: Can't find file '/Game/StarterContent/Audio/Fire01'
[2017.05.13-10.50.40:200][  0]LogLinker:Warning: Can't find file '/Game/StarterContent/Audio/Fire01'
[2017.05.13-10.50.40:200][  0]LogUObjectGlobals:Warning: Failed to find object 'Object /Game/StarterContent/Audio/Fire01.Fire01'
[2017.05.13-10.50.40:365][  0]LogAIModule: Creating AISystem for world Level00
[2017.05.13-10.50.40:367][  0]LogEditorServer: Finished looking for orphan Actors (0.000 secs)
[2017.05.13-10.50.40:367][  0]Cmd: MAP CHECKDEP NOCLEARLOG
[2017.05.13-10.50.40:392][  0]MapCheck: Info Map check complete: 0 Error(s), 0 Warning(s), took 24.893ms to complete.
[2017.05.13-10.50.40:392][  0]LogFileHelpers: Loading map 'Level00' took 0.608
[2017.05.13-10.50.40:474][  0]LogWindowsTextInputMethodSystem:Display: IME system now deactivated.
[2017.05.13-10.50.40:553][  0]LogCollectionManager: Loaded 0 collections in 0.000979 seconds
[2017.05.13-10.50.40:621][  0]LogFileCache: Scanning file cache for directory 'C:/Users/Jakeb/Documents/GitHub/comp3025/MyProject2/Saved/Collections/' took 0.01s
[2017.05.13-10.50.40:621][  0]LogFileCache: Scanning file cache for directory 'C:/Users/Jakeb/Documents/GitHub/comp3025/MyProject2/Content/Developers/Jakeb/Collections/' took 0.01s
[2017.05.13-10.50.40:621][  0]LogFileCache: Scanning file cache for directory 'C:/Users/Jakeb/Documents/GitHub/comp3025/MyProject2/Content/Collections/' took 0.01s
[2017.05.13-10.50.40:621][  0]LogCollectionManager: Rebuilt the GUID cache for 0 collections in 0.000001 seconds
[2017.05.13-10.50.40:627][  0]LogContentBrowser: Native class hierarchy populated in 0.0055 seconds. Added 2244 classes and 450 folders.
[2017.05.13-10.50.40:630][  0]LogStats: UGameplayTagsManager::ConstructGameplayTagTree: Construct from data asset -  0.000 s
[2017.05.13-10.50.40:630][  0]LogStats: UGameplayTagsManager::ConstructGameplayTagTree: GameplayTagTreeChangedEvent.Broadcast -  0.000 s
[2017.05.13-10.50.40:666][  0]LogContentBrowser: Native class hierarchy updated for 'WidgetCarousel' in 0.0003 seconds. Added 0 classes and 0 folders.
[2017.05.13-10.50.40:687][  0]LogContentBrowser: Native class hierarchy updated for 'AddContentDialog' in 0.0003 seconds. Added 0 classes and 0 folders.
[2017.05.13-10.50.40:711][  0]LogContentBrowser: Native class hierarchy updated for 'SceneOutliner' in 0.0003 seconds. Added 1 classes and 2 folders.
[2017.05.13-10.50.40:777][  0]LogCrashTracker: Crashtracker disabled due to settings.
[2017.05.13-10.50.40:782][  0]LogUObjectGlobals:Warning: Failed to find object 'Class None.'
[2017.05.13-10.50.40:830][  0]LogContentBrowser: Native class hierarchy updated for 'HierarchicalLODOutliner' in 0.0003 seconds. Added 1 classes and 2 folders.
[2017.05.13-10.50.40:830][  0]LogLoad: (Engine Initialization) Total time: 9.51 seconds
[2017.05.13-10.50.40:830][  0]LogLoad: (Engine Initialization) Total Blueprint compile time: 0.25 seconds
[2017.05.13-10.50.40:830][  0]LogExternalProfiler: No external profilers were discovered.  External profiling features will not be available.
[2017.05.13-10.50.40:839][  0]LogOcInput: OculusInput pre-init called
[2017.05.13-10.50.40:858][  0]LogContentStreaming: Texture pool size now 3000 MB
[2017.05.13-10.50.40:873][  0]LogSlate: Took 0.000117 seconds to synchronously load lazily loaded font '../../../Engine/Content/Slate/Fonts/Roboto-Regular.ttf' (155K)
[2017.05.13-10.50.40:875][  0]LogSlate: Took 0.000154 seconds to synchronously load lazily loaded font '../../../Engine/Content/Slate/Fonts/Roboto-Bold.ttf' (160K)
[2017.05.13-10.50.40:878][  0]LogSlate: Took 0.000127 seconds to synchronously load lazily loaded font '../../../Engine/Content/Editor/Slate/Fonts/FontAwesome.ttf' (139K)
[2017.05.13-10.50.41:007][  1]LogRenderer: Reallocating scene render targets to support 1316x776 NumSamples 1 (Frame:2).
[2017.05.13-10.50.41:052][  1]LogAssetRegistry: Asset discovery search completed in 5.5748 seconds
[2017.05.13-10.50.41:052][  1]LogCollectionManager: Rebuilt the object cache for 0 collections in 0.000002 seconds (found 0 objects)
[2017.05.13-10.50.41:052][  1]LogCollectionManager: Fixed up redirectors for 0 collections in 0.000011 seconds (updated 0 objects)
[2017.05.13-10.50.43:796][174]LogRenderer: Reallocating scene render targets to support 1584x872 NumSamples 1 (Frame:158).
[2017.05.13-10.51.25:619][131]LogSlate: Took 0.000084 seconds to synchronously load lazily loaded font '../../../Engine/Content/Slate/Fonts/Roboto-Light.ttf' (159K)
[2017.05.13-10.51.25:635][131]Cmd: MAP LOAD FILE="../../../../../../Users/Jakeb/Documents/GitHub/comp3025/MyProject2/Content/DEMO/Levels/Level00.umap" TEMPLATE=0 SHOWPROGRESS=1 FEATURELEVEL=3
[2017.05.13-10.51.25:635][131]LightingResults: New page: Lighting Build
[2017.05.13-10.51.25:637][131]LoadErrors: New page: Loading map: Level00.umap
[2017.05.13-10.51.25:637][131]MapCheck: New page: Map Check
[2017.05.13-10.51.25:637][131]LightingResults: New page: Lighting Build
[2017.05.13-10.51.25:645][131]LogLinker:Warning: Can't find file '/Game/2DSideScrollerBP/Blueprints/2DSideScrollerGameMode'
[2017.05.13-10.51.25:645][131]LogLinker:Warning: Can't find file for asset '/Game/2DSideScrollerBP/Blueprints/2DSideScrollerGameMode' while loading ../../../../../../Users/Jakeb/Documents/GitHub/comp3025/MyProject2/Content/DEMO/Levels/Level00.umap.
[2017.05.13-10.51.25:645][131]LoadErrors:Error: Error /Game/DEMO/Levels/Level00 : Can't find file for asset. /Game/2DSideScrollerBP/Blueprints/2DSideScrollerGameMode
[2017.05.13-10.51.25:647][131]LogLinker:Warning: Can't find file '/Game/2DSideScrollerBP/Blueprints/2DSideScrollerGameMode'
[2017.05.13-10.51.25:647][131]LogLinker:Warning: Can't find file for asset '/Game/2DSideScrollerBP/Blueprints/2DSideScrollerGameMode' while loading ../../../../../../Users/Jakeb/Documents/GitHub/comp3025/MyProject2/Content/DEMO/Levels/Level00.umap.
[2017.05.13-10.51.25:648][131]LogLinker:Warning: Can't find file '/Game/2DSideScrollerBP/Blueprints/2DSideScrollerGameMode'
[2017.05.13-10.51.25:648][131]LogLinker:Warning: Can't find file for asset '/Game/2DSideScrollerBP/Blueprints/2DSideScrollerGameMode' while loading NULL.
[2017.05.13-10.51.25:648][131]LogLinker:Warning: Can't find file '/Game/2DSideScrollerBP/Blueprints/2DSideScrollerGameMode'
[2017.05.13-10.51.25:648][131]LogLinker:Warning: Can't find file for asset '/Game/2DSideScrollerBP/Blueprints/2DSideScrollerGameMode' while loading NULL.
[2017.05.13-10.51.25:662][131]LogLinker:Warning: Can't find file '/Game/2DSideScrollerBP/Blueprints/2DSideScrollerGameMode'
[2017.05.13-10.51.25:662][131]LoadErrors: Info Failed to load /Game/2DSideScrollerBP/Blueprints/2DSideScrollerGameMode.2DSideScrollerGameMode_C Referenced by WorldSettings_1
[2017.05.13-10.51.25:662][131]LogLinker:Warning: Can't find file for asset '/Game/2DSideScrollerBP/Blueprints/2DSideScrollerGameMode' while loading NULL.
[2017.05.13-10.51.25:667][131]LogAIModule: Creating AISystem for world Level00
[2017.05.13-10.51.25:711][131]LogEditorServer: Finished looking for orphan Actors (0.000 secs)
[2017.05.13-10.51.25:747][131]Cmd: MAP CHECKDEP NOCLEARLOG
[2017.05.13-10.51.25:777][131]MapCheck: Info Map check complete: 0 Error(s), 0 Warning(s), took 29.435ms to complete.
[2017.05.13-10.51.25:777][131]LogFileHelpers: Loading map 'Level00' took 0.142
[2017.05.13-10.51.36:995][920]LogTemp: Repeting last play command: Selected Viewport
[2017.05.13-10.51.37:006][920]LogBlueprintUserMessages: Early PlayInEditor Detection: Level '/Game/DEMO/Levels/Level00.Level00:PersistentLevel' has LevelScriptBlueprint '/Game/DEMO/Levels/Level00.Level00:PersistentLevel.Level00' with GeneratedClass '/Game/DEMO/Levels/Level00.Level00_C' with ClassGeneratedBy '/Game/DEMO/Levels/Level00.Level00:PersistentLevel.Level00'
[2017.05.13-10.51.37:006][920]LogPlayLevel: PlayLevel: No blueprints needed recompiling
[2017.05.13-10.51.37:006][920]PIE: New page: PIE session: Level00 (May 14, 2017, 5:51:37 AM)
[2017.05.13-10.51.37:007][920]LogPlayLevel: Creating play world package: /Game/DEMO/Levels/UEDPIE_0_Level00
[2017.05.13-10.51.37:008][920]LogPlayLevel: PIE: StaticDuplicateObject took: (0.001167s)
[2017.05.13-10.51.37:008][920]LogAIModule: Creating AISystem for world Level00
[2017.05.13-10.51.37:008][920]LogPlayLevel: PIE: World Init took: (0.000429s)
[2017.05.13-10.51.37:008][920]LogPlayLevel: PIE: Created PIE world by copying editor world from /Game/DEMO/Levels/Level00.Level00 to /Game/DEMO/Levels/UEDPIE_0_Level00.Level00 (0.001713s)
[2017.05.13-10.51.37:023][920]LogInit: XAudio2 using 'Speakers (Realtek High Definition Audio)' : 2 channels at 48 kHz using 32 bits per sample (channel mask 0x3)
[2017.05.13-10.51.37:026][920]LogInit: FAudioDevice initialized.
[2017.05.13-10.51.37:065][920]LogLoad: Game class is 'GameMode'
[2017.05.13-10.51.37:067][920]LogWorld: Bringing World /Game/DEMO/Levels/UEDPIE_0_Level00.Level00 up for play (max tick rate 0) at 2017.05.13-20.21.37
[2017.05.13-10.51.37:068][920]LogWorld: Bringing up level for play took: 0.002226
[2017.05.13-10.51.37:068][920]LogGameMode: FindPlayerStart: PATHS NOT DEFINED or NO PLAYERSTART with positive rating
[2017.05.13-10.51.37:092][920]LogContentBrowser: Native class hierarchy updated for 'MovieSceneCapture' in 0.0003 seconds. Added 11 classes and 0 folders.
[2017.05.13-10.51.37:092][920]LogGameMode:Display: Match State Changed from EnteringMap to WaitingToStart
[2017.05.13-10.51.37:094][920]LogGameState: Match State Changed from EnteringMap to WaitingToStart
[2017.05.13-10.51.37:094][920]LogGameMode:Display: Match State Changed from WaitingToStart to InProgress
[2017.05.13-10.51.37:101][920]LogGameState: Match State Changed from WaitingToStart to InProgress
[2017.05.13-10.51.37:101][920]PIE: Info Play in editor start time for /Game/DEMO/Levels/UEDPIE_0_Level00 -0.601
[2017.05.13-10.51.37:101][920]LogBlueprintUserMessages: Late PlayInEditor Detection: Level '/Game/DEMO/Levels/Level00.Level00:PersistentLevel' has LevelScriptBlueprint '/Game/DEMO/Levels/Level00.Level00:PersistentLevel.Level00' with GeneratedClass '/Game/DEMO/Levels/Level00.Level00_C' with ClassGeneratedBy '/Game/DEMO/Levels/Level00.Level00:PersistentLevel.Level00'
[2017.05.13-10.51.39:339][185]LogBlueprintUserMessages: Early EndPlayMap Detection: Level '/Game/DEMO/Levels/Level00.Level00:PersistentLevel' has LevelScriptBlueprint '/Game/DEMO/Levels/Level00.Level00:PersistentLevel.Level00' with GeneratedClass '/Game/DEMO/Levels/Level00.Level00_C' with ClassGeneratedBy '/Game/DEMO/Levels/Level00.Level00:PersistentLevel.Level00'
[2017.05.13-10.51.39:400][185]LogBlueprintUserMessages: Late EndPlayMap Detection: Level '/Game/DEMO/Levels/Level00.Level00:PersistentLevel' has LevelScriptBlueprint '/Game/DEMO/Levels/Level00.Level00:PersistentLevel.Level00' with GeneratedClass '/Game/DEMO/Levels/Level00.Level00_C' with ClassGeneratedBy '/Game/DEMO/Levels/Level00.Level00:PersistentLevel.Level00'
[2017.05.13-10.51.43:209][391]Cmd: SELECT NONE
[2017.05.13-11.01.24:361][491]LogSlate: Took 0.000144 seconds to synchronously load lazily loaded font '../../../Engine/Content/Slate/Fonts/Roboto-Light.ttf' (159K)
[2017.05.13-11.01.37:143][529]LogSavePackage: Save=64.66ms
[2017.05.13-11.01.37:144][529]LogSavePackage: Moving '../../../../../../Users/Jakeb/Documents/GitHub/comp3025/MyProject2/Saved/Level00_Auto1B7BF4042438A05B2410886AA068232DE.tmp' to '../../../../../../Users/Jakeb/Documents/GitHub/comp3025/MyProject2/Saved/Autosaves/Game/DEMO/Levels/Level00_Auto1.umap'
[2017.05.13-11.01.37:145][529]LogSavePackage:Display: Finished SavePackage ../../../../../../Users/Jakeb/Documents/GitHub/comp3025/MyProject2/Saved/Autosaves/Game/DEMO/Levels/Level00_Auto1.umap
[2017.05.13-11.01.37:148][529]LogFileHelpers: Editor autosave (incl. sublevels) for '/Game/DEMO/Levels/Level00' took 0.100
[2017.05.13-11.01.37:148][529]LogFileHelpers: Editor autosave (incl. sublevels) for all levels took 0.100
[2017.05.13-11.02.40:049][955]LogTemp: Repeting last play command: Selected Viewport
[2017.05.13-11.02.40:061][955]LogBlueprintUserMessages: Early PlayInEditor Detection: Level '/Game/DEMO/Levels/Level00.Level00:PersistentLevel' has LevelScriptBlueprint '/Game/DEMO/Levels/Level00.Level00:PersistentLevel.Level00' with GeneratedClass '/Game/DEMO/Levels/Level00.Level00_C' with ClassGeneratedBy '/Game/DEMO/Levels/Level00.Level00:PersistentLevel.Level00'
[2017.05.13-11.02.40:061][955]LogPlayLevel: PlayLevel: No blueprints needed recompiling
[2017.05.13-11.02.40:061][955]PIE: New page: PIE session: Level00 (May 14, 2017, 6:02:40 AM)
[2017.05.13-11.02.40:062][955]LogPlayLevel: Creating play world package: /Game/DEMO/Levels/UEDPIE_0_Level00
[2017.05.13-11.02.40:063][955]LogPlayLevel: PIE: StaticDuplicateObject took: (0.001414s)
[2017.05.13-11.02.40:064][955]LogAIModule: Creating AISystem for world Level00
[2017.05.13-11.02.40:064][955]LogPlayLevel: PIE: World Init took: (0.000579s)
[2017.05.13-11.02.40:064][955]LogPlayLevel: PIE: Created PIE world by copying editor world from /Game/DEMO/Levels/Level00.Level00 to /Game/DEMO/Levels/UEDPIE_0_Level00.Level00 (0.002138s)
[2017.05.13-11.02.40:081][955]LogInit: XAudio2 using 'Speakers (Realtek High Definition Audio)' : 2 channels at 48 kHz using 32 bits per sample (channel mask 0x3)
[2017.05.13-11.02.40:084][955]LogInit: FAudioDevice initialized.
[2017.05.13-11.02.40:110][955]LogLoad: Game class is 'GameMode'
[2017.05.13-11.02.40:112][955]LogWorld: Bringing World /Game/DEMO/Levels/UEDPIE_0_Level00.Level00 up for play (max tick rate 0) at 2017.05.13-20.32.40
[2017.05.13-11.02.40:113][955]LogWorld: Bringing up level for play took: 0.002285
[2017.05.13-11.02.40:114][955]LogGameMode: FindPlayerStart: PATHS NOT DEFINED or NO PLAYERSTART with positive rating
[2017.05.13-11.02.40:114][955]LogGameMode:Display: Match State Changed from EnteringMap to WaitingToStart
[2017.05.13-11.02.40:114][955]LogGameState: Match State Changed from EnteringMap to WaitingToStart
[2017.05.13-11.02.40:114][955]LogGameMode:Display: Match State Changed from WaitingToStart to InProgress
[2017.05.13-11.02.40:121][955]LogGameState: Match State Changed from WaitingToStart to InProgress
[2017.05.13-11.02.40:121][955]PIE: Info Play in editor start time for /Game/DEMO/Levels/UEDPIE_0_Level00 0.42
[2017.05.13-11.02.40:121][955]LogBlueprintUserMessages: Late PlayInEditor Detection: Level '/Game/DEMO/Levels/Level00.Level00:PersistentLevel' has LevelScriptBlueprint '/Game/DEMO/Levels/Level00.Level00:PersistentLevel.Level00' with GeneratedClass '/Game/DEMO/Levels/Level00.Level00_C' with ClassGeneratedBy '/Game/DEMO/Levels/Level00.Level00:PersistentLevel.Level00'
[2017.05.13-11.02.41:431][111]LogBlueprintUserMessages: Early EndPlayMap Detection: Level '/Game/DEMO/Levels/Level00.Level00:PersistentLevel' has LevelScriptBlueprint '/Game/DEMO/Levels/Level00.Level00:PersistentLevel.Level00' with GeneratedClass '/Game/DEMO/Levels/Level00.Level00_C' with ClassGeneratedBy '/Game/DEMO/Levels/Level00.Level00:PersistentLevel.Level00'
[2017.05.13-11.02.41:458][111]LogBlueprintUserMessages: Late EndPlayMap Detection: Level '/Game/DEMO/Levels/Level00.Level00:PersistentLevel' has LevelScriptBlueprint '/Game/DEMO/Levels/Level00.Level00:PersistentLevel.Level00' with GeneratedClass '/Game/DEMO/Levels/Level00.Level00_C' with ClassGeneratedBy '/Game/DEMO/Levels/Level00.Level00:PersistentLevel.Level00'
[2017.05.13-11.02.43:699][378]LogTemp: Repeting last play command: Selected Viewport
[2017.05.13-11.02.43:711][378]LogBlueprintUserMessages: Early PlayInEditor Detection: Level '/Game/DEMO/Levels/Level00.Level00:PersistentLevel' has LevelScriptBlueprint '/Game/DEMO/Levels/Level00.Level00:PersistentLevel.Level00' with GeneratedClass '/Game/DEMO/Levels/Level00.Level00_C' with ClassGeneratedBy '/Game/DEMO/Levels/Level00.Level00:PersistentLevel.Level00'
[2017.05.13-11.02.43:711][378]LogPlayLevel: PlayLevel: No blueprints needed recompiling
[2017.05.13-11.02.43:711][378]PIE: New page: PIE session: Level00 (May 14, 2017, 6:02:43 AM)
[2017.05.13-11.02.43:712][378]LogPlayLevel: Creating play world package: /Game/DEMO/Levels/UEDPIE_0_Level00
[2017.05.13-11.02.43:713][378]LogPlayLevel: PIE: StaticDuplicateObject took: (0.001348s)
[2017.05.13-11.02.43:713][378]LogAIModule: Creating AISystem for world Level00
[2017.05.13-11.02.43:713][378]LogPlayLevel: PIE: World Init took: (0.000372s)
[2017.05.13-11.02.43:713][378]LogPlayLevel: PIE: Created PIE world by copying editor world from /Game/DEMO/Levels/Level00.Level00 to /Game/DEMO/Levels/UEDPIE_0_Level00.Level00 (0.001841s)
[2017.05.13-11.02.43:732][378]LogInit: XAudio2 using 'Speakers (Realtek High Definition Audio)' : 2 channels at 48 kHz using 32 bits per sample (channel mask 0x3)
[2017.05.13-11.02.43:736][378]LogInit: FAudioDevice initialized.
[2017.05.13-11.02.43:764][378]LogLoad: Game class is 'GameMode'
[2017.05.13-11.02.43:766][378]LogWorld: Bringing World /Game/DEMO/Levels/UEDPIE_0_Level00.Level00 up for play (max tick rate 0) at 2017.05.13-20.32.43
[2017.05.13-11.02.43:767][378]LogWorld: Bringing up level for play took: 0.002393
[2017.05.13-11.02.43:768][378]LogGameMode: FindPlayerStart: PATHS NOT DEFINED or NO PLAYERSTART with positive rating
[2017.05.13-11.02.43:768][378]LogGameMode:Display: Match State Changed from EnteringMap to WaitingToStart
[2017.05.13-11.02.43:768][378]LogGameState: Match State Changed from EnteringMap to WaitingToStart
[2017.05.13-11.02.43:768][378]LogGameMode:Display: Match State Changed from WaitingToStart to InProgress
[2017.05.13-11.02.43:774][378]LogGameState: Match State Changed from WaitingToStart to InProgress
[2017.05.13-11.02.43:774][378]PIE: Info Play in editor start time for /Game/DEMO/Levels/UEDPIE_0_Level00 0.073
[2017.05.13-11.02.43:775][378]LogBlueprintUserMessages: Late PlayInEditor Detection: Level '/Game/DEMO/Levels/Level00.Level00:PersistentLevel' has LevelScriptBlueprint '/Game/DEMO/Levels/Level00.Level00:PersistentLevel.Level00' with GeneratedClass '/Game/DEMO/Levels/Level00.Level00_C' with ClassGeneratedBy '/Game/DEMO/Levels/Level00.Level00:PersistentLevel.Level00'
[2017.05.13-11.02.44:741][493]LogBlueprintUserMessages: Early EndPlayMap Detection: Level '/Game/DEMO/Levels/Level00.Level00:PersistentLevel' has LevelScriptBlueprint '/Game/DEMO/Levels/Level00.Level00:PersistentLevel.Level00' with GeneratedClass '/Game/DEMO/Levels/Level00.Level00_C' with ClassGeneratedBy '/Game/DEMO/Levels/Level00.Level00:PersistentLevel.Level00'
[2017.05.13-11.02.44:773][493]LogBlueprintUserMessages: Late EndPlayMap Detection: Level '/Game/DEMO/Levels/Level00.Level00:PersistentLevel' has LevelScriptBlueprint '/Game/DEMO/Levels/Level00.Level00:PersistentLevel.Level00' with GeneratedClass '/Game/DEMO/Levels/Level00.Level00_C' with ClassGeneratedBy '/Game/DEMO/Levels/Level00.Level00:PersistentLevel.Level00'
[2017.05.13-11.02.46:917][583]LogSavePackage: Save=67.39ms
[2017.05.13-11.02.46:917][583]LogSavePackage: Moving '../../../../../../Users/Jakeb/Documents/GitHub/comp3025/MyProject2/Saved/Level00E312207E439B002E81A05DBA5EB242E6.tmp' to '../../../../../../Users/Jakeb/Documents/GitHub/comp3025/MyProject2/Content/DEMO/Levels/Level00.umap'
[2017.05.13-11.02.46:921][583]LogSavePackage:Display: Finished SavePackage ../../../../../../Users/Jakeb/Documents/GitHub/comp3025/MyProject2/Content/DEMO/Levels/Level00.umap
[2017.05.13-11.02.46:945][583]LogFileHelpers: Saving map 'Level00' took 0.150
[2017.05.13-11.02.46:947][583]Cmd: MAP LOAD FILE="../../../../../../Users/Jakeb/Documents/GitHub/comp3025/MyProject2/Content/DEMO/Levels/Level00.umap" TEMPLATE=0 SHOWPROGRESS=1 FEATURELEVEL=3
[2017.05.13-11.02.46:947][583]LightingResults: New page: Lighting Build
[2017.05.13-11.02.46:948][583]LoadErrors: New page: Loading map: Level00.umap
[2017.05.13-11.02.46:948][583]MapCheck: New page: Map Check
[2017.05.13-11.02.46:948][583]LightingResults: New page: Lighting Build
[2017.05.13-11.02.46:982][583]LogAIModule: Creating AISystem for world Level00
[2017.05.13-11.02.47:073][583]LogEditorServer: Finished looking for orphan Actors (0.000 secs)
[2017.05.13-11.02.47:075][583]LogSlate: Took 0.000112 seconds to synchronously load lazily loaded font '../../../Engine/Content/Slate/Fonts/Roboto-Regular.ttf' (155K)
[2017.05.13-11.02.47:105][583]Cmd: MAP CHECKDEP NOCLEARLOG
[2017.05.13-11.02.47:137][583]MapCheck: Info Map check complete: 0 Error(s), 0 Warning(s), took 31.771ms to complete.
[2017.05.13-11.02.47:137][583]LogFileHelpers: Loading map 'Level00' took 0.191
[2017.05.13-11.02.55:458][500]LogSlate: Only BGRA pngs, bmps or icos are supported in by External Image Picker
[2017.05.13-11.02.55:502][501]LogTemp:Display: Executing iPhonePackager certificates Engine -bundlename com.YourCompany.MyProject2

[2017.05.13-11.02.55:502][501]LogTemp:Display: CWD: C:\Program Files\Epic Games\UE_4.15\Engine\Binaries\DotNET\IOS

[2017.05.13-11.02.55:502][501]LogTemp:Display: Initial Dir: C:\Program Files\Epic Games\UE_4.15

[2017.05.13-11.02.55:502][501]LogTemp:Display: Env CWD: C:\Program Files\Epic Games\UE_4.15\Engine\Binaries\DotNET\IOS

[2017.05.13-11.02.55:514][502]LogTemp:Display: BranchPath = DESKTOP-QABGFEJ/C/Program Files/Epic Games/UE_4.15/Engine/Binaries --- GameBranchPath = DESKTOP-QABGFEJ/C/Program Files/Epic Games/UE_4.15/Engine/Binaries

[2017.05.13-11.02.55:521][502]LogTemp:Display: IPP ERROR: Application exception: System.IO.DirectoryNotFoundException: Could not find a part of the path 'C:\Users\Jakeb\AppData\Local\Apple Computer\MobileDevice\Provisioning Profiles'.

[2017.05.13-11.02.55:521][502]LogTemp:Display:    at System.IO.__Error.WinIOError(Int32 errorCode, String maybeFullPath)

[2017.05.13-11.02.55:521][502]LogTemp:Display:    at System.IO.FileSystemEnumerableIterator`1.CommonInit()

[2017.05.13-11.02.55:521][502]LogTemp:Display:    at System.IO.Directory.EnumerateFiles(String path, String searchPattern)

[2017.05.13-11.02.55:521][502]LogTemp:Display:    at iPhonePackager.CodeSignatureBuilder.FindProvisions(String CFBundleIdentifier)

[2017.05.13-11.02.55:521][502]LogTemp:Display:    at iPhonePackager.Program.Main(String[] args)

[2017.05.13-11.03.05:922][700]LogLinker:Warning: Can't find file '/Game/2DSideScrollerBP/Blueprints/2DSideScrollerGameMode'
[2017.05.13-11.03.05:923][700]LogLinker:Warning: Can't find file '/Game/2DSideScrollerBP/Blueprints/2DSideScrollerGameMode'
[2017.05.13-11.03.05:923][700]LogUObjectGlobals:Warning: Failed to find object 'Class /Game/2DSideScrollerBP/Blueprints/2DSideScrollerGameMode.2DSideScrollerGameMode_C'
[2017.05.13-11.03.07:183][839]LogSlate:Warning: Prevented a slow task dialog from being summoned while a context menu was open
[2017.05.13-11.03.10:905][271]LogTemp: Repeting last play command: Selected Viewport
[2017.05.13-11.03.10:916][271]LogBlueprintUserMessages: Early PlayInEditor Detection: Level '/Game/DEMO/Levels/Level00.Level00:PersistentLevel' has LevelScriptBlueprint '/Game/DEMO/Levels/Level00.Level00:PersistentLevel.Level00' with GeneratedClass '/Game/DEMO/Levels/Level00.Level00_C' with ClassGeneratedBy '/Game/DEMO/Levels/Level00.Level00:PersistentLevel.Level00'
[2017.05.13-11.03.10:916][271]LogPlayLevel: PlayLevel: No blueprints needed recompiling
[2017.05.13-11.03.10:916][271]PIE: New page: PIE session: Level00 (May 14, 2017, 6:03:10 AM)
[2017.05.13-11.03.10:917][271]LogPlayLevel: Creating play world package: /Game/DEMO/Levels/UEDPIE_0_Level00
[2017.05.13-11.03.10:918][271]LogPlayLevel: PIE: StaticDuplicateObject took: (0.001517s)
[2017.05.13-11.03.10:919][271]LogAIModule: Creating AISystem for world Level00
[2017.05.13-11.03.10:919][271]LogPlayLevel: PIE: World Init took: (0.000408s)
[2017.05.13-11.03.10:919][271]LogPlayLevel: PIE: Created PIE world by copying editor world from /Game/DEMO/Levels/Level00.Level00 to /Game/DEMO/Levels/UEDPIE_0_Level00.Level00 (0.002038s)
[2017.05.13-11.03.10:939][271]LogInit: XAudio2 using 'Speakers (Realtek High Definition Audio)' : 2 channels at 48 kHz using 32 bits per sample (channel mask 0x3)
[2017.05.13-11.03.10:942][271]LogInit: FAudioDevice initialized.
[2017.05.13-11.03.10:969][271]LogLoad: Game class is 'GameMode'
[2017.05.13-11.03.10:971][271]LogWorld: Bringing World /Game/DEMO/Levels/UEDPIE_0_Level00.Level00 up for play (max tick rate 0) at 2017.05.13-20.33.10
[2017.05.13-11.03.10:972][271]LogWorld: Bringing up level for play took: 0.002242
[2017.05.13-11.03.10:973][271]LogGameMode: FindPlayerStart: PATHS NOT DEFINED or NO PLAYERSTART with positive rating
[2017.05.13-11.03.10:973][271]LogGameMode:Display: Match State Changed from EnteringMap to WaitingToStart
[2017.05.13-11.03.10:973][271]LogGameState: Match State Changed from EnteringMap to WaitingToStart
[2017.05.13-11.03.10:973][271]LogGameMode:Display: Match State Changed from WaitingToStart to InProgress
[2017.05.13-11.03.10:980][271]LogGameState: Match State Changed from WaitingToStart to InProgress
[2017.05.13-11.03.10:980][271]PIE: Info Play in editor start time for /Game/DEMO/Levels/UEDPIE_0_Level00 -0.721
[2017.05.13-11.03.10:980][271]LogBlueprintUserMessages: Late PlayInEditor Detection: Level '/Game/DEMO/Levels/Level00.Level00:PersistentLevel' has LevelScriptBlueprint '/Game/DEMO/Levels/Level00.Level00:PersistentLevel.Level00' with GeneratedClass '/Game/DEMO/Levels/Level00.Level00_C' with ClassGeneratedBy '/Game/DEMO/Levels/Level00.Level00:PersistentLevel.Level00'
[2017.05.13-11.03.11:797][368]LogBlueprintUserMessages: Early EndPlayMap Detection: Level '/Game/DEMO/Levels/Level00.Level00:PersistentLevel' has LevelScriptBlueprint '/Game/DEMO/Levels/Level00.Level00:PersistentLevel.Level00' with GeneratedClass '/Game/DEMO/Levels/Level00.Level00_C' with ClassGeneratedBy '/Game/DEMO/Levels/Level00.Level00:PersistentLevel.Level00'
[2017.05.13-11.03.11:828][368]LogBlueprintUserMessages: Late EndPlayMap Detection: Level '/Game/DEMO/Levels/Level00.Level00:PersistentLevel' has LevelScriptBlueprint '/Game/DEMO/Levels/Level00.Level00:PersistentLevel.Level00' with GeneratedClass '/Game/DEMO/Levels/Level00.Level00_C' with ClassGeneratedBy '/Game/DEMO/Levels/Level00.Level00:PersistentLevel.Level00'
[2017.05.13-11.03.22:177][558]LogSlate: Only BGRA pngs, bmps or icos are supported in by External Image Picker
[2017.05.13-11.03.22:232][558]LogTemp:Display: Executing iPhonePackager certificates Engine -bundlename com.YourCompany.MyProject2

[2017.05.13-11.03.22:232][558]LogTemp:Display: CWD: C:\Program Files\Epic Games\UE_4.15\Engine\Binaries\DotNET\IOS

[2017.05.13-11.03.22:232][558]LogTemp:Display: Initial Dir: C:\Program Files\Epic Games\UE_4.15

[2017.05.13-11.03.22:232][558]LogTemp:Display: Env CWD: C:\Program Files\Epic Games\UE_4.15\Engine\Binaries\DotNET\IOS

[2017.05.13-11.03.22:232][558]LogTemp:Display: BranchPath = DESKTOP-QABGFEJ/C/Program Files/Epic Games/UE_4.15/Engine/Binaries --- GameBranchPath = DESKTOP-QABGFEJ/C/Program Files/Epic Games/UE_4.15/Engine/Binaries

[2017.05.13-11.03.22:235][558]LogTemp:Display: IPP ERROR: Application exception: System.IO.DirectoryNotFoundException: Could not find a part of the path 'C:\Users\Jakeb\AppData\Local\Apple Computer\MobileDevice\Provisioning Profiles'.

[2017.05.13-11.03.22:235][558]LogTemp:Display:    at System.IO.__Error.WinIOError(Int32 errorCode, String maybeFullPath)

[2017.05.13-11.03.22:235][558]LogTemp:Display:    at System.IO.FileSystemEnumerableIterator`1.CommonInit()

[2017.05.13-11.03.22:235][558]LogTemp:Display:    at System.IO.Directory.EnumerateFiles(String path, String searchPattern)

[2017.05.13-11.03.22:235][558]LogTemp:Display:    at iPhonePackager.CodeSignatureBuilder.FindProvisions(String CFBundleIdentifier)

[2017.05.13-11.03.22:235][558]LogTemp:Display:    at iPhonePackager.Program.Main(String[] args)

[2017.05.13-11.03.31:582][644]LogSavePackage: Save=62.40ms
[2017.05.13-11.03.31:582][644]LogSavePackage: Moving '../../../../../../Users/Jakeb/Documents/GitHub/comp3025/MyProject2/Saved/Level00EDB259784627A193AA0FE49EAFCEC72B.tmp' to '../../../../../../Users/Jakeb/Documents/GitHub/comp3025/MyProject2/Content/DEMO/Levels/Level00.umap'
[2017.05.13-11.03.31:583][644]LogSavePackage:Display: Finished SavePackage ../../../../../../Users/Jakeb/Documents/GitHub/comp3025/MyProject2/Content/DEMO/Levels/Level00.umap
[2017.05.13-11.03.31:610][644]Cmd: OBJ SAVEPACKAGE PACKAGE="/Game/DEMO/Levels/Level00_BuiltData" FILE="../../../../../../Users/Jakeb/Documents/GitHub/comp3025/MyProject2/Content/DEMO/Levels/Level00_BuiltData.uasset" SILENT=true
[2017.05.13-11.03.31:638][644]LogSavePackage: Save=9.70ms
[2017.05.13-11.03.31:638][644]LogSavePackage: Moving '../../../../../../Users/Jakeb/Documents/GitHub/comp3025/MyProject2/Saved/Level00_BuiltData15A5F1F241BCC8021CC834BBABA9DA74.tmp' to '../../../../../../Users/Jakeb/Documents/GitHub/comp3025/MyProject2/Content/DEMO/Levels/Level00_BuiltData.uasset'
[2017.05.13-11.03.31:639][644]LogSavePackage:Display: Finished SavePackage ../../../../../../Users/Jakeb/Documents/GitHub/comp3025/MyProject2/Content/DEMO/Levels/Level00_BuiltData.uasset
[2017.05.13-11.03.32:547][752]LogTemp: Repeting last play command: Selected Viewport
[2017.05.13-11.03.32:559][752]LogBlueprintUserMessages: Early PlayInEditor Detection: Level '/Game/DEMO/Levels/Level00.Level00:PersistentLevel' has LevelScriptBlueprint '/Game/DEMO/Levels/Level00.Level00:PersistentLevel.Level00' with GeneratedClass '/Game/DEMO/Levels/Level00.Level00_C' with ClassGeneratedBy '/Game/DEMO/Levels/Level00.Level00:PersistentLevel.Level00'
[2017.05.13-11.03.32:559][752]LogPlayLevel: PlayLevel: No blueprints needed recompiling
[2017.05.13-11.03.32:559][752]PIE: New page: PIE session: Level00 (May 14, 2017, 6:03:32 AM)
[2017.05.13-11.03.32:559][752]LogPlayLevel: Creating play world package: /Game/DEMO/Levels/UEDPIE_0_Level00
[2017.05.13-11.03.32:561][752]LogPlayLevel: PIE: StaticDuplicateObject took: (0.001409s)
[2017.05.13-11.03.32:561][752]LogAIModule: Creating AISystem for world Level00
[2017.05.13-11.03.32:561][752]LogPlayLevel: PIE: World Init took: (0.000404s)
[2017.05.13-11.03.32:561][752]LogPlayLevel: PIE: Created PIE world by copying editor world from /Game/DEMO/Levels/Level00.Level00 to /Game/DEMO/Levels/UEDPIE_0_Level00.Level00 (0.001964s)
[2017.05.13-11.03.32:577][752]LogInit: XAudio2 using 'Speakers (Realtek High Definition Audio)' : 2 channels at 48 kHz using 32 bits per sample (channel mask 0x3)
[2017.05.13-11.03.32:580][752]LogInit: FAudioDevice initialized.
[2017.05.13-11.03.32:609][752]LogLoad: Game class is 'GameMode'
[2017.05.13-11.03.32:610][752]LogWorld: Bringing World /Game/DEMO/Levels/UEDPIE_0_Level00.Level00 up for play (max tick rate 0) at 2017.05.13-20.33.32
[2017.05.13-11.03.32:611][752]LogWorld: Bringing up level for play took: 0.002035
[2017.05.13-11.03.32:612][752]LogGameMode: FindPlayerStart: PATHS NOT DEFINED or NO PLAYERSTART with positive rating
[2017.05.13-11.03.32:612][752]LogGameMode:Display: Match State Changed from EnteringMap to WaitingToStart
[2017.05.13-11.03.32:612][752]LogGameState: Match State Changed from EnteringMap to WaitingToStart
[2017.05.13-11.03.32:612][752]LogGameMode:Display: Match State Changed from WaitingToStart to InProgress
[2017.05.13-11.03.32:619][752]LogGameState: Match State Changed from WaitingToStart to InProgress
[2017.05.13-11.03.32:619][752]PIE: Info Play in editor start time for /Game/DEMO/Levels/UEDPIE_0_Level00 0.918
[2017.05.13-11.03.32:619][752]LogBlueprintUserMessages: Late PlayInEditor Detection: Level '/Game/DEMO/Levels/Level00.Level00:PersistentLevel' has LevelScriptBlueprint '/Game/DEMO/Levels/Level00.Level00:PersistentLevel.Level00' with GeneratedClass '/Game/DEMO/Levels/Level00.Level00_C' with ClassGeneratedBy '/Game/DEMO/Levels/Level00.Level00:PersistentLevel.Level00'
[2017.05.13-11.03.33:965][912]LogBlueprintUserMessages: Early EndPlayMap Detection: Level '/Game/DEMO/Levels/Level00.Level00:PersistentLevel' has LevelScriptBlueprint '/Game/DEMO/Levels/Level00.Level00:PersistentLevel.Level00' with GeneratedClass '/Game/DEMO/Levels/Level00.Level00_C' with ClassGeneratedBy '/Game/DEMO/Levels/Level00.Level00:PersistentLevel.Level00'
[2017.05.13-11.03.33:992][912]LogBlueprintUserMessages: Late EndPlayMap Detection: Level '/Game/DEMO/Levels/Level00.Level00:PersistentLevel' has LevelScriptBlueprint '/Game/DEMO/Levels/Level00.Level00:PersistentLevel.Level00' with GeneratedClass '/Game/DEMO/Levels/Level00.Level00_C' with ClassGeneratedBy '/Game/DEMO/Levels/Level00.Level00:PersistentLevel.Level00'
[2017.05.13-11.03.34:853][ 11]LogSlate:Warning: Prevented a slow task dialog from being summoned while a context menu was open
[2017.05.13-11.03.39:774][593]LogTemp: Repeting last play command: Selected Viewport
[2017.05.13-11.03.39:786][593]LogBlueprintUserMessages: Early PlayInEditor Detection: Level '/Game/DEMO/Levels/Level00.Level00:PersistentLevel' has LevelScriptBlueprint '/Game/DEMO/Levels/Level00.Level00:PersistentLevel.Level00' with GeneratedClass '/Game/DEMO/Levels/Level00.Level00_C' with ClassGeneratedBy '/Game/DEMO/Levels/Level00.Level00:PersistentLevel.Level00'
[2017.05.13-11.03.39:786][593]LogPlayLevel: PlayLevel: No blueprints needed recompiling
[2017.05.13-11.03.39:786][593]PIE: New page: PIE session: Level00 (May 14, 2017, 6:03:39 AM)
[2017.05.13-11.03.39:786][593]LogPlayLevel: Creating play world package: /Game/DEMO/Levels/UEDPIE_0_Level00
[2017.05.13-11.03.39:788][593]LogPlayLevel: PIE: StaticDuplicateObject took: (0.001333s)
[2017.05.13-11.03.39:788][593]LogAIModule: Creating AISystem for world Level00
[2017.05.13-11.03.39:788][593]LogPlayLevel: PIE: World Init took: (0.000377s)
[2017.05.13-11.03.39:788][593]LogPlayLevel: PIE: Created PIE world by copying editor world from /Game/DEMO/Levels/Level00.Level00 to /Game/DEMO/Levels/UEDPIE_0_Level00.Level00 (0.001863s)
[2017.05.13-11.03.39:806][593]LogInit: XAudio2 using 'Speakers (Realtek High Definition Audio)' : 2 channels at 48 kHz using 32 bits per sample (channel mask 0x3)
[2017.05.13-11.03.39:809][593]LogInit: FAudioDevice initialized.
[2017.05.13-11.03.39:839][593]LogLoad: Game class is 'GameMode'
[2017.05.13-11.03.39:841][593]LogWorld: Bringing World /Game/DEMO/Levels/UEDPIE_0_Level00.Level00 up for play (max tick rate 0) at 2017.05.13-20.33.39
[2017.05.13-11.03.39:842][593]LogWorld: Bringing up level for play took: 0.002084
[2017.05.13-11.03.39:843][593]LogGameMode: FindPlayerStart: PATHS NOT DEFINED or NO PLAYERSTART with positive rating
[2017.05.13-11.03.39:843][593]LogGameMode:Display: Match State Changed from EnteringMap to WaitingToStart
[2017.05.13-11.03.39:843][593]LogGameState: Match State Changed from EnteringMap to WaitingToStart
[2017.05.13-11.03.39:843][593]LogGameMode:Display: Match State Changed from WaitingToStart to InProgress
[2017.05.13-11.03.39:850][593]LogGameState: Match State Changed from WaitingToStart to InProgress
[2017.05.13-11.03.39:850][593]PIE: Info Play in editor start time for /Game/DEMO/Levels/UEDPIE_0_Level00 0.149
[2017.05.13-11.03.39:850][593]LogBlueprintUserMessages: Late PlayInEditor Detection: Level '/Game/DEMO/Levels/Level00.Level00:PersistentLevel' has LevelScriptBlueprint '/Game/DEMO/Levels/Level00.Level00:PersistentLevel.Level00' with GeneratedClass '/Game/DEMO/Levels/Level00.Level00_C' with ClassGeneratedBy '/Game/DEMO/Levels/Level00.Level00:PersistentLevel.Level00'
[2017.05.13-11.03.40:815][696]LogSavePackage: Save=63.00ms
[2017.05.13-11.03.40:815][696]LogSavePackage: Moving '../../../../../../Users/Jakeb/Documents/GitHub/comp3025/MyProject2/Saved/Level0023784B8E49742E0F3F93A2A7877FCC88.tmp' to '../../../../../../Users/Jakeb/Documents/GitHub/comp3025/MyProject2/Content/DEMO/Levels/Level00.umap'
[2017.05.13-11.03.40:816][696]LogSavePackage:Display: Finished SavePackage ../../../../../../Users/Jakeb/Documents/GitHub/comp3025/MyProject2/Content/DEMO/Levels/Level00.umap
[2017.05.13-11.03.40:843][696]Cmd: OBJ SAVEPACKAGE PACKAGE="/Game/DEMO/Levels/Level00_BuiltData" FILE="../../../../../../Users/Jakeb/Documents/GitHub/comp3025/MyProject2/Content/DEMO/Levels/Level00_BuiltData.uasset" SILENT=true
[2017.05.13-11.03.40:865][696]LogSavePackage: Save=6.24ms
[2017.05.13-11.03.40:865][696]LogSavePackage: Moving '../../../../../../Users/Jakeb/Documents/GitHub/comp3025/MyProject2/Saved/Level00_BuiltDataDB8562F145E1AFD4FCA8928C460531F5.tmp' to '../../../../../../Users/Jakeb/Documents/GitHub/comp3025/MyProject2/Content/DEMO/Levels/Level00_BuiltData.uasset'
[2017.05.13-11.03.40:866][696]LogSavePackage:Display: Finished SavePackage ../../../../../../Users/Jakeb/Documents/GitHub/comp3025/MyProject2/Content/DEMO/Levels/Level00_BuiltData.uasset
[2017.05.13-11.03.41:217][737]LogBlueprintUserMessages: Early EndPlayMap Detection: Level '/Game/DEMO/Levels/Level00.Level00:PersistentLevel' has LevelScriptBlueprint '/Game/DEMO/Levels/Level00.Level00:PersistentLevel.Level00' with GeneratedClass '/Game/DEMO/Levels/Level00.Level00_C' with ClassGeneratedBy '/Game/DEMO/Levels/Level00.Level00:PersistentLevel.Level00'
[2017.05.13-11.03.41:288][737]LogStats: FPlatformStackWalk::StackWalkAndDump -  0.066 s
[2017.05.13-11.03.41:288][737]LogOutputDevice:Error: === Handled ensure: ===
[2017.05.13-11.03.41:288][737]LogOutputDevice:Error: 
[2017.05.13-11.03.41:288][737]LogOutputDevice:Error: Ensure condition failed: NewObject->IsA(this->GeneratedClass) [File:D:\Build\++UE4+Release-4.15+Compile\Sync\Engine\Source\Runtime\Engine\Private\Blueprint.cpp] [Line: 755]
[2017.05.13-11.03.41:288][737]LogOutputDevice:Error: Type mismatch: Expected Level00_C, Found REINST_Level00_C_87
[2017.05.13-11.03.41:288][737]LogOutputDevice:Error: Stack: 
[2017.05.13-11.03.41:288][737]LogOutputDevice:Error: UE4Editor-Core.dll!0x00000000B1AB95D6
[2017.05.13-11.03.41:288][737]LogOutputDevice:Error: UE4Editor-Core.dll!0x00000000B1869B72
[2017.05.13-11.03.41:288][737]LogOutputDevice:Error: UE4Editor-Core.dll!0x00000000B187B656
[2017.05.13-11.03.41:288][737]LogOutputDevice:Error: UE4Editor-Engine.dll!0x00000000A76CF191
[2017.05.13-11.03.41:288][737]LogOutputDevice:Error: UE4Editor-Engine.dll!0x00000000A84A83C1
[2017.05.13-11.03.41:288][737]LogOutputDevice:Error: UE4Editor-UnrealEd.dll!0x00000000A590271D
[2017.05.13-11.03.41:288][737]LogOutputDevice:Error: UE4Editor-UnrealEd.dll!0x00000000A58BE31E
[2017.05.13-11.03.41:288][737]LogOutputDevice:Error: UE4Editor-UnrealEd.dll!0x00000000A53E7A9F
[2017.05.13-11.03.41:288][737]LogOutputDevice:Error: UE4Editor-UnrealEd.dll!0x00000000A5BF1AD6
[2017.05.13-11.03.41:288][737]LogOutputDevice:Error: UE4Editor.exe!0x00000000A552DEE3
[2017.05.13-11.03.41:288][737]LogOutputDevice:Error: UE4Editor.exe!0x00000000A551EB40
[2017.05.13-11.03.41:288][737]LogOutputDevice:Error: UE4Editor.exe!0x00000000A551EBBA
[2017.05.13-11.03.41:288][737]LogOutputDevice:Error: UE4Editor.exe!0x00000000A5530A29
[2017.05.13-11.03.41:288][737]LogOutputDevice:Error: UE4Editor.exe!0x00000000A55322B6
[2017.05.13-11.03.41:288][737]LogOutputDevice:Error: KERNEL32.DLL!0x00000000DACC8364
[2017.05.13-11.03.41:288][737]LogOutputDevice:Error: ntdll.dll!0x00000000DD6370D1
[2017.05.13-11.03.41:288][737]LogOutputDevice:Error: 
[2017.05.13-11.03.41:295][737]LogStats:                SubmitErrorReport -  0.000 s
